C51 COMPILER V9.60.0.0   MAIN                                                              08/09/2021 12:13:51 PAGE 1   


C51 COMPILER V9.60.0.0, COMPILATION OF MODULE MAIN
OBJECT MODULE PLACED IN .\build\Target 1\main.o
COMPILER INVOKED BY: C:\Software\Keil_v5\C51\BIN\C51.exe .\MAIN.C PRINT(.\build\Target 1\main.lst) OMF2 TABS(4) CODE NOC
                    -OND SYMBOLS OPTIMIZE(8,SPEED) SMALL ROM(LARGE) INCDIR(C:\Software\Keil_v5\C51\INC\STC;c:\Software\Keil_v5\C51\INC\Atmel;
                    -C:\Software\Keil_v5\C51\INC) DEFINE(__UVISION_VERSION=526) OBJECT(.\build\Target 1\main.o)

line level    source

   1          #include <STC89C5xRC.H>
   2          #include <INTRINS.H>
   3          sbit LED = P2 ^ 0;
   4          
   5          void Delay(unsigned int t)
   6          {
   7   1          while (t--)
   8   1              ;
   9   1      }
  10          
  11          void main()
  12          {
  13   1          char Time, i;
  14   1          while (1)
  15   1          {
  16   2              for (Time = 0; Time <= 100; Time++) //改变亮灭时间，由暗到亮
  17   2              {
  18   3                  for (i = 0; i < 20; i++) //计次延时
  19   3                  {
  20   4                      LED = 0;           //LED亮
  21   4                      Delay(Time);       //延时Time
  22   4                      LED = 1;           //LED灭
  23   4                      Delay(100 - Time); //延时100-Time
  24   4                  }
  25   3              }
  26   2      
  27   2              for (Time = 100; Time >= 0; Time--) //改变亮灭时间，由亮到暗
  28   2              {
  29   3                  for (i = 0; i < 20; i++) //计次延时
  30   3                  {
  31   4                      LED = 0;           //LED亮
  32   4                      Delay(Time);       //延时Time
  33   4                      LED = 1;           //LED灭
  34   4                      Delay(100 - Time); //延时100-Time
  35   4                  }
  36   3              }
  37   2          }
  38   1      }
C51 COMPILER V9.60.0.0   MAIN                                                              08/09/2021 12:13:51 PAGE 2   

ASSEMBLY LISTING OF GENERATED OBJECT CODE


             ; FUNCTION L?0020 (BEGIN)
0000 C2A0              CLR     LED
0002 EB                MOV     A,R3
0003 FF                MOV     R7,A
0004 33                RLC     A
0005 95E0              SUBB    A,ACC
0007 FE                MOV     R6,A
0008 120000      R     LCALL   _Delay
000B D2A0              SETB    LED
000D EB                MOV     A,R3
000E FF                MOV     R7,A
000F 33                RLC     A
0010 95E0              SUBB    A,ACC
0012 FE                MOV     R6,A
0013 C3                CLR     C
0014 7464              MOV     A,#064H
0016 9F                SUBB    A,R7
0017 FF                MOV     R7,A
0018 E4                CLR     A
0019 9E                SUBB    A,R6
001A FE                MOV     R6,A
             ; FUNCTION _Delay (BEGIN)
                                           ; SOURCE LINE # 5
;---- Variable 't' assigned to Register 'R6/R7' ----
                                           ; SOURCE LINE # 6
001B         ?C0001:
                                           ; SOURCE LINE # 7
001B EF                MOV     A,R7
001C 1F                DEC     R7
001D AC06              MOV     R4,AR6
001F 7001              JNZ     ?C0019
0021 1E                DEC     R6
0022         ?C0019:
0022 4C                ORL     A,R4
0023 70F6              JNZ     ?C0001
                                           ; SOURCE LINE # 9
0025 22                RET     
             ; FUNCTION _Delay (END)

             ; FUNCTION main (BEGIN)
                                           ; SOURCE LINE # 11
;---- Variable 'i' assigned to Register 'R5' ----
                                           ; SOURCE LINE # 12
0000         ?C0004:
                                           ; SOURCE LINE # 14
                                           ; SOURCE LINE # 15
                                           ; SOURCE LINE # 16
;---- Variable 'Time' assigned to Register 'R3' ----
0000 E4                CLR     A
0001 FB                MOV     R3,A
0002         ?C0006:
0002 EB                MOV     A,R3
0003 FF                MOV     R7,A
0004 33                RLC     A
0005 95E0              SUBB    A,ACC
0007 FE                MOV     R6,A
0008 D3                SETB    C
0009 EF                MOV     A,R7
000A 9464              SUBB    A,#064H
C51 COMPILER V9.60.0.0   MAIN                                                              08/09/2021 12:13:51 PAGE 3   

000C EE                MOV     A,R6
000D 6480              XRL     A,#080H
000F 9480              SUBB    A,#080H
0011 501C              JNC     ?C0007
                                           ; SOURCE LINE # 17
                                           ; SOURCE LINE # 18
0013 E4                CLR     A
0014 FD                MOV     R5,A
0015         ?C0009:
0015 ED                MOV     A,R5
0016 FF                MOV     R7,A
0017 33                RLC     A
0018 95E0              SUBB    A,ACC
001A FE                MOV     R6,A
001B C3                CLR     C
001C EF                MOV     A,R7
001D 9414              SUBB    A,#014H
001F EE                MOV     A,R6
0020 6480              XRL     A,#080H
0022 9480              SUBB    A,#080H
0024 5006              JNC     ?C0008
                                           ; SOURCE LINE # 19
                                           ; SOURCE LINE # 20
                                           ; SOURCE LINE # 21
                                           ; SOURCE LINE # 22
                                           ; SOURCE LINE # 23
0026 120000      R     LCALL   L?0020
                                           ; SOURCE LINE # 24
0029 0D                INC     R5
002A 80E9              SJMP    ?C0009
                                           ; SOURCE LINE # 25
002C         ?C0008:
002C 0B                INC     R3
002D 80D3              SJMP    ?C0006
002F         ?C0007:
                                           ; SOURCE LINE # 27
002F 7B64              MOV     R3,#064H
0031         ?C0012:
0031 EB                MOV     A,R3
0032 33                RLC     A
0033 95E0              SUBB    A,ACC
0035 C3                CLR     C
0036 6480              XRL     A,#080H
0038 9480              SUBB    A,#080H
003A 40C4              JC      ?C0004
                                           ; SOURCE LINE # 28
                                           ; SOURCE LINE # 29
003C E4                CLR     A
003D FD                MOV     R5,A
003E         ?C0015:
003E ED                MOV     A,R5
003F FF                MOV     R7,A
0040 33                RLC     A
0041 95E0              SUBB    A,ACC
0043 FE                MOV     R6,A
0044 C3                CLR     C
0045 EF                MOV     A,R7
0046 9414              SUBB    A,#014H
0048 EE                MOV     A,R6
0049 6480              XRL     A,#080H
004B 9480              SUBB    A,#080H
004D 5006              JNC     ?C0014
C51 COMPILER V9.60.0.0   MAIN                                                              08/09/2021 12:13:51 PAGE 4   

                                           ; SOURCE LINE # 30
                                           ; SOURCE LINE # 31
                                           ; SOURCE LINE # 32
                                           ; SOURCE LINE # 33
                                           ; SOURCE LINE # 34
004F 120000      R     LCALL   L?0020
                                           ; SOURCE LINE # 35
0052 0D                INC     R5
0053 80E9              SJMP    ?C0015
                                           ; SOURCE LINE # 36
0055         ?C0014:
0055 1B                DEC     R3
0056 80D9              SJMP    ?C0012
             ; FUNCTION main (END)

C51 COMPILER V9.60.0.0   MAIN                                                              08/09/2021 12:13:51 PAGE 5   

NAME                                    CLASS   MSPACE  TYPE    OFFSET  SIZE
====                                    =====   ======  ====    ======  ====


P0 . . . . . . . . . . . . . . . . . .  SFR      DATA   U_CHAR   0080H  1
P1 . . . . . . . . . . . . . . . . . .  SFR      DATA   U_CHAR   0090H  1
P2 . . . . . . . . . . . . . . . . . .  SFR      DATA   U_CHAR   00A0H  1
P3 . . . . . . . . . . . . . . . . . .  SFR      DATA   U_CHAR   00B0H  1
XICON. . . . . . . . . . . . . . . . .  SFR      DATA   U_CHAR   00C0H  1
T0 . . . . . . . . . . . . . . . . . .  ABSBIT   -----  BIT      00B4H  1
AC . . . . . . . . . . . . . . . . . .  ABSBIT   -----  BIT      00D6H  1
P4 . . . . . . . . . . . . . . . . . .  SFR      DATA   U_CHAR   00E8H  1
T1 . . . . . . . . . . . . . . . . . .  ABSBIT   -----  BIT      00B5H  1
ISP_TRIG . . . . . . . . . . . . . . .  SFR      DATA   U_CHAR   00E6H  1
T2 . . . . . . . . . . . . . . . . . .  ABSBIT   -----  BIT      0090H  1
EA . . . . . . . . . . . . . . . . . .  ABSBIT   -----  BIT      00AFH  1
EC . . . . . . . . . . . . . . . . . .  ABSBIT   -----  BIT      00AEH  1
FE . . . . . . . . . . . . . . . . . .  ABSBIT   -----  BIT      009FH  1
IE . . . . . . . . . . . . . . . . . .  SFR      DATA   U_CHAR   00A8H  1
EXF2 . . . . . . . . . . . . . . . . .  ABSBIT   -----  BIT      00CEH  1
RD . . . . . . . . . . . . . . . . . .  ABSBIT   -----  BIT      00B7H  1
ES . . . . . . . . . . . . . . . . . .  ABSBIT   -----  BIT      00ACH  1
IP . . . . . . . . . . . . . . . . . .  SFR      DATA   U_CHAR   00B8H  1
RI . . . . . . . . . . . . . . . . . .  ABSBIT   -----  BIT      0098H  1
INT0 . . . . . . . . . . . . . . . . .  ABSBIT   -----  BIT      00B2H  1
CY . . . . . . . . . . . . . . . . . .  ABSBIT   -----  BIT      00D7H  1
TI . . . . . . . . . . . . . . . . . .  ABSBIT   -----  BIT      0099H  1
INT1 . . . . . . . . . . . . . . . . .  ABSBIT   -----  BIT      00B3H  1
RCAP2H . . . . . . . . . . . . . . . .  SFR      DATA   U_CHAR   00CBH  1
ISP_CMD. . . . . . . . . . . . . . . .  SFR      DATA   U_CHAR   00E5H  1
PS . . . . . . . . . . . . . . . . . .  ABSBIT   -----  BIT      00BCH  1
SP . . . . . . . . . . . . . . . . . .  SFR      DATA   U_CHAR   0081H  1
T2EX . . . . . . . . . . . . . . . . .  ABSBIT   -----  BIT      0091H  1
OV . . . . . . . . . . . . . . . . . .  ABSBIT   -----  BIT      00D2H  1
RCAP2L . . . . . . . . . . . . . . . .  SFR      DATA   U_CHAR   00CAH  1
main . . . . . . . . . . . . . . . . .  PUBLIC   CODE   PROC     0000H  -----
  Time . . . . . . . . . . . . . . . .  * REG *  DATA   CHAR     0003H  1
  i. . . . . . . . . . . . . . . . . .  * REG *  DATA   CHAR     0005H  1
C_T2 . . . . . . . . . . . . . . . . .  ABSBIT   -----  BIT      00C9H  1
WR . . . . . . . . . . . . . . . . . .  ABSBIT   -----  BIT      00B6H  1
RCLK . . . . . . . . . . . . . . . . .  ABSBIT   -----  BIT      00CDH  1
TCLK . . . . . . . . . . . . . . . . .  ABSBIT   -----  BIT      00CCH  1
P00. . . . . . . . . . . . . . . . . .  ABSBIT   -----  BIT      0080H  1
SBUF . . . . . . . . . . . . . . . . .  SFR      DATA   U_CHAR   0099H  1
PCON . . . . . . . . . . . . . . . . .  SFR      DATA   U_CHAR   0087H  1
P10. . . . . . . . . . . . . . . . . .  ABSBIT   -----  BIT      0090H  1
P01. . . . . . . . . . . . . . . . . .  ABSBIT   -----  BIT      0081H  1
P20. . . . . . . . . . . . . . . . . .  ABSBIT   -----  BIT      00A0H  1
P11. . . . . . . . . . . . . . . . . .  ABSBIT   -----  BIT      0091H  1
P02. . . . . . . . . . . . . . . . . .  ABSBIT   -----  BIT      0082H  1
ISP_ADDRH. . . . . . . . . . . . . . .  SFR      DATA   U_CHAR   00E3H  1
P30. . . . . . . . . . . . . . . . . .  ABSBIT   -----  BIT      00B0H  1
P21. . . . . . . . . . . . . . . . . .  ABSBIT   -----  BIT      00A1H  1
P12. . . . . . . . . . . . . . . . . .  ABSBIT   -----  BIT      0092H  1
P03. . . . . . . . . . . . . . . . . .  ABSBIT   -----  BIT      0083H  1
SCON . . . . . . . . . . . . . . . . .  SFR      DATA   U_CHAR   0098H  1
P31. . . . . . . . . . . . . . . . . .  ABSBIT   -----  BIT      00B1H  1
P22. . . . . . . . . . . . . . . . . .  ABSBIT   -----  BIT      00A2H  1
P13. . . . . . . . . . . . . . . . . .  ABSBIT   -----  BIT      0093H  1
P04. . . . . . . . . . . . . . . . . .  ABSBIT   -----  BIT      0084H  1
P40. . . . . . . . . . . . . . . . . .  ABSBIT   -----  BIT      00E8H  1
C51 COMPILER V9.60.0.0   MAIN                                                              08/09/2021 12:13:51 PAGE 6   

NAME                                    CLASS   MSPACE  TYPE    OFFSET  SIZE
====                                    =====   ======  ====    ======  ====


TMOD . . . . . . . . . . . . . . . . .  SFR      DATA   U_CHAR   0089H  1
TCON . . . . . . . . . . . . . . . . .  SFR      DATA   U_CHAR   0088H  1
P32. . . . . . . . . . . . . . . . . .  ABSBIT   -----  BIT      00B2H  1
P23. . . . . . . . . . . . . . . . . .  ABSBIT   -----  BIT      00A3H  1
P14. . . . . . . . . . . . . . . . . .  ABSBIT   -----  BIT      0094H  1
P05. . . . . . . . . . . . . . . . . .  ABSBIT   -----  BIT      0085H  1
P41. . . . . . . . . . . . . . . . . .  ABSBIT   -----  BIT      00E9H  1
P33. . . . . . . . . . . . . . . . . .  ABSBIT   -----  BIT      00B3H  1
P24. . . . . . . . . . . . . . . . . .  ABSBIT   -----  BIT      00A4H  1
P15. . . . . . . . . . . . . . . . . .  ABSBIT   -----  BIT      0095H  1
P06. . . . . . . . . . . . . . . . . .  ABSBIT   -----  BIT      0086H  1
ISP_ADDRL. . . . . . . . . . . . . . .  SFR      DATA   U_CHAR   00E4H  1
P42. . . . . . . . . . . . . . . . . .  ABSBIT   -----  BIT      00EAH  1
P34. . . . . . . . . . . . . . . . . .  ABSBIT   -----  BIT      00B4H  1
P25. . . . . . . . . . . . . . . . . .  ABSBIT   -----  BIT      00A5H  1
P16. . . . . . . . . . . . . . . . . .  ABSBIT   -----  BIT      0096H  1
P07. . . . . . . . . . . . . . . . . .  ABSBIT   -----  BIT      0087H  1
P43. . . . . . . . . . . . . . . . . .  ABSBIT   -----  BIT      00EBH  1
P35. . . . . . . . . . . . . . . . . .  ABSBIT   -----  BIT      00B5H  1
P26. . . . . . . . . . . . . . . . . .  ABSBIT   -----  BIT      00A6H  1
P17. . . . . . . . . . . . . . . . . .  ABSBIT   -----  BIT      0097H  1
P44. . . . . . . . . . . . . . . . . .  ABSBIT   -----  BIT      00ECH  1
P36. . . . . . . . . . . . . . . . . .  ABSBIT   -----  BIT      00B6H  1
P27. . . . . . . . . . . . . . . . . .  ABSBIT   -----  BIT      00A7H  1
P45. . . . . . . . . . . . . . . . . .  ABSBIT   -----  BIT      00EDH  1
P37. . . . . . . . . . . . . . . . . .  ABSBIT   -----  BIT      00B7H  1
P46. . . . . . . . . . . . . . . . . .  ABSBIT   -----  BIT      00EEH  1
IE0. . . . . . . . . . . . . . . . . .  ABSBIT   -----  BIT      0089H  1
IE1. . . . . . . . . . . . . . . . . .  ABSBIT   -----  BIT      008BH  1
AUXR . . . . . . . . . . . . . . . . .  SFR      DATA   U_CHAR   008EH  1
B. . . . . . . . . . . . . . . . . . .  SFR      DATA   U_CHAR   00F0H  1
CP_RL2 . . . . . . . . . . . . . . . .  ABSBIT   -----  BIT      00C8H  1
ACC. . . . . . . . . . . . . . . . . .  SFR      DATA   U_CHAR   00E0H  1
ET0. . . . . . . . . . . . . . . . . .  ABSBIT   -----  BIT      00A9H  1
ET1. . . . . . . . . . . . . . . . . .  ABSBIT   -----  BIT      00ABH  1
TF0. . . . . . . . . . . . . . . . . .  ABSBIT   -----  BIT      008DH  1
ET2. . . . . . . . . . . . . . . . . .  ABSBIT   -----  BIT      00ADH  1
TF1. . . . . . . . . . . . . . . . . .  ABSBIT   -----  BIT      008FH  1
TF2. . . . . . . . . . . . . . . . . .  ABSBIT   -----  BIT      00CFH  1
RB8. . . . . . . . . . . . . . . . . .  ABSBIT   -----  BIT      009AH  1
TH0. . . . . . . . . . . . . . . . . .  SFR      DATA   U_CHAR   008CH  1
EX0. . . . . . . . . . . . . . . . . .  ABSBIT   -----  BIT      00A8H  1
IT0. . . . . . . . . . . . . . . . . .  ABSBIT   -----  BIT      0088H  1
TH1. . . . . . . . . . . . . . . . . .  SFR      DATA   U_CHAR   008DH  1
TB8. . . . . . . . . . . . . . . . . .  ABSBIT   -----  BIT      009BH  1
EX1. . . . . . . . . . . . . . . . . .  ABSBIT   -----  BIT      00AAH  1
IT1. . . . . . . . . . . . . . . . . .  ABSBIT   -----  BIT      008AH  1
TH2. . . . . . . . . . . . . . . . . .  SFR      DATA   U_CHAR   00CDH  1
P. . . . . . . . . . . . . . . . . . .  ABSBIT   -----  BIT      00D0H  1
SM0. . . . . . . . . . . . . . . . . .  ABSBIT   -----  BIT      009FH  1
TL0. . . . . . . . . . . . . . . . . .  SFR      DATA   U_CHAR   008AH  1
SM1. . . . . . . . . . . . . . . . . .  ABSBIT   -----  BIT      009EH  1
TL1. . . . . . . . . . . . . . . . . .  SFR      DATA   U_CHAR   008BH  1
SM2. . . . . . . . . . . . . . . . . .  ABSBIT   -----  BIT      009DH  1
TL2. . . . . . . . . . . . . . . . . .  SFR      DATA   U_CHAR   00CCH  1
PT0. . . . . . . . . . . . . . . . . .  ABSBIT   -----  BIT      00B9H  1
LED. . . . . . . . . . . . . . . . . .  ABSBIT   -----  BIT      00A0H  1
C51 COMPILER V9.60.0.0   MAIN                                                              08/09/2021 12:13:51 PAGE 7   

NAME                                    CLASS   MSPACE  TYPE    OFFSET  SIZE
====                                    =====   ======  ====    ======  ====


PT1. . . . . . . . . . . . . . . . . .  ABSBIT   -----  BIT      00BBH  1
RS0. . . . . . . . . . . . . . . . . .  ABSBIT   -----  BIT      00D3H  1
ISP_CONTR. . . . . . . . . . . . . . .  SFR      DATA   U_CHAR   00E7H  1
PT2. . . . . . . . . . . . . . . . . .  ABSBIT   -----  BIT      00BDH  1
TR0. . . . . . . . . . . . . . . . . .  ABSBIT   -----  BIT      008CH  1
RS1. . . . . . . . . . . . . . . . . .  ABSBIT   -----  BIT      00D4H  1
TR1. . . . . . . . . . . . . . . . . .  ABSBIT   -----  BIT      008EH  1
TR2. . . . . . . . . . . . . . . . . .  ABSBIT   -----  BIT      00CAH  1
PX0. . . . . . . . . . . . . . . . . .  ABSBIT   -----  BIT      00B8H  1
WDT_CONTR. . . . . . . . . . . . . . .  SFR      DATA   U_CHAR   00E1H  1
PX1. . . . . . . . . . . . . . . . . .  ABSBIT   -----  BIT      00BAH  1
DPH. . . . . . . . . . . . . . . . . .  SFR      DATA   U_CHAR   0083H  1
DPL. . . . . . . . . . . . . . . . . .  SFR      DATA   U_CHAR   0082H  1
IPH. . . . . . . . . . . . . . . . . .  SFR      DATA   U_CHAR   00B7H  1
EXEN2. . . . . . . . . . . . . . . . .  ABSBIT   -----  BIT      00CBH  1
REN. . . . . . . . . . . . . . . . . .  ABSBIT   -----  BIT      009CH  1
T2MOD. . . . . . . . . . . . . . . . .  SFR      DATA   U_CHAR   00C9H  1
T2CON. . . . . . . . . . . . . . . . .  SFR      DATA   U_CHAR   00C8H  1
ISP_DATA . . . . . . . . . . . . . . .  SFR      DATA   U_CHAR   00E2H  1
SADEN. . . . . . . . . . . . . . . . .  SFR      DATA   U_CHAR   00B9H  1
RXD. . . . . . . . . . . . . . . . . .  ABSBIT   -----  BIT      00B0H  1
SADDR. . . . . . . . . . . . . . . . .  SFR      DATA   U_CHAR   00A9H  1
TXD. . . . . . . . . . . . . . . . . .  ABSBIT   -----  BIT      00B1H  1
_Delay . . . . . . . . . . . . . . . .  PUBLIC   CODE   PROC     001BH  -----
  t. . . . . . . . . . . . . . . . . .  * REG *  DATA   U_INT    0006H  2
AUXR1. . . . . . . . . . . . . . . . .  SFR      DATA   U_CHAR   00A2H  1
F0 . . . . . . . . . . . . . . . . . .  ABSBIT   -----  BIT      00D5H  1
F1 . . . . . . . . . . . . . . . . . .  ABSBIT   -----  BIT      00D1H  1
PSW. . . . . . . . . . . . . . . . . .  SFR      DATA   U_CHAR   00D0H  1


MODULE INFORMATION:   STATIC OVERLAYABLE
   CODE SIZE        =    126    ----
   CONSTANT SIZE    =   ----    ----
   XDATA SIZE       =   ----    ----
   PDATA SIZE       =   ----    ----
   DATA SIZE        =   ----    ----
   IDATA SIZE       =   ----    ----
   BIT SIZE         =   ----    ----
   EDATA SIZE       =   ----    ----
   HDATA SIZE       =   ----    ----
   XDATA CONST SIZE =   ----    ----
   FAR CONST SIZE   =   ----    ----
END OF MODULE INFORMATION.


C51 COMPILATION COMPLETE.  0 WARNING(S),  0 ERROR(S)
