C51 COMPILER V9.60.0.0   MAIN                                                              11/14/2021 21:09:30 PAGE 1   


C51 COMPILER V9.60.0.0, COMPILATION OF MODULE MAIN
OBJECT MODULE PLACED IN .\build\Target 1\main.o
COMPILER INVOKED BY: C:\Software\Keil_v5\C51\BIN\C51.exe .\MAIN.C PRINT(.\build\Target 1\main.lst) OMF2 TABS(4) CODE NOC
                    -OND SYMBOLS OPTIMIZE(8,SPEED) SMALL ROM(LARGE) INCDIR(C:\Software\Keil_v5\C51\INC\STC;c:\Software\Keil_v5\C51\INC\Atmel;
                    -C:\Software\Keil_v5\C51\INC) DEFINE(__UVISION_VERSION=526) OBJECT(.\build\Target 1\main.o)

line level    source

   1          #include <STC89C5xRC.H>
   2          #include <INTRINS.H>
   3          #include "Delayms.h"
   4          #include "LCD1602.h"
   5          #include "DS1302.h"
   6          int main()
   7          {
   8   1          LCD_Init();
   9   1          DS1302_Init();
  10   1          LCD_ShowString(1,1,"  -  -  ");
  11   1          LCD_ShowString(2,1,"  :  :  ");
  12   1          LCD_ShowString(2,12,"Wek");
  13   1          DS1302_SetTime();
  14   1          while(1)
  15   1          {
  16   2              DS1302_ReadTime();
  17   2              LCD_ShowNum(1, 1, DS1302_Time[0], 2);
  18   2              LCD_ShowNum(1, 4, DS1302_Time[1], 2);
  19   2              LCD_ShowNum(1, 7, DS1302_Time[2], 2);
  20   2              LCD_ShowNum(2, 1, DS1302_Time[3], 2);
  21   2              LCD_ShowNum(2, 4, DS1302_Time[4], 2);
  22   2              LCD_ShowNum(2, 7, DS1302_Time[5], 2);
  23   2              LCD_ShowNum(2, 15, DS1302_Time[6], 1);
  24   2          }
  25   1          return 0;
  26   1      }
*** WARNING C294 IN LINE 25 OF .\MAIN.C: unreachable code
C51 COMPILER V9.60.0.0   MAIN                                                              11/14/2021 21:09:30 PAGE 2   

ASSEMBLY LISTING OF GENERATED OBJECT CODE


             ; FUNCTION main (BEGIN)
                                           ; SOURCE LINE # 6
                                           ; SOURCE LINE # 7
                                           ; SOURCE LINE # 8
0000 120000      E     LCALL   LCD_Init
                                           ; SOURCE LINE # 9
0003 120000      E     LCALL   DS1302_Init
                                           ; SOURCE LINE # 10
0006 7BFF              MOV     R3,#0FFH
0008 7A00        R     MOV     R2,#HIGH ?SC_0
000A 7900        R     MOV     R1,#LOW ?SC_0
000C 7D01              MOV     R5,#01H
000E 7F01              MOV     R7,#01H
0010 120000      E     LCALL   _LCD_ShowString
                                           ; SOURCE LINE # 11
0013 7BFF              MOV     R3,#0FFH
0015 7A00        R     MOV     R2,#HIGH ?SC_9
0017 7900        R     MOV     R1,#LOW ?SC_9
0019 7D01              MOV     R5,#01H
001B 7F02              MOV     R7,#02H
001D 120000      E     LCALL   _LCD_ShowString
                                           ; SOURCE LINE # 12
0020 7BFF              MOV     R3,#0FFH
0022 7A00        R     MOV     R2,#HIGH ?SC_18
0024 7900        R     MOV     R1,#LOW ?SC_18
0026 7D0C              MOV     R5,#0CH
0028 7F02              MOV     R7,#02H
002A 120000      E     LCALL   _LCD_ShowString
                                           ; SOURCE LINE # 13
002D 120000      E     LCALL   DS1302_SetTime
0030         ?C0001:
                                           ; SOURCE LINE # 14
                                           ; SOURCE LINE # 15
                                           ; SOURCE LINE # 16
0030 120000      E     LCALL   DS1302_ReadTime
                                           ; SOURCE LINE # 17
0033 E500        E     MOV     A,DS1302_Time
0035 FB                MOV     R3,A
0036 33                RLC     A
0037 95E0              SUBB    A,ACC
0039 FA                MOV     R2,A
003A 750002      E     MOV     ?_LCD_ShowNum?BYTE+04H,#02H
003D 7D01              MOV     R5,#01H
003F 7F01              MOV     R7,#01H
0041 120000      E     LCALL   _LCD_ShowNum
                                           ; SOURCE LINE # 18
0044 E500        E     MOV     A,DS1302_Time+01H
0046 FB                MOV     R3,A
0047 33                RLC     A
0048 95E0              SUBB    A,ACC
004A FA                MOV     R2,A
004B 750002      E     MOV     ?_LCD_ShowNum?BYTE+04H,#02H
004E 7D04              MOV     R5,#04H
0050 7F01              MOV     R7,#01H
0052 120000      E     LCALL   _LCD_ShowNum
                                           ; SOURCE LINE # 19
0055 E500        E     MOV     A,DS1302_Time+02H
0057 FB                MOV     R3,A
0058 33                RLC     A
C51 COMPILER V9.60.0.0   MAIN                                                              11/14/2021 21:09:30 PAGE 3   

0059 95E0              SUBB    A,ACC
005B FA                MOV     R2,A
005C 750002      E     MOV     ?_LCD_ShowNum?BYTE+04H,#02H
005F 7D07              MOV     R5,#07H
0061 7F01              MOV     R7,#01H
0063 120000      E     LCALL   _LCD_ShowNum
                                           ; SOURCE LINE # 20
0066 E500        E     MOV     A,DS1302_Time+03H
0068 FB                MOV     R3,A
0069 33                RLC     A
006A 95E0              SUBB    A,ACC
006C FA                MOV     R2,A
006D 750002      E     MOV     ?_LCD_ShowNum?BYTE+04H,#02H
0070 7D01              MOV     R5,#01H
0072 7F02              MOV     R7,#02H
0074 120000      E     LCALL   _LCD_ShowNum
                                           ; SOURCE LINE # 21
0077 E500        E     MOV     A,DS1302_Time+04H
0079 FB                MOV     R3,A
007A 33                RLC     A
007B 95E0              SUBB    A,ACC
007D FA                MOV     R2,A
007E 750002      E     MOV     ?_LCD_ShowNum?BYTE+04H,#02H
0081 7D04              MOV     R5,#04H
0083 7F02              MOV     R7,#02H
0085 120000      E     LCALL   _LCD_ShowNum
                                           ; SOURCE LINE # 22
0088 E500        E     MOV     A,DS1302_Time+05H
008A FB                MOV     R3,A
008B 33                RLC     A
008C 95E0              SUBB    A,ACC
008E FA                MOV     R2,A
008F 750002      E     MOV     ?_LCD_ShowNum?BYTE+04H,#02H
0092 7D07              MOV     R5,#07H
0094 7F02              MOV     R7,#02H
0096 120000      E     LCALL   _LCD_ShowNum
                                           ; SOURCE LINE # 23
0099 E500        E     MOV     A,DS1302_Time+06H
009B FB                MOV     R3,A
009C 33                RLC     A
009D 95E0              SUBB    A,ACC
009F FA                MOV     R2,A
00A0 750001      E     MOV     ?_LCD_ShowNum?BYTE+04H,#01H
00A3 7D0F              MOV     R5,#0FH
00A5 7F02              MOV     R7,#02H
00A7 120000      E     LCALL   _LCD_ShowNum
                                           ; SOURCE LINE # 24
00AA 8084              SJMP    ?C0001
             ; FUNCTION main (END)

C51 COMPILER V9.60.0.0   MAIN                                                              11/14/2021 21:09:30 PAGE 4   

NAME                                    CLASS   MSPACE  TYPE    OFFSET  SIZE
====                                    =====   ======  ====    ======  ====


DS1302_SetTime . . . . . . . . . . . .  EXTERN   CODE   PROC     -----  -----
P0 . . . . . . . . . . . . . . . . . .  SFR      DATA   U_CHAR   0080H  1
P1 . . . . . . . . . . . . . . . . . .  SFR      DATA   U_CHAR   0090H  1
P2 . . . . . . . . . . . . . . . . . .  SFR      DATA   U_CHAR   00A0H  1
P3 . . . . . . . . . . . . . . . . . .  SFR      DATA   U_CHAR   00B0H  1
XICON. . . . . . . . . . . . . . . . .  SFR      DATA   U_CHAR   00C0H  1
T0 . . . . . . . . . . . . . . . . . .  ABSBIT   -----  BIT      00B4H  1
AC . . . . . . . . . . . . . . . . . .  ABSBIT   -----  BIT      00D6H  1
P4 . . . . . . . . . . . . . . . . . .  SFR      DATA   U_CHAR   00E8H  1
T1 . . . . . . . . . . . . . . . . . .  ABSBIT   -----  BIT      00B5H  1
ISP_TRIG . . . . . . . . . . . . . . .  SFR      DATA   U_CHAR   00E6H  1
T2 . . . . . . . . . . . . . . . . . .  ABSBIT   -----  BIT      0090H  1
EA . . . . . . . . . . . . . . . . . .  ABSBIT   -----  BIT      00AFH  1
EC . . . . . . . . . . . . . . . . . .  ABSBIT   -----  BIT      00AEH  1
_LCD_ShowNum . . . . . . . . . . . . .  EXTERN   CODE   PROC     -----  -----
FE . . . . . . . . . . . . . . . . . .  ABSBIT   -----  BIT      009FH  1
IE . . . . . . . . . . . . . . . . . .  SFR      DATA   U_CHAR   00A8H  1
EXF2 . . . . . . . . . . . . . . . . .  ABSBIT   -----  BIT      00CEH  1
RD . . . . . . . . . . . . . . . . . .  ABSBIT   -----  BIT      00B7H  1
ES . . . . . . . . . . . . . . . . . .  ABSBIT   -----  BIT      00ACH  1
IP . . . . . . . . . . . . . . . . . .  SFR      DATA   U_CHAR   00B8H  1
RI . . . . . . . . . . . . . . . . . .  ABSBIT   -----  BIT      0098H  1
INT0 . . . . . . . . . . . . . . . . .  ABSBIT   -----  BIT      00B2H  1
CY . . . . . . . . . . . . . . . . . .  ABSBIT   -----  BIT      00D7H  1
TI . . . . . . . . . . . . . . . . . .  ABSBIT   -----  BIT      0099H  1
INT1 . . . . . . . . . . . . . . . . .  ABSBIT   -----  BIT      00B3H  1
RCAP2H . . . . . . . . . . . . . . . .  SFR      DATA   U_CHAR   00CBH  1
ISP_CMD. . . . . . . . . . . . . . . .  SFR      DATA   U_CHAR   00E5H  1
PS . . . . . . . . . . . . . . . . . .  ABSBIT   -----  BIT      00BCH  1
SP . . . . . . . . . . . . . . . . . .  SFR      DATA   U_CHAR   0081H  1
T2EX . . . . . . . . . . . . . . . . .  ABSBIT   -----  BIT      0091H  1
OV . . . . . . . . . . . . . . . . . .  ABSBIT   -----  BIT      00D2H  1
RCAP2L . . . . . . . . . . . . . . . .  SFR      DATA   U_CHAR   00CAH  1
main . . . . . . . . . . . . . . . . .  PUBLIC   CODE   PROC     0000H  -----
C_T2 . . . . . . . . . . . . . . . . .  ABSBIT   -----  BIT      00C9H  1
WR . . . . . . . . . . . . . . . . . .  ABSBIT   -----  BIT      00B6H  1
RCLK . . . . . . . . . . . . . . . . .  ABSBIT   -----  BIT      00CDH  1
TCLK . . . . . . . . . . . . . . . . .  ABSBIT   -----  BIT      00CCH  1
P00. . . . . . . . . . . . . . . . . .  ABSBIT   -----  BIT      0080H  1
SBUF . . . . . . . . . . . . . . . . .  SFR      DATA   U_CHAR   0099H  1
PCON . . . . . . . . . . . . . . . . .  SFR      DATA   U_CHAR   0087H  1
P10. . . . . . . . . . . . . . . . . .  ABSBIT   -----  BIT      0090H  1
P01. . . . . . . . . . . . . . . . . .  ABSBIT   -----  BIT      0081H  1
P20. . . . . . . . . . . . . . . . . .  ABSBIT   -----  BIT      00A0H  1
P11. . . . . . . . . . . . . . . . . .  ABSBIT   -----  BIT      0091H  1
P02. . . . . . . . . . . . . . . . . .  ABSBIT   -----  BIT      0082H  1
ISP_ADDRH. . . . . . . . . . . . . . .  SFR      DATA   U_CHAR   00E3H  1
P30. . . . . . . . . . . . . . . . . .  ABSBIT   -----  BIT      00B0H  1
P21. . . . . . . . . . . . . . . . . .  ABSBIT   -----  BIT      00A1H  1
P12. . . . . . . . . . . . . . . . . .  ABSBIT   -----  BIT      0092H  1
P03. . . . . . . . . . . . . . . . . .  ABSBIT   -----  BIT      0083H  1
SCON . . . . . . . . . . . . . . . . .  SFR      DATA   U_CHAR   0098H  1
P31. . . . . . . . . . . . . . . . . .  ABSBIT   -----  BIT      00B1H  1
P22. . . . . . . . . . . . . . . . . .  ABSBIT   -----  BIT      00A2H  1
P13. . . . . . . . . . . . . . . . . .  ABSBIT   -----  BIT      0093H  1
P04. . . . . . . . . . . . . . . . . .  ABSBIT   -----  BIT      0084H  1
P40. . . . . . . . . . . . . . . . . .  ABSBIT   -----  BIT      00E8H  1
C51 COMPILER V9.60.0.0   MAIN                                                              11/14/2021 21:09:30 PAGE 5   

NAME                                    CLASS   MSPACE  TYPE    OFFSET  SIZE
====                                    =====   ======  ====    ======  ====


TMOD . . . . . . . . . . . . . . . . .  SFR      DATA   U_CHAR   0089H  1
TCON . . . . . . . . . . . . . . . . .  SFR      DATA   U_CHAR   0088H  1
P32. . . . . . . . . . . . . . . . . .  ABSBIT   -----  BIT      00B2H  1
P23. . . . . . . . . . . . . . . . . .  ABSBIT   -----  BIT      00A3H  1
P14. . . . . . . . . . . . . . . . . .  ABSBIT   -----  BIT      0094H  1
P05. . . . . . . . . . . . . . . . . .  ABSBIT   -----  BIT      0085H  1
P41. . . . . . . . . . . . . . . . . .  ABSBIT   -----  BIT      00E9H  1
P33. . . . . . . . . . . . . . . . . .  ABSBIT   -----  BIT      00B3H  1
P24. . . . . . . . . . . . . . . . . .  ABSBIT   -----  BIT      00A4H  1
P15. . . . . . . . . . . . . . . . . .  ABSBIT   -----  BIT      0095H  1
P06. . . . . . . . . . . . . . . . . .  ABSBIT   -----  BIT      0086H  1
ISP_ADDRL. . . . . . . . . . . . . . .  SFR      DATA   U_CHAR   00E4H  1
P42. . . . . . . . . . . . . . . . . .  ABSBIT   -----  BIT      00EAH  1
P34. . . . . . . . . . . . . . . . . .  ABSBIT   -----  BIT      00B4H  1
P25. . . . . . . . . . . . . . . . . .  ABSBIT   -----  BIT      00A5H  1
P16. . . . . . . . . . . . . . . . . .  ABSBIT   -----  BIT      0096H  1
P07. . . . . . . . . . . . . . . . . .  ABSBIT   -----  BIT      0087H  1
P43. . . . . . . . . . . . . . . . . .  ABSBIT   -----  BIT      00EBH  1
P35. . . . . . . . . . . . . . . . . .  ABSBIT   -----  BIT      00B5H  1
P26. . . . . . . . . . . . . . . . . .  ABSBIT   -----  BIT      00A6H  1
P17. . . . . . . . . . . . . . . . . .  ABSBIT   -----  BIT      0097H  1
P44. . . . . . . . . . . . . . . . . .  ABSBIT   -----  BIT      00ECH  1
P36. . . . . . . . . . . . . . . . . .  ABSBIT   -----  BIT      00B6H  1
P27. . . . . . . . . . . . . . . . . .  ABSBIT   -----  BIT      00A7H  1
P45. . . . . . . . . . . . . . . . . .  ABSBIT   -----  BIT      00EDH  1
P37. . . . . . . . . . . . . . . . . .  ABSBIT   -----  BIT      00B7H  1
P46. . . . . . . . . . . . . . . . . .  ABSBIT   -----  BIT      00EEH  1
IE0. . . . . . . . . . . . . . . . . .  ABSBIT   -----  BIT      0089H  1
IE1. . . . . . . . . . . . . . . . . .  ABSBIT   -----  BIT      008BH  1
AUXR . . . . . . . . . . . . . . . . .  SFR      DATA   U_CHAR   008EH  1
B. . . . . . . . . . . . . . . . . . .  SFR      DATA   U_CHAR   00F0H  1
CP_RL2 . . . . . . . . . . . . . . . .  ABSBIT   -----  BIT      00C8H  1
ACC. . . . . . . . . . . . . . . . . .  SFR      DATA   U_CHAR   00E0H  1
ET0. . . . . . . . . . . . . . . . . .  ABSBIT   -----  BIT      00A9H  1
LCD_Init . . . . . . . . . . . . . . .  EXTERN   CODE   PROC     -----  -----
ET1. . . . . . . . . . . . . . . . . .  ABSBIT   -----  BIT      00ABH  1
TF0. . . . . . . . . . . . . . . . . .  ABSBIT   -----  BIT      008DH  1
ET2. . . . . . . . . . . . . . . . . .  ABSBIT   -----  BIT      00ADH  1
TF1. . . . . . . . . . . . . . . . . .  ABSBIT   -----  BIT      008FH  1
TF2. . . . . . . . . . . . . . . . . .  ABSBIT   -----  BIT      00CFH  1
RB8. . . . . . . . . . . . . . . . . .  ABSBIT   -----  BIT      009AH  1
TH0. . . . . . . . . . . . . . . . . .  SFR      DATA   U_CHAR   008CH  1
EX0. . . . . . . . . . . . . . . . . .  ABSBIT   -----  BIT      00A8H  1
IT0. . . . . . . . . . . . . . . . . .  ABSBIT   -----  BIT      0088H  1
TH1. . . . . . . . . . . . . . . . . .  SFR      DATA   U_CHAR   008DH  1
TB8. . . . . . . . . . . . . . . . . .  ABSBIT   -----  BIT      009BH  1
EX1. . . . . . . . . . . . . . . . . .  ABSBIT   -----  BIT      00AAH  1
IT1. . . . . . . . . . . . . . . . . .  ABSBIT   -----  BIT      008AH  1
TH2. . . . . . . . . . . . . . . . . .  SFR      DATA   U_CHAR   00CDH  1
DS1302_ReadTime. . . . . . . . . . . .  EXTERN   CODE   PROC     -----  -----
P. . . . . . . . . . . . . . . . . . .  ABSBIT   -----  BIT      00D0H  1
DS1302_Time. . . . . . . . . . . . . .  EXTERN   DATA   ARRAY    -----  -----
SM0. . . . . . . . . . . . . . . . . .  ABSBIT   -----  BIT      009FH  1
TL0. . . . . . . . . . . . . . . . . .  SFR      DATA   U_CHAR   008AH  1
SM1. . . . . . . . . . . . . . . . . .  ABSBIT   -----  BIT      009EH  1
TL1. . . . . . . . . . . . . . . . . .  SFR      DATA   U_CHAR   008BH  1
SM2. . . . . . . . . . . . . . . . . .  ABSBIT   -----  BIT      009DH  1
C51 COMPILER V9.60.0.0   MAIN                                                              11/14/2021 21:09:30 PAGE 6   

NAME                                    CLASS   MSPACE  TYPE    OFFSET  SIZE
====                                    =====   ======  ====    ======  ====


TL2. . . . . . . . . . . . . . . . . .  SFR      DATA   U_CHAR   00CCH  1
_LCD_ShowString. . . . . . . . . . . .  EXTERN   CODE   PROC     -----  -----
PT0. . . . . . . . . . . . . . . . . .  ABSBIT   -----  BIT      00B9H  1
DS1302_Init. . . . . . . . . . . . . .  EXTERN   CODE   PROC     -----  -----
PT1. . . . . . . . . . . . . . . . . .  ABSBIT   -----  BIT      00BBH  1
RS0. . . . . . . . . . . . . . . . . .  ABSBIT   -----  BIT      00D3H  1
ISP_CONTR. . . . . . . . . . . . . . .  SFR      DATA   U_CHAR   00E7H  1
PT2. . . . . . . . . . . . . . . . . .  ABSBIT   -----  BIT      00BDH  1
TR0. . . . . . . . . . . . . . . . . .  ABSBIT   -----  BIT      008CH  1
RS1. . . . . . . . . . . . . . . . . .  ABSBIT   -----  BIT      00D4H  1
TR1. . . . . . . . . . . . . . . . . .  ABSBIT   -----  BIT      008EH  1
TR2. . . . . . . . . . . . . . . . . .  ABSBIT   -----  BIT      00CAH  1
PX0. . . . . . . . . . . . . . . . . .  ABSBIT   -----  BIT      00B8H  1
WDT_CONTR. . . . . . . . . . . . . . .  SFR      DATA   U_CHAR   00E1H  1
PX1. . . . . . . . . . . . . . . . . .  ABSBIT   -----  BIT      00BAH  1
DPH. . . . . . . . . . . . . . . . . .  SFR      DATA   U_CHAR   0083H  1
DPL. . . . . . . . . . . . . . . . . .  SFR      DATA   U_CHAR   0082H  1
IPH. . . . . . . . . . . . . . . . . .  SFR      DATA   U_CHAR   00B7H  1
EXEN2. . . . . . . . . . . . . . . . .  ABSBIT   -----  BIT      00CBH  1
REN. . . . . . . . . . . . . . . . . .  ABSBIT   -----  BIT      009CH  1
T2MOD. . . . . . . . . . . . . . . . .  SFR      DATA   U_CHAR   00C9H  1
T2CON. . . . . . . . . . . . . . . . .  SFR      DATA   U_CHAR   00C8H  1
ISP_DATA . . . . . . . . . . . . . . .  SFR      DATA   U_CHAR   00E2H  1
SADEN. . . . . . . . . . . . . . . . .  SFR      DATA   U_CHAR   00B9H  1
RXD. . . . . . . . . . . . . . . . . .  ABSBIT   -----  BIT      00B0H  1
SADDR. . . . . . . . . . . . . . . . .  SFR      DATA   U_CHAR   00A9H  1
TXD. . . . . . . . . . . . . . . . . .  ABSBIT   -----  BIT      00B1H  1
AUXR1. . . . . . . . . . . . . . . . .  SFR      DATA   U_CHAR   00A2H  1
F0 . . . . . . . . . . . . . . . . . .  ABSBIT   -----  BIT      00D5H  1
F1 . . . . . . . . . . . . . . . . . .  ABSBIT   -----  BIT      00D1H  1
PSW. . . . . . . . . . . . . . . . . .  SFR      DATA   U_CHAR   00D0H  1


MODULE INFORMATION:   STATIC OVERLAYABLE
   CODE SIZE        =    172    ----
   CONSTANT SIZE    =     22    ----
   XDATA SIZE       =   ----    ----
   PDATA SIZE       =   ----    ----
   DATA SIZE        =   ----    ----
   IDATA SIZE       =   ----    ----
   BIT SIZE         =   ----    ----
   EDATA SIZE       =   ----    ----
   HDATA SIZE       =   ----    ----
   XDATA CONST SIZE =   ----    ----
   FAR CONST SIZE   =   ----    ----
END OF MODULE INFORMATION.


C51 COMPILATION COMPLETE.  1 WARNING(S),  0 ERROR(S)
