C51 COMPILER V9.60.0.0   MAIN                                                              08/09/2021 21:40:10 PAGE 1   


C51 COMPILER V9.60.0.0, COMPILATION OF MODULE MAIN
OBJECT MODULE PLACED IN .\Objects\main.obj
COMPILER INVOKED BY: C:\Software\Keil_v5\C51\BIN\C51.EXE main.c OPTIMIZE(8,SPEED) BROWSE DEBUG OBJECTEXTEND PRINT(.\List
                    -ings\main.lst) OBJECT(.\Objects\main.obj)

line level    source

   1          #include <STC89C5xRC.H>
   2          #include <INTRINS.H>
   3          #include "Delayms.h"
   4          unsigned char NixieTable[]= {0x3F,0x06,0x5B,0x4F,0x66,0x6D,0x7D,0x07,0x7F,0x6F};
   5          
   6          void Nixie(unsigned char location, unsigned char number)
   7          {
   8   1          switch(location)
   9   1          {
  10   2          case 1:
  11   2              P22 = 1;
  12   2              P23 = 1;
  13   2              P24 = 1;
  14   2              break;
  15   2          case 2:
  16   2              P22 = 0;
  17   2              P23 = 1;
  18   2              P24 = 1;
  19   2              break;
  20   2          case 3:
  21   2              P22 = 1;
  22   2              P23 = 0;
  23   2              P24 = 1;
  24   2              break;
  25   2          case 4:
  26   2              P22 = 0;
  27   2              P23 = 0;
  28   2              P24 = 1;
  29   2              break;
  30   2          case 5:
  31   2              P22 = 1;
  32   2              P23 = 1;
  33   2              P24 = 0;
  34   2              break;
  35   2          case 6:
  36   2              P22 = 0;
  37   2              P23 = 1;
  38   2              P24 = 0;
  39   2              break;
  40   2          case 7:
  41   2              P22 = 1;
  42   2              P23 = 0;
  43   2              P24 = 0;
  44   2              break;
  45   2          case 8:
  46   2              P22 = 0;
  47   2              P23 = 0;
  48   2              P24 = 0;
  49   2              break;
  50   2          }
  51   1          P0 = NixieTable[number];
  52   1      }
  53          
  54          int main()
C51 COMPILER V9.60.0.0   MAIN                                                              08/09/2021 21:40:10 PAGE 2   

  55          {
  56   1          while(1)
  57   1          {
  58   2              /*add your codes*/
  59   2              unsigned char i;
  60   2              unsigned char num;
  61   2              for (i = 1; i<9; i++)
  62   2              {
  63   3                  for (num = 0; num<10; num++)
  64   3                  {
  65   4                      Nixie(i, num);
  66   4                      Delayms(500);
  67   4                  }
  68   3              }
  69   2      
  70   2          }
  71   1          return ;
  72   1      }


MODULE INFORMATION:   STATIC OVERLAYABLE
   CODE SIZE        =    149    ----
   CONSTANT SIZE    =   ----    ----
   XDATA SIZE       =   ----    ----
   PDATA SIZE       =   ----    ----
   DATA SIZE        =     10       2
   IDATA SIZE       =   ----    ----
   BIT SIZE         =   ----    ----
END OF MODULE INFORMATION.


C51 COMPILATION COMPLETE.  0 WARNING(S),  0 ERROR(S)
