C51 COMPILER V9.60.0.0   I2C                                                               08/12/2021 09:32:00 PAGE 1   


C51 COMPILER V9.60.0.0, COMPILATION OF MODULE I2C
OBJECT MODULE PLACED IN .\Objects\I2C.obj
COMPILER INVOKED BY: C:\Software\Keil_v5\C51\BIN\C51.EXE I2C.c OPTIMIZE(8,SPEED) BROWSE DEBUG OBJECTEXTEND PRINT(.\Listi
                    -ngs\I2C.lst) OBJECT(.\Objects\I2C.obj)

line level    source

   1          #include <STC89C5xRC.H>
   2          
   3          sbit I2C_SDA = P2^0;
   4          sbit I2C_SCL = P2^1;
   5          
   6          void I2C_Start()
   7          {
   8   1          I2C_SCL = 1;
   9   1          I2C_SDA = 1;
  10   1          I2C_SDA = 0;
  11   1          I2C_SCL = 0;
  12   1      }
  13          
  14          void I2C_Stop()
  15          {
  16   1          I2C_SDA = 0;
  17   1          I2C_SCL = 1;
  18   1          I2C_SDA = 1;
  19   1      }
  20          
  21          void I2C_SendByte(unsigned char Data)
  22          {
  23   1          unsigned char i;
  24   1          for(i = 0; i < 8; i++)
  25   1          {
  26   2              I2C_SDA = Data & (0x80>>i);
  27   2              I2C_SCL = 1;
  28   2              I2C_SCL = 0;
  29   2          }
  30   1      }
  31          
  32          unsigned char I2C_RecvByte()
  33          {
  34   1          unsigned char i;
  35   1          unsigned char Data = 0x00;
  36   1          for(i = 0; i < 8; i++)
  37   1          {
  38   2              I2C_SCL = 1;
  39   2              if(I2C_SDA == 1)
  40   2                  Data |= (0x80>>i);
  41   2              I2C_SCL = 0;
  42   2          }
  43   1          return Data;
  44   1      }
  45          
  46          void I2C_SendAns(bit answer)
  47          {
  48   1          I2C_SDA = answer;
  49   1          I2C_SCL = 1;
  50   1          I2C_SCL = 0;
  51   1      }
  52          
  53          bit I2C_RecvAns()
  54          {
C51 COMPILER V9.60.0.0   I2C                                                               08/12/2021 09:32:00 PAGE 2   

  55   1          bit answer;
  56   1              I2C_SDA = 1;
  57   1          I2C_SCL = 1;
  58   1          answer = I2C_SDA;
  59   1          I2C_SCL = 0;
  60   1          return answer;
  61   1      }


MODULE INFORMATION:   STATIC OVERLAYABLE
   CODE SIZE        =    125    ----
   CONSTANT SIZE    =   ----    ----
   XDATA SIZE       =   ----    ----
   PDATA SIZE       =   ----    ----
   DATA SIZE        =   ----    ----
   IDATA SIZE       =   ----    ----
   BIT SIZE         =   ----       2
END OF MODULE INFORMATION.


C51 COMPILATION COMPLETE.  0 WARNING(S),  0 ERROR(S)
