C51 COMPILER V9.60.0.0   NIXIE                                                             08/12/2021 09:32:00 PAGE 1   


C51 COMPILER V9.60.0.0, COMPILATION OF MODULE NIXIE
OBJECT MODULE PLACED IN .\Objects\Nixie.obj
COMPILER INVOKED BY: C:\Software\Keil_v5\C51\BIN\C51.EXE Nixie.c OPTIMIZE(8,SPEED) BROWSE DEBUG OBJECTEXTEND PRINT(.\Lis
                    -tings\Nixie.lst) OBJECT(.\Objects\Nixie.obj)

line level    source

   1          #include <STC89C5xRC.H>
   2          #include "Delayms.h"
   3          unsigned char NixieTable[]= {0x3F,0x06,0x5B,0x4F,0x66,0x6D,0x7D,0x07,0x7F,0x6F,0x00,0x40};
   4          
   5          unsigned char NixieBuf[9]= {0,10,10,10,10,10,10,10,10};
   6          
   7          void SetNixie(unsigned char location, unsigned char number)
   8          {
   9   1          NixieBuf[location] = number;
  10   1      }
  11          
  12          void Nixie(unsigned char location, unsigned char number)
  13          {
  14   1          P0=0x00;
  15   1          switch(location)
  16   1          {
  17   2          case 1:
  18   2              P22 = 1;
  19   2              P23 = 1;
  20   2              P24 = 1;
  21   2              break;
  22   2          case 2:
  23   2              P22 = 0;
  24   2              P23 = 1;
  25   2              P24 = 1;
  26   2              break;
  27   2          case 3:
  28   2              P22 = 1;
  29   2              P23 = 0;
  30   2              P24 = 1;
  31   2              break;
  32   2          case 4:
  33   2              P22 = 0;
  34   2              P23 = 0;
  35   2              P24 = 1;
  36   2              break;
  37   2          case 5:
  38   2              P22 = 1;
  39   2              P23 = 1;
  40   2              P24 = 0;
  41   2              break;
  42   2          case 6:
  43   2              P22 = 0;
  44   2              P23 = 1;
  45   2              P24 = 0;
  46   2              break;
  47   2          case 7:
  48   2              P22 = 1;
  49   2              P23 = 0;
  50   2              P24 = 0;
  51   2              break;
  52   2          case 8:
  53   2              P22 = 0;
  54   2              P23 = 0;
C51 COMPILER V9.60.0.0   NIXIE                                                             08/12/2021 09:32:00 PAGE 2   

  55   2              P24 = 0;
  56   2              break;
  57   2          }
  58   1          P0 = NixieTable[number];
  59   1      }
  60          
  61          void NixieLoop()
  62          {
  63   1          static unsigned char i = 1;
  64   1          Nixie(i, NixieBuf[i]);
  65   1          i++;
  66   1          if(i >= 9)
  67   1              i = 1;
  68   1      }


MODULE INFORMATION:   STATIC OVERLAYABLE
   CODE SIZE        =    138    ----
   CONSTANT SIZE    =   ----    ----
   XDATA SIZE       =   ----    ----
   PDATA SIZE       =   ----    ----
   DATA SIZE        =     22    ----
   IDATA SIZE       =   ----    ----
   BIT SIZE         =   ----    ----
END OF MODULE INFORMATION.


C51 COMPILATION COMPLETE.  0 WARNING(S),  0 ERROR(S)
