
[2021/8/7 11:1:21 GMT+0800] : launched



[2021/8/7 11:4:42 GMT+0800] : launched



[2021/11/14 21:9:46 GMT+0800] : launched
[Warning] : Only support GCC compiler !
Error: Only support GCC compiler !
	at t.ProjectExplorer.<anonymous> (c:\Users\imxlp\.vscode\extensions\cl.eide-2.14.0\dist\extension.js:1:434019)
	at Generator.next (<anonymous>)
	at c:\Users\imxlp\.vscode\extensions\cl.eide-2.14.0\dist\extension.js:1:393538
	at new Promise (<anonymous>)
	at o (c:\Users\imxlp\.vscode\extensions\cl.eide-2.14.0\dist\extension.js:1:393283)
	at t.ProjectExplorer.showDisassembly (c:\Users\imxlp\.vscode\extensions\cl.eide-2.14.0\dist\extension.js:1:433812)
	at c:\Users\imxlp\.vscode\extensions\cl.eide-2.14.0\dist\extension.js:1:249110
	at o._executeContributedCommand (c:\Software\Microsoft VS Code\resources\app\out\vs\workbench\services\extensions\node\extensionHostProcess.js:94:111751)
	at o.$executeContributedCommand (c:\Software\Microsoft VS Code\resources\app\out\vs\workbench\services\extensions\node\extensionHostProcess.js:94:112293)
	at n._doInvokeHandler (c:\Software\Microsoft VS Code\resources\app\out\vs\workbench\services\extensions\node\extensionHostProcess.js:98:13802)
	at n._invokeHandler (c:\Software\Microsoft VS Code\resources\app\out\vs\workbench\services\extensions\node\extensionHostProcess.js:98:13486)
	at n._receiveRequest (c:\Software\Microsoft VS Code\resources\app\out\vs\workbench\services\extensions\node\extensionHostProcess.js:98:12148)
	at n._receiveOneMessage (c:\Software\Microsoft VS Code\resources\app\out\vs\workbench\services\extensions\node\extensionHostProcess.js:98:10826)
	at c:\Software\Microsoft VS Code\resources\app\out\vs\workbench\services\extensions\node\extensionHostProcess.js:98:8922
	at l.fire (c:\Software\Microsoft VS Code\resources\app\out\vs\workbench\services\extensions\node\extensionHostProcess.js:66:1712)
	at s.fire (c:\Software\Microsoft VS Code\resources\app\out\vs\workbench\services\extensions\node\extensionHostProcess.js:74:15990)
	at c:\Software\Microsoft VS Code\resources\app\out\vs\workbench\services\extensions\node\extensionHostProcess.js:113:30625
	at l.fire (c:\Software\Microsoft VS Code\resources\app\out\vs\workbench\services\extensions\node\extensionHostProcess.js:66:1712)
	at s.fire (c:\Software\Microsoft VS Code\resources\app\out\vs\workbench\services\extensions\node\extensionHostProcess.js:74:15990)
	at f._receiveMessage (c:\Software\Microsoft VS Code\resources\app\out\vs\workbench\services\extensions\node\extensionHostProcess.js:74:21260)
	at c:\Software\Microsoft VS Code\resources\app\out\vs\workbench\services\extensions\node\extensionHostProcess.js:74:18138
	at l.fire (c:\Software\Microsoft VS Code\resources\app\out\vs\workbench\services\extensions\node\extensionHostProcess.js:66:1712)
	at w.acceptChunk (c:\Software\Microsoft VS Code\resources\app\out\vs\workbench\services\extensions\node\extensionHostProcess.js:74:13351)
	at c:\Software\Microsoft VS Code\resources\app\out\vs\workbench\services\extensions\node\extensionHostProcess.js:74:12699
	at Socket.m (c:\Software\Microsoft VS Code\resources\app\out\vs\workbench\services\extensions\node\extensionHostProcess.js:113:13575)
	at Socket.emit (events.js:315:20)
	at addChunk (internal/streams/readable.js:309:12)
	at readableAddChunk (internal/streams/readable.js:284:9)
	at Socket.Readable.push (internal/streams/readable.js:223:10)
	at Pipe.onStreamRead (internal/stream_base_commons.js:188:23)


