C51 COMPILER V9.60.0.0   MAIN                                                              07/31/2021 17:43:14 PAGE 1   


C51 COMPILER V9.60.0.0, COMPILATION OF MODULE MAIN
OBJECT MODULE PLACED IN .\Objects\main.obj
COMPILER INVOKED BY: C:\Software\Keil_v5\C51\BIN\C51.EXE main.c OPTIMIZE(8,SPEED) BROWSE DEBUG OBJECTEXTEND PRINT(.\List
                    -ings\main.lst) OBJECT(.\Objects\main.obj)

line level    source

   1          #include <STC89C5xRC.H>
   2          #include <INTRINS.H>
   3          
   4          char num = 0;
   5          
   6          void Delay20ms()                //@11.0592MHz
   7          {
   8   1          unsigned char i, j, k;
   9   1      
  10   1          _nop_();
  11   1          _nop_();
  12   1          i = 1;
  13   1          j = 216;
  14   1          k = 35;
  15   1          do
  16   1          {
  17   2              do
  18   2              {
  19   3                  while (--k);
  20   3              } while (--j);
  21   2          } while (--i);
  22   1      }
  23          
  24          void numledup() interrupt 0
  25          {
  26   1              num++;
  27   1      }
  28          
  29          void numledup2() interrupt 2
  30          {
  31   1              num++;
  32   1      }
  33          
  34          void count() interrupt 1
  35          {
  36   1              TH0 = (65536 - 50000) / 256;
  37   1              TL0 = (65536 - 50000) % 256;
  38   1              //TR1 = 1;
  39   1              P27 = ~P27;
  40   1              num++;
  41   1              Delay20ms();
  42   1      }
  43          
  44          void count2() interrupt 3
  45          {
  46   1              TH0 = (65536 - 50000) / 256;
  47   1              TL0 = (65536 - 50000) % 256;
  48   1              //TR1 = 1;
  49   1              P21 = ~P21;
  50   1              num++;
  51   1      }
  52          
  53          void main()
  54          {
C51 COMPILER V9.60.0.0   MAIN                                                              07/31/2021 17:43:14 PAGE 2   

  55   1              P27 = 0;
  56   1              TCON = 0x05;
  57   1              IE = 0x85;
  58   1              IP = 0X05;
  59   1              
  60   1              TMOD = 0x01;
  61   1              TH0 = (65536 - 50000) / 256;
  62   1              TL0 = (65536 - 50000) % 256;
  63   1              TCON |= 0x10;
  64   1              IE |= 0X02;
  65   1              IP |= 0X00;
  66   1              
  67   1              TMOD |= 0x10;
  68   1              TCON |= 0x40;
  69   1              TH0 = (65536 - 50000) / 256;
  70   1              TL0 = (65536 - 50000) % 256;
  71   1              IE |= 0x08;
  72   1              IP |= 0x00;
  73   1              
  74   1              
  75   1              
  76   1              
  77   1              
  78   1              
  79   1              while (1)
  80   1              {
  81   2                      //P2 = ~num;
  82   2              
  83   2              }
  84   1              /*
  85   1          while (1)
  86   1          {
  87   1              if ( P33 == 0)
  88   1              {
  89   1                  Delay20ms();
  90   1                  while ( P33 == 0 ) ;
  91   1                              Delay20ms();
  92   1                  //P20 = 0;
  93   1                              num++;
  94   1              }
  95   1                      if ( P32 == 0)
  96   1              {
  97   1                  Delay20ms();
  98   1                  while ( P32 == 0 ) ;
  99   1                              Delay20ms();
 100   1                  //P21 = 0;
 101   1                              num--;
 102   1              }
 103   1                      
 104   1                      P2 = ~num;
 105   1                      
 106   1          }*/
 107   1          return ;
 108   1      }


MODULE INFORMATION:   STATIC OVERLAYABLE
   CODE SIZE        =    108    ----
   CONSTANT SIZE    =   ----    ----
   XDATA SIZE       =   ----    ----
   PDATA SIZE       =   ----    ----
   DATA SIZE        =      1    ----
C51 COMPILER V9.60.0.0   MAIN                                                              07/31/2021 17:43:14 PAGE 3   

   IDATA SIZE       =   ----    ----
   BIT SIZE         =   ----    ----
END OF MODULE INFORMATION.


C51 COMPILATION COMPLETE.  0 WARNING(S),  0 ERROR(S)
