C51 COMPILER V9.60.0.0   MAIN                                                              11/21/2021 19:01:25 PAGE 1   


C51 COMPILER V9.60.0.0, COMPILATION OF MODULE MAIN
OBJECT MODULE PLACED IN .\build\Target 1\main.o
COMPILER INVOKED BY: C:\Software\Keil_v5\C51\BIN\C51.exe .\MAIN.C PRINT(.\build\Target 1\main.lst) OMF2 TABS(4) CODE NOC
                    -OND SYMBOLS OPTIMIZE(8,SPEED) SMALL ROM(LARGE) INCDIR(.\..\..\..\..\Software\Keil_v5\C51\INC\STC;.\..\..\..\..\Software\
                    -Keil_v5\C51\INC\Atmel;.\..\..\..\..\Software\Keil_v5\C51\INC) DEFINE(__UVISION_VERSION=526) OBJECT(.\build\Target 1\main
                    -.o)

line level    source

   1          #include <STC89C5xRC.H>
   2          #include <INTRINS.H>
   3          
   4          void Timer0_Init()
   5          {
   6   1          TMOD |= 0x01;
   7   1          TMOD &= 0xF1;
   8   1          TL0 = 64536 % 256;
   9   1          TH0 = 64536 / 256;
  10   1          EA = 1;
  11   1          ET0 = 1;
  12   1          TR0 = 1;
  13   1      }
  14          
  15          void Timer1_Init()
  16          {
  17   1          TMOD |= 0x10;
  18   1          TMOD &= 0x1F;
  19   1          TL1 = 64536 % 256;
  20   1          TH1 = 64536 / 256;
  21   1          EA = 1;
  22   1          ET1 = 1;
  23   1          TR1 = 1;
  24   1      }
  25          
  26          void Timer0_Inter() interrupt 1
  27          {
  28   1          TL0 = 64536 % 256;
  29   1          TH0 = 64536 / 256;
  30   1          P20 = ~P20;
  31   1      }
  32          
  33          void Timer1_Inter() interrupt 3
  34          {
  35   1          TL1 = 64536 % 256;
  36   1          TH1 = 64536 / 256;
  37   1          P21 = ~P21;
  38   1      }
  39          
  40          int main()
  41          {
  42   1          Timer0_Init();
  43   1          Timer1_Init();
  44   1      
  45   1          while (1)
  46   1          {
  47   2          }
  48   1      
  49   1          return 0;
  50   1      }
*** WARNING C294 IN LINE 49 OF .\MAIN.C: unreachable code
C51 COMPILER V9.60.0.0   MAIN                                                              11/21/2021 19:01:25 PAGE 2   

ASSEMBLY LISTING OF GENERATED OBJECT CODE


             ; FUNCTION Timer0_Init (BEGIN)
                                           ; SOURCE LINE # 4
                                           ; SOURCE LINE # 5
                                           ; SOURCE LINE # 6
0000 438901            ORL     TMOD,#01H
                                           ; SOURCE LINE # 7
0003 5389F1            ANL     TMOD,#0F1H
                                           ; SOURCE LINE # 8
0006 758A18            MOV     TL0,#018H
                                           ; SOURCE LINE # 9
0009 758CFC            MOV     TH0,#0FCH
                                           ; SOURCE LINE # 10
000C D2AF              SETB    EA
                                           ; SOURCE LINE # 11
000E D2A9              SETB    ET0
                                           ; SOURCE LINE # 12
0010 D28C              SETB    TR0
                                           ; SOURCE LINE # 13
0012 22                RET     
             ; FUNCTION Timer0_Init (END)

             ; FUNCTION Timer1_Init (BEGIN)
                                           ; SOURCE LINE # 15
                                           ; SOURCE LINE # 16
                                           ; SOURCE LINE # 17
0000 438910            ORL     TMOD,#010H
                                           ; SOURCE LINE # 18
0003 53891F            ANL     TMOD,#01FH
                                           ; SOURCE LINE # 19
0006 758B18            MOV     TL1,#018H
                                           ; SOURCE LINE # 20
0009 758DFC            MOV     TH1,#0FCH
                                           ; SOURCE LINE # 21
000C D2AF              SETB    EA
                                           ; SOURCE LINE # 22
000E D2AB              SETB    ET1
                                           ; SOURCE LINE # 23
0010 D28E              SETB    TR1
                                           ; SOURCE LINE # 24
0012 22                RET     
             ; FUNCTION Timer1_Init (END)

             ; FUNCTION Timer0_Inter (BEGIN)
                                           ; SOURCE LINE # 26
                                           ; SOURCE LINE # 28
0000 758A18            MOV     TL0,#018H
                                           ; SOURCE LINE # 29
0003 758CFC            MOV     TH0,#0FCH
                                           ; SOURCE LINE # 30
0006 B2A0              CPL     P20
                                           ; SOURCE LINE # 31
0008 32                RETI    
             ; FUNCTION Timer0_Inter (END)

             ; FUNCTION Timer1_Inter (BEGIN)
                                           ; SOURCE LINE # 33
                                           ; SOURCE LINE # 35
0000 758B18            MOV     TL1,#018H
                                           ; SOURCE LINE # 36
C51 COMPILER V9.60.0.0   MAIN                                                              11/21/2021 19:01:25 PAGE 3   

0003 758DFC            MOV     TH1,#0FCH
                                           ; SOURCE LINE # 37
0006 B2A1              CPL     P21
                                           ; SOURCE LINE # 38
0008 32                RETI    
             ; FUNCTION Timer1_Inter (END)

             ; FUNCTION main (BEGIN)
                                           ; SOURCE LINE # 40
                                           ; SOURCE LINE # 41
                                           ; SOURCE LINE # 42
0000 120000      R     LCALL   Timer0_Init
                                           ; SOURCE LINE # 43
0003 120000      R     LCALL   Timer1_Init
0006         ?C0005:
                                           ; SOURCE LINE # 45
                                           ; SOURCE LINE # 46
                                           ; SOURCE LINE # 47
0006 80FE              SJMP    ?C0005
             ; FUNCTION main (END)

C51 COMPILER V9.60.0.0   MAIN                                                              11/21/2021 19:01:25 PAGE 4   

NAME                                    CLASS   MSPACE  TYPE    OFFSET  SIZE
====                                    =====   ======  ====    ======  ====


P0 . . . . . . . . . . . . . . . . . .  SFR      DATA   U_CHAR   0080H  1
P1 . . . . . . . . . . . . . . . . . .  SFR      DATA   U_CHAR   0090H  1
P2 . . . . . . . . . . . . . . . . . .  SFR      DATA   U_CHAR   00A0H  1
P3 . . . . . . . . . . . . . . . . . .  SFR      DATA   U_CHAR   00B0H  1
XICON. . . . . . . . . . . . . . . . .  SFR      DATA   U_CHAR   00C0H  1
T0 . . . . . . . . . . . . . . . . . .  ABSBIT   -----  BIT      00B4H  1
AC . . . . . . . . . . . . . . . . . .  ABSBIT   -----  BIT      00D6H  1
P4 . . . . . . . . . . . . . . . . . .  SFR      DATA   U_CHAR   00E8H  1
T1 . . . . . . . . . . . . . . . . . .  ABSBIT   -----  BIT      00B5H  1
ISP_TRIG . . . . . . . . . . . . . . .  SFR      DATA   U_CHAR   00E6H  1
T2 . . . . . . . . . . . . . . . . . .  ABSBIT   -----  BIT      0090H  1
EA . . . . . . . . . . . . . . . . . .  ABSBIT   -----  BIT      00AFH  1
EC . . . . . . . . . . . . . . . . . .  ABSBIT   -----  BIT      00AEH  1
FE . . . . . . . . . . . . . . . . . .  ABSBIT   -----  BIT      009FH  1
IE . . . . . . . . . . . . . . . . . .  SFR      DATA   U_CHAR   00A8H  1
EXF2 . . . . . . . . . . . . . . . . .  ABSBIT   -----  BIT      00CEH  1
RD . . . . . . . . . . . . . . . . . .  ABSBIT   -----  BIT      00B7H  1
ES . . . . . . . . . . . . . . . . . .  ABSBIT   -----  BIT      00ACH  1
IP . . . . . . . . . . . . . . . . . .  SFR      DATA   U_CHAR   00B8H  1
Timer0_Inter . . . . . . . . . . . . .  PUBLIC   CODE   PROC     0000H  -----
Timer1_Inter . . . . . . . . . . . . .  PUBLIC   CODE   PROC     0000H  -----
RI . . . . . . . . . . . . . . . . . .  ABSBIT   -----  BIT      0098H  1
INT0 . . . . . . . . . . . . . . . . .  ABSBIT   -----  BIT      00B2H  1
CY . . . . . . . . . . . . . . . . . .  ABSBIT   -----  BIT      00D7H  1
TI . . . . . . . . . . . . . . . . . .  ABSBIT   -----  BIT      0099H  1
INT1 . . . . . . . . . . . . . . . . .  ABSBIT   -----  BIT      00B3H  1
RCAP2H . . . . . . . . . . . . . . . .  SFR      DATA   U_CHAR   00CBH  1
ISP_CMD. . . . . . . . . . . . . . . .  SFR      DATA   U_CHAR   00E5H  1
PS . . . . . . . . . . . . . . . . . .  ABSBIT   -----  BIT      00BCH  1
SP . . . . . . . . . . . . . . . . . .  SFR      DATA   U_CHAR   0081H  1
T2EX . . . . . . . . . . . . . . . . .  ABSBIT   -----  BIT      0091H  1
OV . . . . . . . . . . . . . . . . . .  ABSBIT   -----  BIT      00D2H  1
RCAP2L . . . . . . . . . . . . . . . .  SFR      DATA   U_CHAR   00CAH  1
main . . . . . . . . . . . . . . . . .  PUBLIC   CODE   PROC     0000H  -----
C_T2 . . . . . . . . . . . . . . . . .  ABSBIT   -----  BIT      00C9H  1
WR . . . . . . . . . . . . . . . . . .  ABSBIT   -----  BIT      00B6H  1
Timer0_Init. . . . . . . . . . . . . .  PUBLIC   CODE   PROC     0000H  -----
Timer1_Init. . . . . . . . . . . . . .  PUBLIC   CODE   PROC     0000H  -----
RCLK . . . . . . . . . . . . . . . . .  ABSBIT   -----  BIT      00CDH  1
TCLK . . . . . . . . . . . . . . . . .  ABSBIT   -----  BIT      00CCH  1
P00. . . . . . . . . . . . . . . . . .  ABSBIT   -----  BIT      0080H  1
SBUF . . . . . . . . . . . . . . . . .  SFR      DATA   U_CHAR   0099H  1
PCON . . . . . . . . . . . . . . . . .  SFR      DATA   U_CHAR   0087H  1
P10. . . . . . . . . . . . . . . . . .  ABSBIT   -----  BIT      0090H  1
P01. . . . . . . . . . . . . . . . . .  ABSBIT   -----  BIT      0081H  1
P20. . . . . . . . . . . . . . . . . .  ABSBIT   -----  BIT      00A0H  1
P11. . . . . . . . . . . . . . . . . .  ABSBIT   -----  BIT      0091H  1
P02. . . . . . . . . . . . . . . . . .  ABSBIT   -----  BIT      0082H  1
ISP_ADDRH. . . . . . . . . . . . . . .  SFR      DATA   U_CHAR   00E3H  1
P30. . . . . . . . . . . . . . . . . .  ABSBIT   -----  BIT      00B0H  1
P21. . . . . . . . . . . . . . . . . .  ABSBIT   -----  BIT      00A1H  1
P12. . . . . . . . . . . . . . . . . .  ABSBIT   -----  BIT      0092H  1
P03. . . . . . . . . . . . . . . . . .  ABSBIT   -----  BIT      0083H  1
SCON . . . . . . . . . . . . . . . . .  SFR      DATA   U_CHAR   0098H  1
P31. . . . . . . . . . . . . . . . . .  ABSBIT   -----  BIT      00B1H  1
P22. . . . . . . . . . . . . . . . . .  ABSBIT   -----  BIT      00A2H  1
P13. . . . . . . . . . . . . . . . . .  ABSBIT   -----  BIT      0093H  1
C51 COMPILER V9.60.0.0   MAIN                                                              11/21/2021 19:01:25 PAGE 5   

NAME                                    CLASS   MSPACE  TYPE    OFFSET  SIZE
====                                    =====   ======  ====    ======  ====


P04. . . . . . . . . . . . . . . . . .  ABSBIT   -----  BIT      0084H  1
P40. . . . . . . . . . . . . . . . . .  ABSBIT   -----  BIT      00E8H  1
TMOD . . . . . . . . . . . . . . . . .  SFR      DATA   U_CHAR   0089H  1
TCON . . . . . . . . . . . . . . . . .  SFR      DATA   U_CHAR   0088H  1
P32. . . . . . . . . . . . . . . . . .  ABSBIT   -----  BIT      00B2H  1
P23. . . . . . . . . . . . . . . . . .  ABSBIT   -----  BIT      00A3H  1
P14. . . . . . . . . . . . . . . . . .  ABSBIT   -----  BIT      0094H  1
P05. . . . . . . . . . . . . . . . . .  ABSBIT   -----  BIT      0085H  1
P41. . . . . . . . . . . . . . . . . .  ABSBIT   -----  BIT      00E9H  1
P33. . . . . . . . . . . . . . . . . .  ABSBIT   -----  BIT      00B3H  1
P24. . . . . . . . . . . . . . . . . .  ABSBIT   -----  BIT      00A4H  1
P15. . . . . . . . . . . . . . . . . .  ABSBIT   -----  BIT      0095H  1
P06. . . . . . . . . . . . . . . . . .  ABSBIT   -----  BIT      0086H  1
ISP_ADDRL. . . . . . . . . . . . . . .  SFR      DATA   U_CHAR   00E4H  1
P42. . . . . . . . . . . . . . . . . .  ABSBIT   -----  BIT      00EAH  1
P34. . . . . . . . . . . . . . . . . .  ABSBIT   -----  BIT      00B4H  1
P25. . . . . . . . . . . . . . . . . .  ABSBIT   -----  BIT      00A5H  1
P16. . . . . . . . . . . . . . . . . .  ABSBIT   -----  BIT      0096H  1
P07. . . . . . . . . . . . . . . . . .  ABSBIT   -----  BIT      0087H  1
P43. . . . . . . . . . . . . . . . . .  ABSBIT   -----  BIT      00EBH  1
P35. . . . . . . . . . . . . . . . . .  ABSBIT   -----  BIT      00B5H  1
P26. . . . . . . . . . . . . . . . . .  ABSBIT   -----  BIT      00A6H  1
P17. . . . . . . . . . . . . . . . . .  ABSBIT   -----  BIT      0097H  1
P44. . . . . . . . . . . . . . . . . .  ABSBIT   -----  BIT      00ECH  1
P36. . . . . . . . . . . . . . . . . .  ABSBIT   -----  BIT      00B6H  1
P27. . . . . . . . . . . . . . . . . .  ABSBIT   -----  BIT      00A7H  1
P45. . . . . . . . . . . . . . . . . .  ABSBIT   -----  BIT      00EDH  1
P37. . . . . . . . . . . . . . . . . .  ABSBIT   -----  BIT      00B7H  1
P46. . . . . . . . . . . . . . . . . .  ABSBIT   -----  BIT      00EEH  1
IE0. . . . . . . . . . . . . . . . . .  ABSBIT   -----  BIT      0089H  1
IE1. . . . . . . . . . . . . . . . . .  ABSBIT   -----  BIT      008BH  1
AUXR . . . . . . . . . . . . . . . . .  SFR      DATA   U_CHAR   008EH  1
B. . . . . . . . . . . . . . . . . . .  SFR      DATA   U_CHAR   00F0H  1
CP_RL2 . . . . . . . . . . . . . . . .  ABSBIT   -----  BIT      00C8H  1
ACC. . . . . . . . . . . . . . . . . .  SFR      DATA   U_CHAR   00E0H  1
ET0. . . . . . . . . . . . . . . . . .  ABSBIT   -----  BIT      00A9H  1
ET1. . . . . . . . . . . . . . . . . .  ABSBIT   -----  BIT      00ABH  1
TF0. . . . . . . . . . . . . . . . . .  ABSBIT   -----  BIT      008DH  1
ET2. . . . . . . . . . . . . . . . . .  ABSBIT   -----  BIT      00ADH  1
TF1. . . . . . . . . . . . . . . . . .  ABSBIT   -----  BIT      008FH  1
TF2. . . . . . . . . . . . . . . . . .  ABSBIT   -----  BIT      00CFH  1
RB8. . . . . . . . . . . . . . . . . .  ABSBIT   -----  BIT      009AH  1
TH0. . . . . . . . . . . . . . . . . .  SFR      DATA   U_CHAR   008CH  1
EX0. . . . . . . . . . . . . . . . . .  ABSBIT   -----  BIT      00A8H  1
IT0. . . . . . . . . . . . . . . . . .  ABSBIT   -----  BIT      0088H  1
TH1. . . . . . . . . . . . . . . . . .  SFR      DATA   U_CHAR   008DH  1
TB8. . . . . . . . . . . . . . . . . .  ABSBIT   -----  BIT      009BH  1
EX1. . . . . . . . . . . . . . . . . .  ABSBIT   -----  BIT      00AAH  1
IT1. . . . . . . . . . . . . . . . . .  ABSBIT   -----  BIT      008AH  1
TH2. . . . . . . . . . . . . . . . . .  SFR      DATA   U_CHAR   00CDH  1
P. . . . . . . . . . . . . . . . . . .  ABSBIT   -----  BIT      00D0H  1
SM0. . . . . . . . . . . . . . . . . .  ABSBIT   -----  BIT      009FH  1
TL0. . . . . . . . . . . . . . . . . .  SFR      DATA   U_CHAR   008AH  1
SM1. . . . . . . . . . . . . . . . . .  ABSBIT   -----  BIT      009EH  1
TL1. . . . . . . . . . . . . . . . . .  SFR      DATA   U_CHAR   008BH  1
SM2. . . . . . . . . . . . . . . . . .  ABSBIT   -----  BIT      009DH  1
TL2. . . . . . . . . . . . . . . . . .  SFR      DATA   U_CHAR   00CCH  1
C51 COMPILER V9.60.0.0   MAIN                                                              11/21/2021 19:01:25 PAGE 6   

NAME                                    CLASS   MSPACE  TYPE    OFFSET  SIZE
====                                    =====   ======  ====    ======  ====


PT0. . . . . . . . . . . . . . . . . .  ABSBIT   -----  BIT      00B9H  1
PT1. . . . . . . . . . . . . . . . . .  ABSBIT   -----  BIT      00BBH  1
RS0. . . . . . . . . . . . . . . . . .  ABSBIT   -----  BIT      00D3H  1
ISP_CONTR. . . . . . . . . . . . . . .  SFR      DATA   U_CHAR   00E7H  1
PT2. . . . . . . . . . . . . . . . . .  ABSBIT   -----  BIT      00BDH  1
TR0. . . . . . . . . . . . . . . . . .  ABSBIT   -----  BIT      008CH  1
RS1. . . . . . . . . . . . . . . . . .  ABSBIT   -----  BIT      00D4H  1
TR1. . . . . . . . . . . . . . . . . .  ABSBIT   -----  BIT      008EH  1
TR2. . . . . . . . . . . . . . . . . .  ABSBIT   -----  BIT      00CAH  1
PX0. . . . . . . . . . . . . . . . . .  ABSBIT   -----  BIT      00B8H  1
WDT_CONTR. . . . . . . . . . . . . . .  SFR      DATA   U_CHAR   00E1H  1
PX1. . . . . . . . . . . . . . . . . .  ABSBIT   -----  BIT      00BAH  1
DPH. . . . . . . . . . . . . . . . . .  SFR      DATA   U_CHAR   0083H  1
DPL. . . . . . . . . . . . . . . . . .  SFR      DATA   U_CHAR   0082H  1
IPH. . . . . . . . . . . . . . . . . .  SFR      DATA   U_CHAR   00B7H  1
EXEN2. . . . . . . . . . . . . . . . .  ABSBIT   -----  BIT      00CBH  1
REN. . . . . . . . . . . . . . . . . .  ABSBIT   -----  BIT      009CH  1
T2MOD. . . . . . . . . . . . . . . . .  SFR      DATA   U_CHAR   00C9H  1
T2CON. . . . . . . . . . . . . . . . .  SFR      DATA   U_CHAR   00C8H  1
ISP_DATA . . . . . . . . . . . . . . .  SFR      DATA   U_CHAR   00E2H  1
SADEN. . . . . . . . . . . . . . . . .  SFR      DATA   U_CHAR   00B9H  1
RXD. . . . . . . . . . . . . . . . . .  ABSBIT   -----  BIT      00B0H  1
SADDR. . . . . . . . . . . . . . . . .  SFR      DATA   U_CHAR   00A9H  1
TXD. . . . . . . . . . . . . . . . . .  ABSBIT   -----  BIT      00B1H  1
AUXR1. . . . . . . . . . . . . . . . .  SFR      DATA   U_CHAR   00A2H  1
F0 . . . . . . . . . . . . . . . . . .  ABSBIT   -----  BIT      00D5H  1
F1 . . . . . . . . . . . . . . . . . .  ABSBIT   -----  BIT      00D1H  1
PSW. . . . . . . . . . . . . . . . . .  SFR      DATA   U_CHAR   00D0H  1


MODULE INFORMATION:   STATIC OVERLAYABLE
   CODE SIZE        =     70    ----
   CONSTANT SIZE    =   ----    ----
   XDATA SIZE       =   ----    ----
   PDATA SIZE       =   ----    ----
   DATA SIZE        =   ----    ----
   IDATA SIZE       =   ----    ----
   BIT SIZE         =   ----    ----
   EDATA SIZE       =   ----    ----
   HDATA SIZE       =   ----    ----
   XDATA CONST SIZE =   ----    ----
   FAR CONST SIZE   =   ----    ----
END OF MODULE INFORMATION.


C51 COMPILATION COMPLETE.  1 WARNING(S),  0 ERROR(S)
