C51 COMPILER V9.60.0.0   MAIN                                                              08/09/2021 21:40:00 PAGE 1   


C51 COMPILER V9.60.0.0, COMPILATION OF MODULE MAIN
OBJECT MODULE PLACED IN .\Objects\main.obj
COMPILER INVOKED BY: C:\Software\Keil_v5\C51\BIN\C51.EXE main.c OPTIMIZE(8,SPEED) BROWSE DEBUG OBJECTEXTEND PRINT(.\List
                    -ings\main.lst) OBJECT(.\Objects\main.obj)

line level    source

   1          #include <STC89C5xRC.H>
   2          #include <INTRINS.H>
   3          #include "Delayms.h"
   4          
   5          unsigned char num = 0;
   6          
   7          int main()
   8          {
   9   1          P2 = ~0x01;
  10   1          while(1)
  11   1          {
  12   2              /*add your codes*/
  13   2              if(P33 == 0)
  14   2              {
  15   3                  Delayms(20);
  16   3                  while(P33 == 0) ;
  17   3                  Delayms(20);
  18   3                  num++;
  19   3                  if (num >= 8)
  20   3                      num = 0;
  21   3                  P2 = ~(0x01 << num);
  22   3              }
  23   2                      
  24   2                      if(P32 == 0)
  25   2              {
  26   3                  Delayms(20);
  27   3                  while(P32 == 0) ;
  28   3                  Delayms(20);
  29   3                  
  30   3                  if (num  == 0)
  31   3                      num = 7;
  32   3                              else
  33   3                                      num--;
  34   3                  P2 = ~(0x01 << num);
  35   3              }
  36   2      
  37   2          }
  38   1          return 0;
  39   1      }
*** WARNING C294 IN LINE 38 OF main.c: unreachable code


MODULE INFORMATION:   STATIC OVERLAYABLE
   CODE SIZE        =    104    ----
   CONSTANT SIZE    =   ----    ----
   XDATA SIZE       =   ----    ----
   PDATA SIZE       =   ----    ----
   DATA SIZE        =      1    ----
   IDATA SIZE       =   ----    ----
   BIT SIZE         =   ----    ----
END OF MODULE INFORMATION.


C51 COMPILATION COMPLETE.  1 WARNING(S),  0 ERROR(S)
