C51 COMPILER V9.60.0.0   MAIN                                                              08/03/2021 21:23:27 PAGE 1   


C51 COMPILER V9.60.0.0, COMPILATION OF MODULE MAIN
OBJECT MODULE PLACED IN .\build\Debug\main.o
COMPILER INVOKED BY: C:\Software\Keil_v5\C51\BIN\C51.exe .\SRC\MAIN.C PRINT(.\build\Debug\main.lst) OMF2 TABS(4) CODE NO
                    -COND SYMBOLS OPTIMIZE(8,SPEED) SMALL ROM(LARGE) INCDIR(c:\Software\Keil_v5\C51\INC;c:\Software\Keil_v5\C51\INC\STC;C:\So
                    -ftware\Keil_v5\C51\INC;.\src) DEFINE(__UVISION_VERSION=526) OBJECT(.\build\Debug\main.o)

line level    source

   1          /**************************************************************************************
   2          *                     串口通信实验                                                  *
   3          实现现象：下载程序后打开串口调试助手，将波特率设置为4800，选择发送的数据
             -就可以显示
   4                      在串口助手上。
   5          注意事项：无。                                                                                 
   6          ***************************************************************************************/
   7          
   8          #include "reg52.h"           //此文件中定义了单片机的一些特殊功能寄存器
   9          
  10          typedef unsigned int u16;     //对数据类型进行声明定义
  11          typedef unsigned char u8;
  12          
  13          
  14          /*******************************************************************************
  15          * 函数名         :UsartInit()
  16          * 函数功能         :设置串口
  17          * 输入           : 无
  18          * 输出             : 无
  19          *******************************************************************************/
  20          void UsartInit()
  21          {
  22   1          SCON=0X50;          //设置为工作方式1
  23   1          TMOD=0X20;          //设置计数器工作方式2
  24   1          PCON=0X80;          //波特率加倍
  25   1          TH1=0XF3;               //计数器初始值设置，注意波特率是4800的
  26   1          TL1=0XF3;
  27   1          ES=1;                       //打开接收中断
  28   1          EA=1;                       //打开总中断
  29   1          TR1=1;                  //打开计数器
  30   1      }
  31          
  32          /*******************************************************************************
  33          * 函 数 名       : main
  34          * 函数功能       : 主函数
  35          * 输    入       : 无
  36          * 输    出         : 无
  37          *******************************************************************************/
  38          void main()
  39          {   
  40   1          UsartInit();  //    串口初始化
  41   1          while(1);       
  42   1      }
  43          
  44          /*******************************************************************************
  45          * 函数名         : Usart() interrupt 4
  46          * 函数功能        : 串口通信中断函数
  47          * 输入           : 无
  48          * 输出             : 无
  49          *******************************************************************************/
  50          void Usart() interrupt 4
  51          {
  52   1          u8 receiveData;
C51 COMPILER V9.60.0.0   MAIN                                                              08/03/2021 21:23:27 PAGE 2   

  53   1      
  54   1          receiveData=SBUF;//出去接收到的数据
  55   1          RI = 0;//清除接收中断标志位
  56   1          SBUF=receiveData;//将接收到的数据放入到发送寄存器
  57   1          while(!TI);          //等待发送数据完成
  58   1          TI=0;                        //清除发送完成标志位
  59   1      }
C51 COMPILER V9.60.0.0   MAIN                                                              08/03/2021 21:23:27 PAGE 3   

ASSEMBLY LISTING OF GENERATED OBJECT CODE


             ; FUNCTION UsartInit (BEGIN)
                                           ; SOURCE LINE # 20
                                           ; SOURCE LINE # 21
                                           ; SOURCE LINE # 22
0000 759850            MOV     SCON,#050H
                                           ; SOURCE LINE # 23
0003 758920            MOV     TMOD,#020H
                                           ; SOURCE LINE # 24
0006 758780            MOV     PCON,#080H
                                           ; SOURCE LINE # 25
0009 758DF3            MOV     TH1,#0F3H
                                           ; SOURCE LINE # 26
000C 758BF3            MOV     TL1,#0F3H
                                           ; SOURCE LINE # 27
000F D2AC              SETB    ES
                                           ; SOURCE LINE # 28
0011 D2AF              SETB    EA
                                           ; SOURCE LINE # 29
0013 D28E              SETB    TR1
                                           ; SOURCE LINE # 30
0015 22                RET     
             ; FUNCTION UsartInit (END)

             ; FUNCTION main (BEGIN)
                                           ; SOURCE LINE # 38
                                           ; SOURCE LINE # 39
                                           ; SOURCE LINE # 40
0000 120000      R     LCALL   UsartInit
0003         ?C0002:
                                           ; SOURCE LINE # 41
0003 80FE              SJMP    ?C0002
             ; FUNCTION main (END)

             ; FUNCTION Usart (BEGIN)
0000 C0D0              PUSH    PSW
0002 75D000            MOV     PSW,#00H
0005 C007              PUSH    AR7
                                           ; SOURCE LINE # 50
                                           ; SOURCE LINE # 54
;---- Variable 'receiveData' assigned to Register 'R7' ----
0007 AF99              MOV     R7,SBUF
                                           ; SOURCE LINE # 55
0009 C298              CLR     RI
                                           ; SOURCE LINE # 56
000B 8F99              MOV     SBUF,R7
000D         ?C0005:
                                           ; SOURCE LINE # 57
000D 3099FD            JNB     TI,?C0005
                                           ; SOURCE LINE # 58
0010 C299              CLR     TI
                                           ; SOURCE LINE # 59
0012 D007              POP     AR7
0014 D0D0              POP     PSW
0016 32                RETI    
             ; FUNCTION Usart (END)

C51 COMPILER V9.60.0.0   MAIN                                                              08/03/2021 21:23:27 PAGE 4   

NAME                                    CLASS   MSPACE  TYPE    OFFSET  SIZE
====                                    =====   ======  ====    ======  ====


P0 . . . . . . . . . . . . . . . . . .  SFR      DATA   U_CHAR   0080H  1
P1 . . . . . . . . . . . . . . . . . .  SFR      DATA   U_CHAR   0090H  1
P2 . . . . . . . . . . . . . . . . . .  SFR      DATA   U_CHAR   00A0H  1
P3 . . . . . . . . . . . . . . . . . .  SFR      DATA   U_CHAR   00B0H  1
T0 . . . . . . . . . . . . . . . . . .  ABSBIT   -----  BIT      00B4H  1
AC . . . . . . . . . . . . . . . . . .  ABSBIT   -----  BIT      00D6H  1
T1 . . . . . . . . . . . . . . . . . .  ABSBIT   -----  BIT      00B5H  1
T2 . . . . . . . . . . . . . . . . . .  ABSBIT   -----  BIT      0090H  1
EA . . . . . . . . . . . . . . . . . .  ABSBIT   -----  BIT      00AFH  1
IE . . . . . . . . . . . . . . . . . .  SFR      DATA   U_CHAR   00A8H  1
Usart. . . . . . . . . . . . . . . . .  PUBLIC   CODE   PROC     0000H  -----
  receiveData. . . . . . . . . . . . .  * REG *  DATA   U_CHAR   0007H  1
EXF2 . . . . . . . . . . . . . . . . .  ABSBIT   -----  BIT      00CEH  1
RD . . . . . . . . . . . . . . . . . .  ABSBIT   -----  BIT      00B7H  1
ES . . . . . . . . . . . . . . . . . .  ABSBIT   -----  BIT      00ACH  1
IP . . . . . . . . . . . . . . . . . .  SFR      DATA   U_CHAR   00B8H  1
RI . . . . . . . . . . . . . . . . . .  ABSBIT   -----  BIT      0098H  1
INT0 . . . . . . . . . . . . . . . . .  ABSBIT   -----  BIT      00B2H  1
CY . . . . . . . . . . . . . . . . . .  ABSBIT   -----  BIT      00D7H  1
TI . . . . . . . . . . . . . . . . . .  ABSBIT   -----  BIT      0099H  1
INT1 . . . . . . . . . . . . . . . . .  ABSBIT   -----  BIT      00B3H  1
RCAP2H . . . . . . . . . . . . . . . .  SFR      DATA   U_CHAR   00CBH  1
PS . . . . . . . . . . . . . . . . . .  ABSBIT   -----  BIT      00BCH  1
SP . . . . . . . . . . . . . . . . . .  SFR      DATA   U_CHAR   0081H  1
T2EX . . . . . . . . . . . . . . . . .  ABSBIT   -----  BIT      0091H  1
OV . . . . . . . . . . . . . . . . . .  ABSBIT   -----  BIT      00D2H  1
RCAP2L . . . . . . . . . . . . . . . .  SFR      DATA   U_CHAR   00CAH  1
main . . . . . . . . . . . . . . . . .  PUBLIC   CODE   PROC     0000H  -----
UsartInit. . . . . . . . . . . . . . .  PUBLIC   CODE   PROC     0000H  -----
C_T2 . . . . . . . . . . . . . . . . .  ABSBIT   -----  BIT      00C9H  1
WR . . . . . . . . . . . . . . . . . .  ABSBIT   -----  BIT      00B6H  1
u8 . . . . . . . . . . . . . . . . . .  TYPEDEF  -----  U_CHAR   -----  1
RCLK . . . . . . . . . . . . . . . . .  ABSBIT   -----  BIT      00CDH  1
TCLK . . . . . . . . . . . . . . . . .  ABSBIT   -----  BIT      00CCH  1
SBUF . . . . . . . . . . . . . . . . .  SFR      DATA   U_CHAR   0099H  1
PCON . . . . . . . . . . . . . . . . .  SFR      DATA   U_CHAR   0087H  1
SCON . . . . . . . . . . . . . . . . .  SFR      DATA   U_CHAR   0098H  1
TMOD . . . . . . . . . . . . . . . . .  SFR      DATA   U_CHAR   0089H  1
TCON . . . . . . . . . . . . . . . . .  SFR      DATA   U_CHAR   0088H  1
IE0. . . . . . . . . . . . . . . . . .  ABSBIT   -----  BIT      0089H  1
IE1. . . . . . . . . . . . . . . . . .  ABSBIT   -----  BIT      008BH  1
B. . . . . . . . . . . . . . . . . . .  SFR      DATA   U_CHAR   00F0H  1
CP_RL2 . . . . . . . . . . . . . . . .  ABSBIT   -----  BIT      00C8H  1
ACC. . . . . . . . . . . . . . . . . .  SFR      DATA   U_CHAR   00E0H  1
ET0. . . . . . . . . . . . . . . . . .  ABSBIT   -----  BIT      00A9H  1
ET1. . . . . . . . . . . . . . . . . .  ABSBIT   -----  BIT      00ABH  1
TF0. . . . . . . . . . . . . . . . . .  ABSBIT   -----  BIT      008DH  1
ET2. . . . . . . . . . . . . . . . . .  ABSBIT   -----  BIT      00ADH  1
TF1. . . . . . . . . . . . . . . . . .  ABSBIT   -----  BIT      008FH  1
TF2. . . . . . . . . . . . . . . . . .  ABSBIT   -----  BIT      00CFH  1
RB8. . . . . . . . . . . . . . . . . .  ABSBIT   -----  BIT      009AH  1
TH0. . . . . . . . . . . . . . . . . .  SFR      DATA   U_CHAR   008CH  1
EX0. . . . . . . . . . . . . . . . . .  ABSBIT   -----  BIT      00A8H  1
IT0. . . . . . . . . . . . . . . . . .  ABSBIT   -----  BIT      0088H  1
TH1. . . . . . . . . . . . . . . . . .  SFR      DATA   U_CHAR   008DH  1
TB8. . . . . . . . . . . . . . . . . .  ABSBIT   -----  BIT      009BH  1
EX1. . . . . . . . . . . . . . . . . .  ABSBIT   -----  BIT      00AAH  1
C51 COMPILER V9.60.0.0   MAIN                                                              08/03/2021 21:23:27 PAGE 5   

NAME                                    CLASS   MSPACE  TYPE    OFFSET  SIZE
====                                    =====   ======  ====    ======  ====


IT1. . . . . . . . . . . . . . . . . .  ABSBIT   -----  BIT      008AH  1
TH2. . . . . . . . . . . . . . . . . .  SFR      DATA   U_CHAR   00CDH  1
P. . . . . . . . . . . . . . . . . . .  ABSBIT   -----  BIT      00D0H  1
SM0. . . . . . . . . . . . . . . . . .  ABSBIT   -----  BIT      009FH  1
TL0. . . . . . . . . . . . . . . . . .  SFR      DATA   U_CHAR   008AH  1
SM1. . . . . . . . . . . . . . . . . .  ABSBIT   -----  BIT      009EH  1
TL1. . . . . . . . . . . . . . . . . .  SFR      DATA   U_CHAR   008BH  1
SM2. . . . . . . . . . . . . . . . . .  ABSBIT   -----  BIT      009DH  1
TL2. . . . . . . . . . . . . . . . . .  SFR      DATA   U_CHAR   00CCH  1
PT0. . . . . . . . . . . . . . . . . .  ABSBIT   -----  BIT      00B9H  1
PT1. . . . . . . . . . . . . . . . . .  ABSBIT   -----  BIT      00BBH  1
RS0. . . . . . . . . . . . . . . . . .  ABSBIT   -----  BIT      00D3H  1
PT2. . . . . . . . . . . . . . . . . .  ABSBIT   -----  BIT      00BDH  1
TR0. . . . . . . . . . . . . . . . . .  ABSBIT   -----  BIT      008CH  1
RS1. . . . . . . . . . . . . . . . . .  ABSBIT   -----  BIT      00D4H  1
TR1. . . . . . . . . . . . . . . . . .  ABSBIT   -----  BIT      008EH  1
TR2. . . . . . . . . . . . . . . . . .  ABSBIT   -----  BIT      00CAH  1
PX0. . . . . . . . . . . . . . . . . .  ABSBIT   -----  BIT      00B8H  1
PX1. . . . . . . . . . . . . . . . . .  ABSBIT   -----  BIT      00BAH  1
u16. . . . . . . . . . . . . . . . . .  TYPEDEF  -----  U_INT    -----  2
DPH. . . . . . . . . . . . . . . . . .  SFR      DATA   U_CHAR   0083H  1
DPL. . . . . . . . . . . . . . . . . .  SFR      DATA   U_CHAR   0082H  1
EXEN2. . . . . . . . . . . . . . . . .  ABSBIT   -----  BIT      00CBH  1
REN. . . . . . . . . . . . . . . . . .  ABSBIT   -----  BIT      009CH  1
T2CON. . . . . . . . . . . . . . . . .  SFR      DATA   U_CHAR   00C8H  1
RXD. . . . . . . . . . . . . . . . . .  ABSBIT   -----  BIT      00B0H  1
TXD. . . . . . . . . . . . . . . . . .  ABSBIT   -----  BIT      00B1H  1
F0 . . . . . . . . . . . . . . . . . .  ABSBIT   -----  BIT      00D5H  1
PSW. . . . . . . . . . . . . . . . . .  SFR      DATA   U_CHAR   00D0H  1


MODULE INFORMATION:   STATIC OVERLAYABLE
   CODE SIZE        =     53    ----
   CONSTANT SIZE    =   ----    ----
   XDATA SIZE       =   ----    ----
   PDATA SIZE       =   ----    ----
   DATA SIZE        =   ----    ----
   IDATA SIZE       =   ----    ----
   BIT SIZE         =   ----    ----
   EDATA SIZE       =   ----    ----
   HDATA SIZE       =   ----    ----
   XDATA CONST SIZE =   ----    ----
   FAR CONST SIZE   =   ----    ----
END OF MODULE INFORMATION.


C51 COMPILATION COMPLETE.  0 WARNING(S),  0 ERROR(S)
