C51 COMPILER V9.60.0.0   MAIN                                                              08/09/2021 21:39:49 PAGE 1   


C51 COMPILER V9.60.0.0, COMPILATION OF MODULE MAIN
OBJECT MODULE PLACED IN .\Objects\main.obj
COMPILER INVOKED BY: C:\Software\Keil_v5\C51\BIN\C51.EXE main.c OPTIMIZE(8,SPEED) BROWSE DEBUG OBJECTEXTEND PRINT(.\List
                    -ings\main.lst) OBJECT(.\Objects\main.obj)

line level    source

   1          #include <STC89C5xRC.H>
   2          #include <INTRINS.H>
   3          #include "Delayms.h"
   4          
   5          int main()
   6          {
   7   1              unsigned char num = 0;
   8   1              P2 = 0xFF;
   9   1          while(1)
  10   1          {
  11   2              /*add your codes*/
  12   2                      if (P33 == 0)
  13   2                      {
  14   3                              Delayms(20);
  15   3                              while( P33 == 0);
  16   3                              Delayms(20);
  17   3                              num++;
  18   3                              P2 = ~num;
  19   3                      }
  20   2          }
  21   1          return 0;
  22   1      }
*** WARNING C294 IN LINE 21 OF main.c: unreachable code


MODULE INFORMATION:   STATIC OVERLAYABLE
   CODE SIZE        =     35    ----
   CONSTANT SIZE    =   ----    ----
   XDATA SIZE       =   ----    ----
   PDATA SIZE       =   ----    ----
   DATA SIZE        =   ----       1
   IDATA SIZE       =   ----    ----
   BIT SIZE         =   ----    ----
END OF MODULE INFORMATION.


C51 COMPILATION COMPLETE.  1 WARNING(S),  0 ERROR(S)
