Flow report for myclock
Sat Nov 27 14:40:15 2021
Quartus II Version 9.0 Build 235 06/17/2009 Service Pack 2 SJ Web Edition


---------------------
; Table of Contents ;
---------------------
  1. Legal Notice
  2. Flow Summary
  3. Flow Settings
  4. Flow Non-Default Global Settings
  5. Flow Elapsed Time
  6. Flow OS Summary
  7. Flow Log



----------------
; Legal Notice ;
----------------
Copyright (C) 1991-2009 Altera Corporation
Your use of Altera Corporation's design tools, logic functions 
and other software and tools, and its AMPP partner logic 
functions, and any output files from any of the foregoing 
(including device programming or simulation files), and any 
associated documentation or information are expressly subject 
to the terms and conditions of the Altera Program License 
Subscription Agreement, Altera MegaCore Function License 
Agreement, or other applicable license agreement, including, 
without limitation, that your use is for the sole purpose of 
programming logic devices manufactured by Altera and sold by 
Altera or its authorized distributors.  Please refer to the 
applicable agreement for further details.



+------------------------------------------------------------------------+
; Flow Summary                                                           ;
+-------------------------+----------------------------------------------+
; Flow Status             ; Successful - Sat Nov 27 14:40:15 2021        ;
; Quartus II Version      ; 9.0 Build 235 06/17/2009 SP 2 SJ Web Edition ;
; Revision Name           ; myclock                                      ;
; Top-level Entity Name   ; TIMEKEEP                                     ;
; Family                  ; Cyclone                                      ;
; Device                  ; EP1C6Q240C8                                  ;
; Timing Models           ; Final                                        ;
; Met timing requirements ; Yes                                          ;
; Total logic elements    ; 6 / 5,980 ( < 1 % )                          ;
; Total pins              ; 19 / 185 ( 10 % )                            ;
; Total virtual pins      ; 0                                            ;
; Total memory bits       ; 0 / 92,160 ( 0 % )                           ;
; Total PLLs              ; 0 / 2 ( 0 % )                                ;
+-------------------------+----------------------------------------------+


+-----------------------------------------+
; Flow Settings                           ;
+-------------------+---------------------+
; Option            ; Setting             ;
+-------------------+---------------------+
; Start date & time ; 11/27/2021 14:40:11 ;
; Main task         ; Compilation         ;
; Revision Name     ; myclock             ;
+-------------------+---------------------+


+-----------------------------------------------------------------------------------------------------------------+
; Flow Non-Default Global Settings                                                                                ;
+------------------------------------+-----------------------------+---------------+-------------+----------------+
; Assignment Name                    ; Value                       ; Default Value ; Entity Name ; Section Id     ;
+------------------------------------+-----------------------------+---------------+-------------+----------------+
; COMPILER_SIGNATURE_ID              ; 52241765870.163799521104020 ; --            ; --          ; --             ;
; MAX_CORE_JUNCTION_TEMP             ; 85                          ; --            ; --          ; --             ;
; MIN_CORE_JUNCTION_TEMP             ; 0                           ; --            ; --          ; --             ;
; PARTITION_COLOR                    ; 16764057                    ; --            ; timekeep    ; Top            ;
; PARTITION_NETLIST_TYPE             ; SOURCE                      ; --            ; timekeep    ; Top            ;
; TOP_LEVEL_ENTITY                   ; timekeep                    ; myclock       ; --          ; --             ;
; USE_GENERATED_PHYSICAL_CONSTRAINTS ; Off                         ; --            ; --          ; eda_blast_fpga ;
+------------------------------------+-----------------------------+---------------+-------------+----------------+


+-----------------------------------------------------------------------------------------------------------------------------+
; Flow Elapsed Time                                                                                                           ;
+-------------------------+--------------+-------------------------+---------------------+------------------------------------+
; Module Name             ; Elapsed Time ; Average Processors Used ; Peak Virtual Memory ; Total CPU Time (on all processors) ;
+-------------------------+--------------+-------------------------+---------------------+------------------------------------+
; Analysis & Synthesis    ; 00:00:01     ; 1.0                     ; 230 MB              ; 00:00:01                           ;
; Fitter                  ; 00:00:01     ; 1.0                     ; 251 MB              ; 00:00:01                           ;
; Assembler               ; 00:00:00     ; 1.0                     ; 204 MB              ; 00:00:00                           ;
; Classic Timing Analyzer ; 00:00:00     ; 1.0                     ; 166 MB              ; 00:00:00                           ;
; Total                   ; 00:00:02     ; --                      ; --                  ; 00:00:02                           ;
+-------------------------+--------------+-------------------------+---------------------+------------------------------------+


+------------------------------------------------------------------------------------------+
; Flow OS Summary                                                                          ;
+-------------------------+------------------+---------------+------------+----------------+
; Module Name             ; Machine Hostname ; OS Name       ; OS Version ; Processor type ;
+-------------------------+------------------+---------------+------------+----------------+
; Analysis & Synthesis    ; WIN-E2VKHH1R4B9  ; Windows Vista ; 6.1        ; x86_64         ;
; Fitter                  ; WIN-E2VKHH1R4B9  ; Windows Vista ; 6.1        ; x86_64         ;
; Assembler               ; WIN-E2VKHH1R4B9  ; Windows Vista ; 6.1        ; x86_64         ;
; Classic Timing Analyzer ; WIN-E2VKHH1R4B9  ; Windows Vista ; 6.1        ; x86_64         ;
+-------------------------+------------------+---------------+------------+----------------+


------------
; Flow Log ;
------------
quartus_map --read_settings_files=on --write_settings_files=off myclock -c myclock
quartus_fit --read_settings_files=off --write_settings_files=off myclock -c myclock
quartus_asm --read_settings_files=off --write_settings_files=off myclock -c myclock
quartus_tan --read_settings_files=off --write_settings_files=off myclock -c myclock --timing_analysis_only



