C51 COMPILER V9.60.0.0   MAIN                                                              08/09/2021 21:41:15 PAGE 1   


C51 COMPILER V9.60.0.0, COMPILATION OF MODULE MAIN
OBJECT MODULE PLACED IN .\Objects\main.obj
COMPILER INVOKED BY: C:\Software\Keil_v5\C51\BIN\C51.EXE main.c OPTIMIZE(8,SPEED) BROWSE DEBUG OBJECTEXTEND PRINT(.\List
                    -ings\main.lst) OBJECT(.\Objects\main.obj)

line level    source

   1          #include <STC89C5xRC.H>
   2          #include <INTRINS.H>
   3          #include "Delayms.h"
   4          #include "UART.h"
   5          
   6          int main()
   7          {
   8   1          UART_Init();
   9   1          while(1)
  10   1          {
  11   2              /*add your codes*/
  12   2              UART_SendByte(0x41);
  13   2              Delayms(500);
  14   2          }
  15   1          return 0;
  16   1      }
  17          
  18          void UART_Recv() interrupt 4
  19          {
  20   1          if(RI == 1)                 //判断是否是接收
  21   1          {
  22   2              P2 = ~SBUF;
  23   2              RI = 0;                 //软件复位
  24   2          }
  25   1      }
*** WARNING C294 IN LINE 15 OF main.c: unreachable code


MODULE INFORMATION:   STATIC OVERLAYABLE
   CODE SIZE        =     32    ----
   CONSTANT SIZE    =   ----    ----
   XDATA SIZE       =   ----    ----
   PDATA SIZE       =   ----    ----
   DATA SIZE        =   ----    ----
   IDATA SIZE       =   ----    ----
   BIT SIZE         =   ----    ----
END OF MODULE INFORMATION.


C51 COMPILATION COMPLETE.  1 WARNING(S),  0 ERROR(S)
