C51 COMPILER V9.60.0.0   MAIN                                                              08/09/2021 21:39:38 PAGE 1   


C51 COMPILER V9.60.0.0, COMPILATION OF MODULE MAIN
OBJECT MODULE PLACED IN .\Objects\main.obj
COMPILER INVOKED BY: C:\Software\Keil_v5\C51\BIN\C51.EXE main.c OPTIMIZE(8,SPEED) BROWSE DEBUG OBJECTEXTEND PRINT(.\List
                    -ings\main.lst) OBJECT(.\Objects\main.obj)

line level    source

   1          #include <STC89C5xRC.H>
   2          #include <INTRINS.H>
   3          #include "Delayms.h"
   4          int main()
   5          {
   6   1          while(1)
   7   1          {
   8   2              /*add your codes*/
   9   2              if(P33 == 0)
  10   2              {
  11   3                  Delayms(20);
  12   3                  while(P33 == 0) ;
  13   3                  Delayms(20);
  14   3                  P20 = ~P20;
  15   3              }
  16   2              
  17   2          }
  18   1          return 0;
  19   1      }
*** WARNING C294 IN LINE 18 OF main.c: unreachable code


MODULE INFORMATION:   STATIC OVERLAYABLE
   CODE SIZE        =     24    ----
   CONSTANT SIZE    =   ----    ----
   XDATA SIZE       =   ----    ----
   PDATA SIZE       =   ----    ----
   DATA SIZE        =   ----    ----
   IDATA SIZE       =   ----    ----
   BIT SIZE         =   ----    ----
END OF MODULE INFORMATION.


C51 COMPILATION COMPLETE.  1 WARNING(S),  0 ERROR(S)
