C51 COMPILER V9.60.0.0   MAIN                                                              08/09/2021 21:40:47 PAGE 1   


C51 COMPILER V9.60.0.0, COMPILATION OF MODULE MAIN
OBJECT MODULE PLACED IN .\Objects\main.obj
COMPILER INVOKED BY: C:\Software\Keil_v5\C51\BIN\C51.EXE main.c OPTIMIZE(8,SPEED) BROWSE DEBUG OBJECTEXTEND PRINT(.\List
                    -ings\main.lst) OBJECT(.\Objects\main.obj)

line level    source

   1          #include <STC89C5xRC.H>
   2          #include <INTRINS.H>
   3          
   4          void Timer0_Init();
   5          void Timer1_Init();
   6          
   7          int main()
   8          {
   9   1          Timer0_Init();
  10   1          Timer1_Init();
  11   1          while (1)
  12   1          {
  13   2              /*add your codes*/
  14   2          }
  15   1          return 0;
  16   1      }
  17          
  18          void Timer0_Init()
  19          {
  20   1          TMOD |= 0x01; //定时器0设置为01方式（16位重装）
  21   1          TH0 = (65536 - 1000) / 256;
  22   1          TL0 = (65536 - 1000) % 256;
  23   1          TF0 = 0; //软清零
  24   1          EA = 1;  //中断总开关
  25   1          ET0 = 1; //允许定时器0中断
  26   1          PT0 = 0;
  27   1          TR0 = 1; //启动定时器0
  28   1      }
  29          
  30          void Timer1_Init()
  31          {
  32   1          TMOD |= 0x10; //定时器0设置为01方式（16位重装）
  33   1          TH1 = (65536 - 500) / 256;
  34   1          TL1 = (65536 - 500) % 256;
  35   1          TF1 = 0; //软清零
  36   1          EA = 1;  //中断总开关
  37   1          ET1 = 1; //允许定时器0中断
  38   1          PT1 = 0;
  39   1          TR1 = 1; //启动定时器0
  40   1      }
  41          
  42          void Timer0() interrupt 1
  43          {
  44   1          static int count = 0;
  45   1          TH0 = (65536 - 1000) / 256;
  46   1          TL0 = (65536 - 1000) % 256;
  47   1          count++;
  48   1          if (count >= 1000)
  49   1          {
  50   2              P20 = ~P20;
  51   2              count = 0;
  52   2          }
  53   1      }
  54          
C51 COMPILER V9.60.0.0   MAIN                                                              08/09/2021 21:40:47 PAGE 2   

  55          void Timer1() interrupt 3
  56          {
  57   1          static int count = 0;
  58   1          TH1 = (65536 - 500) / 256;
  59   1          TL1 = (65536 - 500) % 256;
  60   1          count++;
  61   1          if (count >= 1000)
  62   1          {
  63   2              P22 = ~P22;
  64   2              count = 0;
  65   2          }
  66   1      }
*** WARNING C294 IN LINE 15 OF main.c: unreachable code


MODULE INFORMATION:   STATIC OVERLAYABLE
   CODE SIZE        =    132    ----
   CONSTANT SIZE    =   ----    ----
   XDATA SIZE       =   ----    ----
   PDATA SIZE       =   ----    ----
   DATA SIZE        =      4    ----
   IDATA SIZE       =   ----    ----
   BIT SIZE         =   ----    ----
END OF MODULE INFORMATION.


C51 COMPILATION COMPLETE.  1 WARNING(S),  0 ERROR(S)
