C51 COMPILER V9.60.0.0   MAIN                                                              10/31/2021 15:33:23 PAGE 1   


C51 COMPILER V9.60.0.0, COMPILATION OF MODULE MAIN
OBJECT MODULE PLACED IN .\Objects\main.obj
COMPILER INVOKED BY: C:\Software\Keil_v5\C51\BIN\C51.EXE main.c OPTIMIZE(8,SPEED) BROWSE DEBUG OBJECTEXTEND PRINT(.\List
                    -ings\main.lst) OBJECT(.\Objects\main.obj)

line level    source

*** WARNING C500 IN LINE 1 OF main.c: LICENSE ERROR (R201(2): INVALID LICENSE ID CODE (LIC))

   1          #include <REGX52.H>
   2          
   3          void timer0_Init()
   4          {
   5   1              TMOD |= 0x01;
   6   1              TL0 = 0x18;
   7   1              TH0 = 0xFC;
   8   1              TR0 = 1;
   9   1              TF0 = 0;
  10   1      }
  11          
  12          void main()
  13          {
  14   1              timer0_Init();
  15   1              while(1)
  16   1              {
  17   2                      TL0 = 0x18;
  18   2                      TH0 = 0xFC;
  19   2                      while(TF0 == 0)
  20   2                              ;
  21   2                      TF0 = 0;
  22   2                      P1_0 = ~P1_0;
  23   2              }
  24   1      }


MODULE INFORMATION:   STATIC OVERLAYABLE
   CODE SIZE        =     32    ----
   CONSTANT SIZE    =   ----    ----
   XDATA SIZE       =   ----    ----
   PDATA SIZE       =   ----    ----
   DATA SIZE        =   ----    ----
   IDATA SIZE       =   ----    ----
   BIT SIZE         =   ----    ----
END OF MODULE INFORMATION.


C51 COMPILATION COMPLETE.  1 WARNING(S),  0 ERROR(S)
