C51 COMPILER V9.60.0.0   DELAY                                                             12/11/2021 12:15:03 PAGE 1   


C51 COMPILER V9.60.0.0, COMPILATION OF MODULE DELAY
OBJECT MODULE PLACED IN .\Objects\delay.obj
COMPILER INVOKED BY: C:\Software\Keil_v5\C51\BIN\C51.EXE delay.c OPTIMIZE(8,SPEED) BROWSE DEBUG OBJECTEXTEND PRINT(.\Lis
                    -tings\delay.lst) OBJECT(.\Objects\delay.obj)

line level    source

   1          #include <INTRINS.H>
   2          void Delayms(unsigned int xms) //@11.0592MHz
   3          {
   4   1          unsigned char i, j;
   5   1          while (xms--)
   6   1          {
   7   2              _nop_();
   8   2              i = 2;
   9   2              j = 199;
  10   2              do
  11   2              {
  12   3                  while (--j)
  13   3                      ;
  14   3              } while (--i);
  15   2          }
  16   1      }
  17          
  18          void Delayus(unsigned int xus) //@11.0592MHz
  19          {
  20   1          while (xus--)
  21   1          {
  22   2              _nop_();
  23   2          }
  24   1      }


MODULE INFORMATION:   STATIC OVERLAYABLE
   CODE SIZE        =     36    ----
   CONSTANT SIZE    =   ----    ----
   XDATA SIZE       =   ----    ----
   PDATA SIZE       =   ----    ----
   DATA SIZE        =   ----    ----
   IDATA SIZE       =   ----    ----
   BIT SIZE         =   ----    ----
END OF MODULE INFORMATION.


C51 COMPILATION COMPLETE.  0 WARNING(S),  0 ERROR(S)
