C51 COMPILER V9.60.0.0   MAIN                                                              12/11/2021 12:15:03 PAGE 1   


C51 COMPILER V9.60.0.0, COMPILATION OF MODULE MAIN
OBJECT MODULE PLACED IN .\Objects\main.obj
COMPILER INVOKED BY: C:\Software\Keil_v5\C51\BIN\C51.EXE main.c OPTIMIZE(8,SPEED) BROWSE DEBUG OBJECTEXTEND PRINT(.\List
                    -ings\main.lst) OBJECT(.\Objects\main.obj)

line level    source

   1          #include <STC89C5xRC.H>
   2          #include <INTRINS.H>
   3          
   4          #include "delay.h"
   5          #include "ADXL345.h"
   6          #include "oled.h"
   7          
   8          bit flag = 1;
   9          int count = 0;
  10          
  11          void conversion(uint temp_data)
  12          {
  13   1          wan = temp_data / 10000;
  14   1          temp_data = temp_data % 10000;
  15   1          qian = temp_data / 1000;
  16   1          temp_data = temp_data % 1000;
  17   1          bai = temp_data / 100;
  18   1          temp_data = temp_data % 100;
  19   1          shi = temp_data / 10;
  20   1          temp_data = temp_data % 10;
  21   1          ge = temp_data;
  22   1      }
  23          
  24          void Timer0_Init()
  25          {
  26   1          TMOD |= 0x01;
  27   1          TMOD &= 0xF1;
  28   1          TL0 = 64536 % 256;
  29   1          TH0 = 64536 / 256;
  30   1          EA = 1;
  31   1          ET0 = 1;
  32   1          TR0 = 0;
  33   1      }
  34          
  35          void Timer1_Init()
  36          {
  37   1          TMOD |= 0x10;
  38   1          TMOD &= 0x1F;
  39   1          TL1 = 64536 % 256;
  40   1          TH1 = 64536 / 256;
  41   1          EA = 1;
  42   1          ET1 = 1;
  43   1          TR1 = 0;
  44   1      }
  45          
  46          void Key_Init()
  47          {
  48   1          TCON |= 0x05;
  49   1          EX0 = 1;
  50   1          EX1 = 1;
  51   1      }
  52          
  53          void Dev_Init()
  54          {
C51 COMPILER V9.60.0.0   MAIN                                                              12/11/2021 12:15:03 PAGE 2   

  55   1          Timer0_Init();
  56   1              Timer1_Init();
  57   1          Key_Init();
  58   1          Init_ADXL345();
  59   1          OLED_Init();
  60   1          OLED_Clear();
  61   1      }
  62          
  63          void Timer0_Inter() interrupt 1
  64          {
  65   1          TL0 = 64536 % 256;
  66   1          TH0 = 64536 / 256;
  67   1          P04 = ~P04;
  68   1      }
  69          
  70          void Timer1_Inter() interrupt 3
  71          {
  72   1          TL1 = 64536 % 256;
  73   1          TH1 = 64536 / 256;
  74   1          count++;
  75   1              if(count == 2000)
  76   1              {
  77   2                      count = 0;
  78   2                      TR0 = 1;
  79   2                      TR1 = 0;
  80   2              }
  81   1      }
  82          
  83          void Key1_Inter() interrupt 0
  84          {
  85   1          TR0 = 0;
  86   1              count = 0;
  87   1      }
  88          
  89          void Key2_Inter() interrupt 2
  90          {
  91   1          if(flag == 1)
  92   1                      OLED_Display_Off();
  93   1              else
  94   1                      OLED_Display_On();
  95   1              flag = ~flag;
  96   1      }
  97          
  98          void Data_Deal(uchar sel)
  99          {
 100   1              float temp;
 101   1              dis_data = (BUF[sel + 1] << 8) + BUF[sel];
 102   1              if (dis_data < 0)
 103   1              {
 104   2                      dis_data = -dis_data;
 105   2              }
 106   1              temp = (float)dis_data * 3.9;
 107   1              
 108   1              if (sel == 4 && (((int)temp% 10000) < 300))
 109   1              {
 110   2                      TR1 = 1;
 111   2                      OLED_ShowString(0, 6, "Warning", 16);
 112   2              }
 113   1              else if (sel == 4 && (((int)temp% 10000) >= 300))
 114   1              {
 115   2                      OLED_ShowString(0, 6, "          ", 16);
 116   2                      TR1 = 0;
C51 COMPILER V9.60.0.0   MAIN                                                              12/11/2021 12:15:03 PAGE 3   

 117   2                      count = 0;
 118   2                      TR0 = 0;
 119   2              }
 120   1              conversion(temp);
 121   1      }
 122          
 123          int main()
 124          {
 125   1      
 126   1          Dev_Init();
 127   1              
 128   1              OLED_ShowString(0, 0, "Fall Detection", 16);
 129   1              OLED_ShowString(0, 2, "System", 16);
 130   1              OLED_ShowString(0, 4, "Start", 16);
 131   1              Delayms(500);
 132   1              OLED_Clear();
 133   1              
 134   1              OLED_ShowString(0, 0, "wait...", 16);
 135   1              Delayms(500);
 136   1              OLED_Clear();
 137   1              
 138   1              OLED_ShowString(0, 0, "fall detection", 16);
 139   1          OLED_ShowString(0, 2, "X:", 16);
 140   1          OLED_ShowString(64, 2, "Y:", 16);
 141   1          OLED_ShowString(0, 4, "Z:", 16);
 142   1      
 143   1              
 144   1          while (1)
 145   1          {
 146   2                      if (flag == 1)
 147   2                      {
 148   3                              Multiple_read_ADXL345();
 149   3                              
 150   3                              Data_Deal(0);
 151   3                              OLED_ShowNum(15, 2, qian, 1, 16);
 152   3                              OLED_ShowString(23, 2, ".", 16);
 153   3                              OLED_ShowNum(30, 2, bai, 1, 16);
 154   3                              OLED_ShowNum(40, 2, shi, 1, 16);
 155   3                              
 156   3                              Data_Deal(2);
 157   3                              OLED_ShowNum(80, 2, qian, 1, 16);
 158   3                              OLED_ShowString(88, 2, ".", 16);
 159   3                              OLED_ShowNum(95, 2, bai, 1, 16);
 160   3                              OLED_ShowNum(103, 2, shi, 1, 16);
 161   3                              
 162   3                              Data_Deal(4);
 163   3                              OLED_ShowNum(15, 4, qian, 1, 16);
 164   3                              OLED_ShowString(23, 4, ".", 16);
 165   3                              OLED_ShowNum(30, 4, bai, 1, 16);
 166   3                              OLED_ShowNum(40, 4, shi, 1, 16);
 167   3                      }
 168   2          }
 169   1      
 170   1          return 0;
 171   1      }
*** WARNING C294 IN LINE 170 OF main.c: unreachable code


MODULE INFORMATION:   STATIC OVERLAYABLE
   CODE SIZE        =    875    ----
   CONSTANT SIZE    =     81    ----
   XDATA SIZE       =   ----    ----
C51 COMPILER V9.60.0.0   MAIN                                                              12/11/2021 12:15:03 PAGE 4   

   PDATA SIZE       =   ----    ----
   DATA SIZE        =      2       5
   IDATA SIZE       =   ----    ----
   BIT SIZE         =      1    ----
END OF MODULE INFORMATION.


C51 COMPILATION COMPLETE.  1 WARNING(S),  0 ERROR(S)
