C51 COMPILER V9.60.0.0   MAIN                                                              08/09/2021 21:40:22 PAGE 1   


C51 COMPILER V9.60.0.0, COMPILATION OF MODULE MAIN
OBJECT MODULE PLACED IN .\Objects\main.obj
COMPILER INVOKED BY: C:\Software\Keil_v5\C51\BIN\C51.EXE main.c OPTIMIZE(8,SPEED) BROWSE DEBUG OBJECTEXTEND PRINT(.\List
                    -ings\main.lst) OBJECT(.\Objects\main.obj)

line level    source

   1          #include <STC89C5xRC.H>
   2          #include <INTRINS.H>
   3          #include "Delayms.h"
   4          #include "Nixie.h"
   5          
   6          int main()
   7          {
   8   1          while(1)
   9   1          {
  10   2              /*add your codes*/
  11   2                      Nixie(1,1);
  12   2                      //Delayms(5);
  13   2                      Nixie(2,2);
  14   2                      //Delayms(5);
  15   2                      Nixie(3,3);
  16   2                      //Delayms(5);
  17   2          }
  18   1          return 0;
  19   1      }
*** WARNING C294 IN LINE 18 OF main.c: unreachable code


MODULE INFORMATION:   STATIC OVERLAYABLE
   CODE SIZE        =     23    ----
   CONSTANT SIZE    =   ----    ----
   XDATA SIZE       =   ----    ----
   PDATA SIZE       =   ----    ----
   DATA SIZE        =   ----    ----
   IDATA SIZE       =   ----    ----
   BIT SIZE         =   ----    ----
END OF MODULE INFORMATION.


C51 COMPILATION COMPLETE.  1 WARNING(S),  0 ERROR(S)
