C51 COMPILER V9.60.0.0   MAIN                                                              08/12/2021 19:23:40 PAGE 1   


C51 COMPILER V9.60.0.0, COMPILATION OF MODULE MAIN
OBJECT MODULE PLACED IN .\Objects\main.obj
COMPILER INVOKED BY: C:\Software\Keil_v5\C51\BIN\C51.EXE main.c OPTIMIZE(8,SPEED) BROWSE DEBUG OBJECTEXTEND PRINT(.\List
                    -ings\main.lst) OBJECT(.\Objects\main.obj)

line level    source

   1          #include <STC89C5xRC.H>
   2          #include <INTRINS.H>
   3          #include "LCD1602.h"
   4          #include "Delayms.h"
   5          #include "XPT2046.h"
   6          /*
   7          #define XPT2046_VBAT_8          0xAC    //1010 1100
   8          #define XPT2046_AUX_8           0xEC    //1110 1100
   9          #define XPT2046_XP_8            0x9C    //1001 1100
  10          #define XPT2046_YP_8            0xDC    //1101 1100
  11          
  12          #define XPT2046_VBAT_12         0xA4    //1010 0100
  13          #define XPT2046_AUX_12          0xE4    //1110 0100
  14          #define XPT2046_XP_12           0x94    //1001 0100
  15          #define XPT2046_YP_12           0xD4    //1101 0100
  16          */
  17          
  18          int main()
  19          {
  20   1              LCD_Init();
  21   1              LCD_ShowString(1,1,"AIN0 AIN1 AIN2");
  22   1          while(1)
  23   1          {
  24   2              /*add your codes*/
  25   2                      LCD_ShowNum(2, 1, XPT2046_ReadAD(XPT2046_XP_8),4);
  26   2                      LCD_ShowNum(2, 6, XPT2046_ReadAD(XPT2046_YP_8),4);
  27   2                      LCD_ShowNum(2, 11, XPT2046_ReadAD(XPT2046_VBAT_8),4);
  28   2          }
  29   1          return 0;
  30   1      }
*** WARNING C294 IN LINE 29 OF main.c: unreachable code


MODULE INFORMATION:   STATIC OVERLAYABLE
   CODE SIZE        =     75    ----
   CONSTANT SIZE    =     15    ----
   XDATA SIZE       =   ----    ----
   PDATA SIZE       =   ----    ----
   DATA SIZE        =   ----    ----
   IDATA SIZE       =   ----    ----
   BIT SIZE         =   ----    ----
END OF MODULE INFORMATION.


C51 COMPILATION COMPLETE.  1 WARNING(S),  0 ERROR(S)
