C51 COMPILER V9.60.0.0   UART                                                              08/09/2021 21:41:01 PAGE 1   


C51 COMPILER V9.60.0.0, COMPILATION OF MODULE UART
OBJECT MODULE PLACED IN .\Objects\UART.obj
COMPILER INVOKED BY: C:\Software\Keil_v5\C51\BIN\C51.EXE UART.c OPTIMIZE(8,SPEED) BROWSE DEBUG OBJECTEXTEND PRINT(.\List
                    -ings\UART.lst) OBJECT(.\Objects\UART.obj)

line level    source

   1          #include <STC89C5xRC.H>
   2          
   3          void UART_Init()
   4          {
   5   1          SCON = 0x40;                //设置8位异步收发
   6   1          PCON = 0x80;                //SMOD = 1 波特率加倍
   7   1          TMOD &= 0x0F;               //清除定时器1设置
   8   1          TMOD |= 0x20;               //设置定时器1 8位自动重装
   9   1          TL1 = 0xF3;                 //设置值
  10   1          TH1 = 0xF3;                 //设置值
  11   1          //EA = 1;
  12   1          //ES = 1;
  13   1          ET1 = 0;                    //禁止定时器1中断
  14   1          TR1 = 1;                    //定时器1开始计数
  15   1      }
  16          
  17          void UART_SendByte(unsigned char byte)
  18          {
  19   1          SBUF = byte;                //数据发送给SBUF
  20   1          while(TI == 0);             //等待数据发送完成
  21   1          TI = 0;
  22   1      }


MODULE INFORMATION:   STATIC OVERLAYABLE
   CODE SIZE        =     31    ----
   CONSTANT SIZE    =   ----    ----
   XDATA SIZE       =   ----    ----
   PDATA SIZE       =   ----    ----
   DATA SIZE        =   ----    ----
   IDATA SIZE       =   ----    ----
   BIT SIZE         =   ----    ----
END OF MODULE INFORMATION.


C51 COMPILATION COMPLETE.  0 WARNING(S),  0 ERROR(S)
