C51 COMPILER V9.60.0.0   MAIN                                                              08/09/2021 21:39:16 PAGE 1   


C51 COMPILER V9.60.0.0, COMPILATION OF MODULE MAIN
OBJECT MODULE PLACED IN .\Objects\main.obj
COMPILER INVOKED BY: C:\Software\Keil_v5\C51\BIN\C51.EXE main.c OPTIMIZE(8,SPEED) BROWSE DEBUG OBJECTEXTEND PRINT(.\List
                    -ings\main.lst) OBJECT(.\Objects\main.obj)

line level    source

   1          #include <STC89C5xRC.H>
   2          #include <INTRINS.H>
   3          #include "Delayms.h"
   4          int main()
   5          {
   6   1              char i = 0xFE;
   7   1          while(1)
   8   1          {
   9   2              /*add your codes*/
  10   2                      P2 = i;
  11   2                      i = _cror_(i, 1);
  12   2                      Delayms(1000);
  13   2          }
  14   1          return 0;
  15   1      }
*** WARNING C294 IN LINE 14 OF main.c: unreachable code


MODULE INFORMATION:   STATIC OVERLAYABLE
   CODE SIZE        =     28    ----
   CONSTANT SIZE    =   ----    ----
   XDATA SIZE       =   ----    ----
   PDATA SIZE       =   ----    ----
   DATA SIZE        =   ----       1
   IDATA SIZE       =   ----    ----
   BIT SIZE         =   ----    ----
END OF MODULE INFORMATION.


C51 COMPILATION COMPLETE.  1 WARNING(S),  0 ERROR(S)
