C51 COMPILER V9.60.0.0   MAIN                                                              08/10/2021 11:46:36 PAGE 1   


C51 COMPILER V9.60.0.0, COMPILATION OF MODULE MAIN
OBJECT MODULE PLACED IN .\Objects\main.obj
COMPILER INVOKED BY: C:\Software\Keil_v5\C51\BIN\C51.EXE main.c OPTIMIZE(8,SPEED) BROWSE DEBUG OBJECTEXTEND PRINT(.\List
                    -ings\main.lst) OBJECT(.\Objects\main.obj)

line level    source

   1          #include <STC89C5xRC.H>
   2          #include <INTRINS.H>
   3          #include "Delayms.h"
   4          #include "LCD1602.h"
   5          #include "DS1302.h"
   6          int main()
   7          {
   8   1              LCD_Init();
   9   1              DS1302_Init();
  10   1              LCD_ShowString(1,1,"  -  -  ");
  11   1              LCD_ShowString(2,1,"  :  :  ");
  12   1              LCD_ShowString(2,12,"Wek");
  13   1              DS1302_SetTime();
  14   1              while(1)
  15   1              {
  16   2                      DS1302_ReadTime();
  17   2                      LCD_ShowNum(1, 1, DS1302_Time[0], 2);
  18   2                      LCD_ShowNum(1, 4, DS1302_Time[1], 2);
  19   2                      LCD_ShowNum(1, 7, DS1302_Time[2], 2);
  20   2                      LCD_ShowNum(2, 1, DS1302_Time[3], 2);
  21   2                      LCD_ShowNum(2, 4, DS1302_Time[4], 2);
  22   2                      LCD_ShowNum(2, 7, DS1302_Time[5], 2);
  23   2                      LCD_ShowNum(2, 15, DS1302_Time[6], 1);
  24   2              }
  25   1          return 0;
  26   1      }
*** WARNING C294 IN LINE 25 OF main.c: unreachable code


MODULE INFORMATION:   STATIC OVERLAYABLE
   CODE SIZE        =    172    ----
   CONSTANT SIZE    =     22    ----
   XDATA SIZE       =   ----    ----
   PDATA SIZE       =   ----    ----
   DATA SIZE        =   ----    ----
   IDATA SIZE       =   ----    ----
   BIT SIZE         =   ----    ----
END OF MODULE INFORMATION.


C51 COMPILATION COMPLETE.  1 WARNING(S),  0 ERROR(S)
