C51 COMPILER V9.60.0.0   MAIN                                                              08/09/2021 21:41:27 PAGE 1   


C51 COMPILER V9.60.0.0, COMPILATION OF MODULE MAIN
OBJECT MODULE PLACED IN .\Objects\main.obj
COMPILER INVOKED BY: C:\Software\Keil_v5\C51\BIN\C51.EXE main.c OPTIMIZE(8,SPEED) BROWSE DEBUG OBJECTEXTEND PRINT(.\List
                    -ings\main.lst) OBJECT(.\Objects\main.obj)

line level    source

   1          #include <STC89C5xRC.H>
   2          #include <INTRINS.H>
   3          sbit LED = P2 ^ 0;
   4          
   5          void Delay(unsigned int t)
   6          {
   7   1          while (t--)
   8   1              ;
   9   1      }
  10          
  11          void main()
  12          {
  13   1          char Time, i;
  14   1          while (1)
  15   1          {
  16   2              for (Time = 0; Time <= 100; Time++) //改变亮灭时间，由暗到亮
  17   2              {
  18   3                  for (i = 0; i < 20; i++) //计次延时
  19   3                  {
  20   4                      LED = 0;           //LED亮
  21   4                      Delay(Time);       //延时Time
  22   4                      LED = 1;           //LED灭
  23   4                      Delay(100 - Time); //延时100-Time
  24   4                  }
  25   3              }
  26   2      
  27   2              for (Time = 100; Time >= 0; Time--) //改变亮灭时间，由亮到暗
  28   2              {
  29   3                  for (i = 0; i < 20; i++) //计次延时
  30   3                  {
  31   4                      LED = 0;           //LED亮
  32   4                      Delay(Time);       //延时Time
  33   4                      LED = 1;           //LED灭
  34   4                      Delay(100 - Time); //延时100-Time
  35   4                  }
  36   3              }
  37   2          }
  38   1      }


MODULE INFORMATION:   STATIC OVERLAYABLE
   CODE SIZE        =    126    ----
   CONSTANT SIZE    =   ----    ----
   XDATA SIZE       =   ----    ----
   PDATA SIZE       =   ----    ----
   DATA SIZE        =   ----    ----
   IDATA SIZE       =   ----    ----
   BIT SIZE         =   ----    ----
END OF MODULE INFORMATION.


C51 COMPILATION COMPLETE.  0 WARNING(S),  0 ERROR(S)
