C51 COMPILER V9.60.0.0   DS1302                                                            08/10/2021 11:46:37 PAGE 1   


C51 COMPILER V9.60.0.0, COMPILATION OF MODULE DS1302
OBJECT MODULE PLACED IN .\Objects\DS1302.obj
COMPILER INVOKED BY: C:\Software\Keil_v5\C51\BIN\C51.EXE DS1302.c OPTIMIZE(8,SPEED) BROWSE DEBUG OBJECTEXTEND PRINT(.\Li
                    -stings\DS1302.lst) OBJECT(.\Objects\DS1302.obj)

line level    source

   1          #include <STC89C5xRC.H>
   2          
   3          sbit DS1302_SCLK = P3^6;
   4          sbit DS1302_CE = P3^5;
   5          sbit DS1302_IO = P3^4;
   6          
   7          //寄存器写入地址/指令定义
   8          #define DS1302_SECOND           0x80
   9          #define DS1302_MINUTE           0x82
  10          #define DS1302_HOUR                     0x84
  11          #define DS1302_DATE                     0x86
  12          #define DS1302_MONTH            0x88
  13          #define DS1302_DAY                      0x8A
  14          #define DS1302_YEAR                     0x8C
  15          #define DS1302_WP                       0x8E
  16          
  17          //时间数组，索引0~6分别为年、月、日、时、分、秒、星期
  18          char DS1302_Time[]= {21, 8, 10, 11, 46, 50, 2};
  19          
  20          void DS1302_Init()
  21          {
  22   1          DS1302_CE = 0;
  23   1          DS1302_SCLK = 0;
  24   1          DS1302_IO = 0;
  25   1      }
  26          
  27          void DS1302_WriteByte(unsigned char Command, unsigned char Data)
  28          {
  29   1          unsigned char i;
  30   1          DS1302_CE = 1;
  31   1          for (i = 0; i<8; i++)
  32   1          {
  33   2              DS1302_IO = Command & (0x01<<i);
  34   2              DS1302_SCLK = 1;
  35   2              DS1302_SCLK = 0;
  36   2          }
  37   1          for (i = 0; i<8; i++)
  38   1          {
  39   2              DS1302_IO = Data & (0x01<<i);
  40   2              DS1302_SCLK = 1;
  41   2              DS1302_SCLK = 0;
  42   2          }
  43   1          DS1302_CE = 0;
  44   1          DS1302_IO = 0;
  45   1          DS1302_SCLK = 0;
  46   1      }
  47          
  48          unsigned char DS1302_ReadByte(unsigned char Command)
  49          {
  50   1          unsigned char i, Data = 0x00;
  51   1          Command |= 0x01;
  52   1          DS1302_CE = 1;
  53   1          for (i = 0; i<8; i++)
  54   1          {
C51 COMPILER V9.60.0.0   DS1302                                                            08/10/2021 11:46:37 PAGE 2   

  55   2              DS1302_IO = Command & (0x01<<i);
  56   2              DS1302_SCLK = 0;
  57   2              DS1302_SCLK = 1;
  58   2          }
  59   1          for (i = 0; i<8; i++)
  60   1          {
  61   2              DS1302_SCLK = 1;
  62   2              DS1302_SCLK = 0;
  63   2              if(DS1302_IO == 1)
  64   2              {
  65   3                  Data |= (0x01<<i);
  66   3              }
  67   2          }
  68   1          DS1302_CE = 0;
  69   1          DS1302_IO = 0;
  70   1          DS1302_SCLK = 0;
  71   1          return Data;
  72   1      }
  73          
  74          void DS1302_SetTime()
  75          {
  76   1              DS1302_WriteByte( DS1302_WP, 0x00 );
  77   1          DS1302_WriteByte( DS1302_YEAR,   (DS1302_Time[0]/10)*16 + DS1302_Time[0]%10 );
  78   1          DS1302_WriteByte( DS1302_MONTH,  (DS1302_Time[1]/10)*16 + DS1302_Time[1]%10 );
  79   1          DS1302_WriteByte( DS1302_DATE,   (DS1302_Time[2]/10)*16 + DS1302_Time[2]%10 );
  80   1          DS1302_WriteByte( DS1302_HOUR,   (DS1302_Time[3]/10)*16 + DS1302_Time[3]%10 );
  81   1          DS1302_WriteByte( DS1302_MINUTE, (DS1302_Time[4]/10)*16 + DS1302_Time[4]%10 );
  82   1          DS1302_WriteByte( DS1302_SECOND, (DS1302_Time[5]/10)*16 + DS1302_Time[5]%10 );
  83   1          DS1302_WriteByte( DS1302_DAY,    (DS1302_Time[6]/10)*16 + DS1302_Time[6]%10 );
  84   1              DS1302_WriteByte( DS1302_WP, 0x80 );
  85   1      }
  86          
  87          void DS1302_ReadTime()
  88          {
  89   1          unsigned char temp;
  90   1              
  91   1          temp = DS1302_ReadByte( DS1302_YEAR );
  92   1          DS1302_Time[0] = temp/16*10 + temp%16;
  93   1              
  94   1          temp = DS1302_ReadByte( DS1302_MONTH );
  95   1          DS1302_Time[1] = temp/16*10 + temp%16;
  96   1              
  97   1          temp = DS1302_ReadByte( DS1302_DATE );
  98   1          DS1302_Time[2] = temp/16*10 + temp%16;
  99   1              
 100   1          temp = DS1302_ReadByte( DS1302_HOUR );
 101   1          DS1302_Time[3] = temp/16*10 + temp%16;
 102   1              
 103   1          temp = DS1302_ReadByte( DS1302_MINUTE );
 104   1          DS1302_Time[4] = temp/16*10 + temp%16;
 105   1              
 106   1          temp = DS1302_ReadByte( DS1302_SECOND );
 107   1          DS1302_Time[5] = temp/16*10 + temp%16;
 108   1              
 109   1          temp = DS1302_ReadByte( DS1302_DAY );
 110   1          DS1302_Time[6] = temp/16*10 + temp%16;
 111   1      }


MODULE INFORMATION:   STATIC OVERLAYABLE
   CODE SIZE        =    573    ----
   CONSTANT SIZE    =   ----    ----
C51 COMPILER V9.60.0.0   DS1302                                                            08/10/2021 11:46:37 PAGE 3   

   XDATA SIZE       =   ----    ----
   PDATA SIZE       =   ----    ----
   DATA SIZE        =      7    ----
   IDATA SIZE       =   ----    ----
   BIT SIZE         =   ----    ----
END OF MODULE INFORMATION.


C51 COMPILATION COMPLETE.  0 WARNING(S),  0 ERROR(S)
