C51 COMPILER V9.60.0.0   MAIN                                                              08/07/2021 17:42:50 PAGE 1   


C51 COMPILER V9.60.0.0, COMPILATION OF MODULE MAIN
OBJECT MODULE PLACED IN .\build\Target 1\main.o
COMPILER INVOKED BY: C:\Software\Keil_v5\C51\BIN\C51.exe .\MAIN.C PRINT(.\build\Target 1\main.lst) OMF2 TABS(4) CODE NOC
                    -OND SYMBOLS OPTIMIZE(8,SPEED) SMALL ROM(LARGE) INCDIR(C:\Software\Keil_v5\C51\INC\STC;c:\Software\Keil_v5\C51\INC\Atmel;
                    -C:\Software\Keil_v5\C51\INC) DEFINE(__UVISION_VERSION=526) OBJECT(.\build\Target 1\main.o)

line level    source

   1          #include <STC89C5xRC.H>
   2          #include <INTRINS.H>
   3          
   4          void Timer0_Init();
   5          void Timer1_Init();
   6          
   7          int main()
   8          {
   9   1          Timer0_Init();
  10   1          Timer1_Init();
  11   1          while (1)
  12   1          {
  13   2              /*add your codes*/
  14   2          }
  15   1          return 0;
  16   1      }
  17          
  18          void Timer0_Init()
  19          {
  20   1          TMOD |= 0x01; //定时器0设置为01方式（16位重装）
  21   1          TH0 = (65536 - 1000) / 256;
  22   1          TL0 = (65536 - 1000) % 256;
  23   1          TF0 = 0; //软清零
  24   1          EA = 1;  //中断总开关
  25   1          ET0 = 1; //允许定时器0中断
  26   1          PT0 = 0;
  27   1          TR0 = 1; //启动定时器0
  28   1      }
  29          
  30          void Timer1_Init()
  31          {
  32   1          TMOD |= 0x10; //定时器0设置为01方式（16位重装）
  33   1          TH1 = (65536 - 500) / 256;
  34   1          TL1 = (65536 - 500) % 256;
  35   1          TF1 = 0; //软清零
  36   1          EA = 1;  //中断总开关
  37   1          ET1 = 1; //允许定时器0中断
  38   1          PT1 = 0;
  39   1          TR1 = 1; //启动定时器0
  40   1      }
  41          
  42          void Timer0() interrupt 1
  43          {
  44   1          static int count = 0;
  45   1          TH0 = (65536 - 1000) / 256;
  46   1          TL0 = (65536 - 1000) % 256;
  47   1          count++;
  48   1          if (count >= 1000)
  49   1          {
  50   2              P20 = ~P20;
  51   2              count = 0;
  52   2          }
  53   1      }
C51 COMPILER V9.60.0.0   MAIN                                                              08/07/2021 17:42:50 PAGE 2   

  54          
  55          void Timer1() interrupt 3
  56          {
  57   1          static int count = 0;
  58   1          TH1 = (65536 - 500) / 256;
  59   1          TL1 = (65536 - 500) % 256;
  60   1          count++;
  61   1          if (count >= 1000)
  62   1          {
  63   2              P22 = ~P22;
  64   2              count = 0;
  65   2          }
  66   1      }
*** WARNING C294 IN LINE 15 OF .\MAIN.C: unreachable code
C51 COMPILER V9.60.0.0   MAIN                                                              08/07/2021 17:42:50 PAGE 3   

ASSEMBLY LISTING OF GENERATED OBJECT CODE


             ; FUNCTION main (BEGIN)
                                           ; SOURCE LINE # 7
                                           ; SOURCE LINE # 8
                                           ; SOURCE LINE # 9
0000 120000      R     LCALL   Timer0_Init
                                           ; SOURCE LINE # 10
0003 120000      R     LCALL   Timer1_Init
0006         ?C0001:
                                           ; SOURCE LINE # 11
                                           ; SOURCE LINE # 12
                                           ; SOURCE LINE # 14
0006 80FE              SJMP    ?C0001
             ; FUNCTION main (END)

             ; FUNCTION Timer0_Init (BEGIN)
                                           ; SOURCE LINE # 18
                                           ; SOURCE LINE # 19
                                           ; SOURCE LINE # 20
0000 438901            ORL     TMOD,#01H
                                           ; SOURCE LINE # 21
0003 758CFC            MOV     TH0,#0FCH
                                           ; SOURCE LINE # 22
0006 758A18            MOV     TL0,#018H
                                           ; SOURCE LINE # 23
0009 C28D              CLR     TF0
                                           ; SOURCE LINE # 24
000B D2AF              SETB    EA
                                           ; SOURCE LINE # 25
000D D2A9              SETB    ET0
                                           ; SOURCE LINE # 26
000F C2B9              CLR     PT0
                                           ; SOURCE LINE # 27
0011 D28C              SETB    TR0
                                           ; SOURCE LINE # 28
0013 22                RET     
             ; FUNCTION Timer0_Init (END)

             ; FUNCTION Timer1_Init (BEGIN)
                                           ; SOURCE LINE # 30
                                           ; SOURCE LINE # 31
                                           ; SOURCE LINE # 32
0000 438910            ORL     TMOD,#010H
                                           ; SOURCE LINE # 33
0003 758DFE            MOV     TH1,#0FEH
                                           ; SOURCE LINE # 34
0006 758B0C            MOV     TL1,#0CH
                                           ; SOURCE LINE # 35
0009 C28F              CLR     TF1
                                           ; SOURCE LINE # 36
000B D2AF              SETB    EA
                                           ; SOURCE LINE # 37
000D D2AB              SETB    ET1
                                           ; SOURCE LINE # 38
000F C2BB              CLR     PT1
                                           ; SOURCE LINE # 39
0011 D28E              SETB    TR1
                                           ; SOURCE LINE # 40
0013 22                RET     
             ; FUNCTION Timer1_Init (END)
C51 COMPILER V9.60.0.0   MAIN                                                              08/07/2021 17:42:50 PAGE 4   


             ; FUNCTION Timer0 (BEGIN)
0000 C0E0              PUSH    ACC
0002 C0D0              PUSH    PSW
                                           ; SOURCE LINE # 42
                                           ; SOURCE LINE # 45
0004 758CFC            MOV     TH0,#0FCH
                                           ; SOURCE LINE # 46
0007 758A18            MOV     TL0,#018H
                                           ; SOURCE LINE # 47
000A 0500        R     INC     count+01H
000C E500        R     MOV     A,count+01H
000E 7002              JNZ     ?C0010
0010 0500        R     INC     count
0012         ?C0010:
                                           ; SOURCE LINE # 48
0012 C3                CLR     C
0013 94E8              SUBB    A,#0E8H
0015 E500        R     MOV     A,count
0017 6480              XRL     A,#080H
0019 9483              SUBB    A,#083H
001B 4008              JC      ?C0007
                                           ; SOURCE LINE # 49
                                           ; SOURCE LINE # 50
001D B2A0              CPL     P20
                                           ; SOURCE LINE # 51
001F 750000      R     MOV     count,#00H
0022 750000      R     MOV     count+01H,#00H
                                           ; SOURCE LINE # 52
                                           ; SOURCE LINE # 53
0025         ?C0007:
0025 D0D0              POP     PSW
0027 D0E0              POP     ACC
0029 32                RETI    
             ; FUNCTION Timer0 (END)

             ; FUNCTION Timer1 (BEGIN)
0000 C0E0              PUSH    ACC
0002 C0D0              PUSH    PSW
                                           ; SOURCE LINE # 55
                                           ; SOURCE LINE # 58
0004 758DFE            MOV     TH1,#0FEH
                                           ; SOURCE LINE # 59
0007 758B0C            MOV     TL1,#0CH
                                           ; SOURCE LINE # 60
000A 0500        R     INC     count+01H
000C E500        R     MOV     A,count+01H
000E 7002              JNZ     ?C0011
0010 0500        R     INC     count
0012         ?C0011:
                                           ; SOURCE LINE # 61
0012 C3                CLR     C
0013 94E8              SUBB    A,#0E8H
0015 E500        R     MOV     A,count
0017 6480              XRL     A,#080H
0019 9483              SUBB    A,#083H
001B 4008              JC      ?C0009
                                           ; SOURCE LINE # 62
                                           ; SOURCE LINE # 63
001D B2A2              CPL     P22
                                           ; SOURCE LINE # 64
001F 750000      R     MOV     count,#00H
C51 COMPILER V9.60.0.0   MAIN                                                              08/07/2021 17:42:50 PAGE 5   

0022 750000      R     MOV     count+01H,#00H
                                           ; SOURCE LINE # 65
                                           ; SOURCE LINE # 66
0025         ?C0009:
0025 D0D0              POP     PSW
0027 D0E0              POP     ACC
0029 32                RETI    
             ; FUNCTION Timer1 (END)

C51 COMPILER V9.60.0.0   MAIN                                                              08/07/2021 17:42:50 PAGE 6   

NAME                                    CLASS   MSPACE  TYPE    OFFSET  SIZE
====                                    =====   ======  ====    ======  ====


P0 . . . . . . . . . . . . . . . . . .  SFR      DATA   U_CHAR   0080H  1
P1 . . . . . . . . . . . . . . . . . .  SFR      DATA   U_CHAR   0090H  1
P2 . . . . . . . . . . . . . . . . . .  SFR      DATA   U_CHAR   00A0H  1
P3 . . . . . . . . . . . . . . . . . .  SFR      DATA   U_CHAR   00B0H  1
XICON. . . . . . . . . . . . . . . . .  SFR      DATA   U_CHAR   00C0H  1
T0 . . . . . . . . . . . . . . . . . .  ABSBIT   -----  BIT      00B4H  1
AC . . . . . . . . . . . . . . . . . .  ABSBIT   -----  BIT      00D6H  1
P4 . . . . . . . . . . . . . . . . . .  SFR      DATA   U_CHAR   00E8H  1
T1 . . . . . . . . . . . . . . . . . .  ABSBIT   -----  BIT      00B5H  1
ISP_TRIG . . . . . . . . . . . . . . .  SFR      DATA   U_CHAR   00E6H  1
T2 . . . . . . . . . . . . . . . . . .  ABSBIT   -----  BIT      0090H  1
EA . . . . . . . . . . . . . . . . . .  ABSBIT   -----  BIT      00AFH  1
EC . . . . . . . . . . . . . . . . . .  ABSBIT   -----  BIT      00AEH  1
FE . . . . . . . . . . . . . . . . . .  ABSBIT   -----  BIT      009FH  1
IE . . . . . . . . . . . . . . . . . .  SFR      DATA   U_CHAR   00A8H  1
EXF2 . . . . . . . . . . . . . . . . .  ABSBIT   -----  BIT      00CEH  1
RD . . . . . . . . . . . . . . . . . .  ABSBIT   -----  BIT      00B7H  1
ES . . . . . . . . . . . . . . . . . .  ABSBIT   -----  BIT      00ACH  1
IP . . . . . . . . . . . . . . . . . .  SFR      DATA   U_CHAR   00B8H  1
RI . . . . . . . . . . . . . . . . . .  ABSBIT   -----  BIT      0098H  1
INT0 . . . . . . . . . . . . . . . . .  ABSBIT   -----  BIT      00B2H  1
CY . . . . . . . . . . . . . . . . . .  ABSBIT   -----  BIT      00D7H  1
TI . . . . . . . . . . . . . . . . . .  ABSBIT   -----  BIT      0099H  1
INT1 . . . . . . . . . . . . . . . . .  ABSBIT   -----  BIT      00B3H  1
RCAP2H . . . . . . . . . . . . . . . .  SFR      DATA   U_CHAR   00CBH  1
ISP_CMD. . . . . . . . . . . . . . . .  SFR      DATA   U_CHAR   00E5H  1
PS . . . . . . . . . . . . . . . . . .  ABSBIT   -----  BIT      00BCH  1
SP . . . . . . . . . . . . . . . . . .  SFR      DATA   U_CHAR   0081H  1
T2EX . . . . . . . . . . . . . . . . .  ABSBIT   -----  BIT      0091H  1
OV . . . . . . . . . . . . . . . . . .  ABSBIT   -----  BIT      00D2H  1
RCAP2L . . . . . . . . . . . . . . . .  SFR      DATA   U_CHAR   00CAH  1
main . . . . . . . . . . . . . . . . .  PUBLIC   CODE   PROC     0000H  -----
C_T2 . . . . . . . . . . . . . . . . .  ABSBIT   -----  BIT      00C9H  1
WR . . . . . . . . . . . . . . . . . .  ABSBIT   -----  BIT      00B6H  1
Timer0_Init. . . . . . . . . . . . . .  PUBLIC   CODE   PROC     0000H  -----
Timer1_Init. . . . . . . . . . . . . .  PUBLIC   CODE   PROC     0000H  -----
RCLK . . . . . . . . . . . . . . . . .  ABSBIT   -----  BIT      00CDH  1
TCLK . . . . . . . . . . . . . . . . .  ABSBIT   -----  BIT      00CCH  1
P00. . . . . . . . . . . . . . . . . .  ABSBIT   -----  BIT      0080H  1
SBUF . . . . . . . . . . . . . . . . .  SFR      DATA   U_CHAR   0099H  1
PCON . . . . . . . . . . . . . . . . .  SFR      DATA   U_CHAR   0087H  1
P10. . . . . . . . . . . . . . . . . .  ABSBIT   -----  BIT      0090H  1
P01. . . . . . . . . . . . . . . . . .  ABSBIT   -----  BIT      0081H  1
P20. . . . . . . . . . . . . . . . . .  ABSBIT   -----  BIT      00A0H  1
P11. . . . . . . . . . . . . . . . . .  ABSBIT   -----  BIT      0091H  1
P02. . . . . . . . . . . . . . . . . .  ABSBIT   -----  BIT      0082H  1
ISP_ADDRH. . . . . . . . . . . . . . .  SFR      DATA   U_CHAR   00E3H  1
P30. . . . . . . . . . . . . . . . . .  ABSBIT   -----  BIT      00B0H  1
P21. . . . . . . . . . . . . . . . . .  ABSBIT   -----  BIT      00A1H  1
P12. . . . . . . . . . . . . . . . . .  ABSBIT   -----  BIT      0092H  1
P03. . . . . . . . . . . . . . . . . .  ABSBIT   -----  BIT      0083H  1
Timer0 . . . . . . . . . . . . . . . .  PUBLIC   CODE   PROC     0000H  -----
  count. . . . . . . . . . . . . . . .  STATIC   DATA   INT      0000H  2
SCON . . . . . . . . . . . . . . . . .  SFR      DATA   U_CHAR   0098H  1
P31. . . . . . . . . . . . . . . . . .  ABSBIT   -----  BIT      00B1H  1
P22. . . . . . . . . . . . . . . . . .  ABSBIT   -----  BIT      00A2H  1
P13. . . . . . . . . . . . . . . . . .  ABSBIT   -----  BIT      0093H  1
C51 COMPILER V9.60.0.0   MAIN                                                              08/07/2021 17:42:50 PAGE 7   

NAME                                    CLASS   MSPACE  TYPE    OFFSET  SIZE
====                                    =====   ======  ====    ======  ====


P04. . . . . . . . . . . . . . . . . .  ABSBIT   -----  BIT      0084H  1
P40. . . . . . . . . . . . . . . . . .  ABSBIT   -----  BIT      00E8H  1
Timer1 . . . . . . . . . . . . . . . .  PUBLIC   CODE   PROC     0000H  -----
  count. . . . . . . . . . . . . . . .  STATIC   DATA   INT      0002H  2
TMOD . . . . . . . . . . . . . . . . .  SFR      DATA   U_CHAR   0089H  1
TCON . . . . . . . . . . . . . . . . .  SFR      DATA   U_CHAR   0088H  1
P32. . . . . . . . . . . . . . . . . .  ABSBIT   -----  BIT      00B2H  1
P23. . . . . . . . . . . . . . . . . .  ABSBIT   -----  BIT      00A3H  1
P14. . . . . . . . . . . . . . . . . .  ABSBIT   -----  BIT      0094H  1
P05. . . . . . . . . . . . . . . . . .  ABSBIT   -----  BIT      0085H  1
P41. . . . . . . . . . . . . . . . . .  ABSBIT   -----  BIT      00E9H  1
P33. . . . . . . . . . . . . . . . . .  ABSBIT   -----  BIT      00B3H  1
P24. . . . . . . . . . . . . . . . . .  ABSBIT   -----  BIT      00A4H  1
P15. . . . . . . . . . . . . . . . . .  ABSBIT   -----  BIT      0095H  1
P06. . . . . . . . . . . . . . . . . .  ABSBIT   -----  BIT      0086H  1
ISP_ADDRL. . . . . . . . . . . . . . .  SFR      DATA   U_CHAR   00E4H  1
P42. . . . . . . . . . . . . . . . . .  ABSBIT   -----  BIT      00EAH  1
P34. . . . . . . . . . . . . . . . . .  ABSBIT   -----  BIT      00B4H  1
P25. . . . . . . . . . . . . . . . . .  ABSBIT   -----  BIT      00A5H  1
P16. . . . . . . . . . . . . . . . . .  ABSBIT   -----  BIT      0096H  1
P07. . . . . . . . . . . . . . . . . .  ABSBIT   -----  BIT      0087H  1
P43. . . . . . . . . . . . . . . . . .  ABSBIT   -----  BIT      00EBH  1
P35. . . . . . . . . . . . . . . . . .  ABSBIT   -----  BIT      00B5H  1
P26. . . . . . . . . . . . . . . . . .  ABSBIT   -----  BIT      00A6H  1
P17. . . . . . . . . . . . . . . . . .  ABSBIT   -----  BIT      0097H  1
P44. . . . . . . . . . . . . . . . . .  ABSBIT   -----  BIT      00ECH  1
P36. . . . . . . . . . . . . . . . . .  ABSBIT   -----  BIT      00B6H  1
P27. . . . . . . . . . . . . . . . . .  ABSBIT   -----  BIT      00A7H  1
P45. . . . . . . . . . . . . . . . . .  ABSBIT   -----  BIT      00EDH  1
P37. . . . . . . . . . . . . . . . . .  ABSBIT   -----  BIT      00B7H  1
P46. . . . . . . . . . . . . . . . . .  ABSBIT   -----  BIT      00EEH  1
IE0. . . . . . . . . . . . . . . . . .  ABSBIT   -----  BIT      0089H  1
IE1. . . . . . . . . . . . . . . . . .  ABSBIT   -----  BIT      008BH  1
AUXR . . . . . . . . . . . . . . . . .  SFR      DATA   U_CHAR   008EH  1
B. . . . . . . . . . . . . . . . . . .  SFR      DATA   U_CHAR   00F0H  1
CP_RL2 . . . . . . . . . . . . . . . .  ABSBIT   -----  BIT      00C8H  1
ACC. . . . . . . . . . . . . . . . . .  SFR      DATA   U_CHAR   00E0H  1
ET0. . . . . . . . . . . . . . . . . .  ABSBIT   -----  BIT      00A9H  1
ET1. . . . . . . . . . . . . . . . . .  ABSBIT   -----  BIT      00ABH  1
TF0. . . . . . . . . . . . . . . . . .  ABSBIT   -----  BIT      008DH  1
ET2. . . . . . . . . . . . . . . . . .  ABSBIT   -----  BIT      00ADH  1
TF1. . . . . . . . . . . . . . . . . .  ABSBIT   -----  BIT      008FH  1
TF2. . . . . . . . . . . . . . . . . .  ABSBIT   -----  BIT      00CFH  1
RB8. . . . . . . . . . . . . . . . . .  ABSBIT   -----  BIT      009AH  1
TH0. . . . . . . . . . . . . . . . . .  SFR      DATA   U_CHAR   008CH  1
EX0. . . . . . . . . . . . . . . . . .  ABSBIT   -----  BIT      00A8H  1
IT0. . . . . . . . . . . . . . . . . .  ABSBIT   -----  BIT      0088H  1
TH1. . . . . . . . . . . . . . . . . .  SFR      DATA   U_CHAR   008DH  1
TB8. . . . . . . . . . . . . . . . . .  ABSBIT   -----  BIT      009BH  1
EX1. . . . . . . . . . . . . . . . . .  ABSBIT   -----  BIT      00AAH  1
IT1. . . . . . . . . . . . . . . . . .  ABSBIT   -----  BIT      008AH  1
TH2. . . . . . . . . . . . . . . . . .  SFR      DATA   U_CHAR   00CDH  1
P. . . . . . . . . . . . . . . . . . .  ABSBIT   -----  BIT      00D0H  1
SM0. . . . . . . . . . . . . . . . . .  ABSBIT   -----  BIT      009FH  1
TL0. . . . . . . . . . . . . . . . . .  SFR      DATA   U_CHAR   008AH  1
SM1. . . . . . . . . . . . . . . . . .  ABSBIT   -----  BIT      009EH  1
TL1. . . . . . . . . . . . . . . . . .  SFR      DATA   U_CHAR   008BH  1
C51 COMPILER V9.60.0.0   MAIN                                                              08/07/2021 17:42:50 PAGE 8   

NAME                                    CLASS   MSPACE  TYPE    OFFSET  SIZE
====                                    =====   ======  ====    ======  ====


SM2. . . . . . . . . . . . . . . . . .  ABSBIT   -----  BIT      009DH  1
TL2. . . . . . . . . . . . . . . . . .  SFR      DATA   U_CHAR   00CCH  1
PT0. . . . . . . . . . . . . . . . . .  ABSBIT   -----  BIT      00B9H  1
PT1. . . . . . . . . . . . . . . . . .  ABSBIT   -----  BIT      00BBH  1
RS0. . . . . . . . . . . . . . . . . .  ABSBIT   -----  BIT      00D3H  1
ISP_CONTR. . . . . . . . . . . . . . .  SFR      DATA   U_CHAR   00E7H  1
PT2. . . . . . . . . . . . . . . . . .  ABSBIT   -----  BIT      00BDH  1
TR0. . . . . . . . . . . . . . . . . .  ABSBIT   -----  BIT      008CH  1
RS1. . . . . . . . . . . . . . . . . .  ABSBIT   -----  BIT      00D4H  1
TR1. . . . . . . . . . . . . . . . . .  ABSBIT   -----  BIT      008EH  1
TR2. . . . . . . . . . . . . . . . . .  ABSBIT   -----  BIT      00CAH  1
PX0. . . . . . . . . . . . . . . . . .  ABSBIT   -----  BIT      00B8H  1
WDT_CONTR. . . . . . . . . . . . . . .  SFR      DATA   U_CHAR   00E1H  1
PX1. . . . . . . . . . . . . . . . . .  ABSBIT   -----  BIT      00BAH  1
DPH. . . . . . . . . . . . . . . . . .  SFR      DATA   U_CHAR   0083H  1
DPL. . . . . . . . . . . . . . . . . .  SFR      DATA   U_CHAR   0082H  1
IPH. . . . . . . . . . . . . . . . . .  SFR      DATA   U_CHAR   00B7H  1
EXEN2. . . . . . . . . . . . . . . . .  ABSBIT   -----  BIT      00CBH  1
REN. . . . . . . . . . . . . . . . . .  ABSBIT   -----  BIT      009CH  1
T2MOD. . . . . . . . . . . . . . . . .  SFR      DATA   U_CHAR   00C9H  1
T2CON. . . . . . . . . . . . . . . . .  SFR      DATA   U_CHAR   00C8H  1
ISP_DATA . . . . . . . . . . . . . . .  SFR      DATA   U_CHAR   00E2H  1
SADEN. . . . . . . . . . . . . . . . .  SFR      DATA   U_CHAR   00B9H  1
RXD. . . . . . . . . . . . . . . . . .  ABSBIT   -----  BIT      00B0H  1
SADDR. . . . . . . . . . . . . . . . .  SFR      DATA   U_CHAR   00A9H  1
TXD. . . . . . . . . . . . . . . . . .  ABSBIT   -----  BIT      00B1H  1
AUXR1. . . . . . . . . . . . . . . . .  SFR      DATA   U_CHAR   00A2H  1
F0 . . . . . . . . . . . . . . . . . .  ABSBIT   -----  BIT      00D5H  1
F1 . . . . . . . . . . . . . . . . . .  ABSBIT   -----  BIT      00D1H  1
PSW. . . . . . . . . . . . . . . . . .  SFR      DATA   U_CHAR   00D0H  1


MODULE INFORMATION:   STATIC OVERLAYABLE
   CODE SIZE        =    138    ----
   CONSTANT SIZE    =   ----    ----
   XDATA SIZE       =   ----    ----
   PDATA SIZE       =   ----    ----
   DATA SIZE        =      4    ----
   IDATA SIZE       =   ----    ----
   BIT SIZE         =   ----    ----
   EDATA SIZE       =   ----    ----
   HDATA SIZE       =   ----    ----
   XDATA CONST SIZE =   ----    ----
   FAR CONST SIZE   =   ----    ----
END OF MODULE INFORMATION.


C51 COMPILATION COMPLETE.  1 WARNING(S),  0 ERROR(S)
