C51 COMPILER V9.60.0.0   AT24C02                                                           08/11/2021 22:14:59 PAGE 1   


C51 COMPILER V9.60.0.0, COMPILATION OF MODULE AT24C02
OBJECT MODULE PLACED IN .\Objects\AT24C02.obj
COMPILER INVOKED BY: C:\Software\Keil_v5\C51\BIN\C51.EXE AT24C02.c OPTIMIZE(8,SPEED) BROWSE DEBUG OBJECTEXTEND PRINT(.\L
                    -istings\AT24C02.lst) OBJECT(.\Objects\AT24C02.obj)

line level    source

   1          #include <STC89C5xRC.H>
   2          #include "I2C.h"
   3          
   4          #define AT24C02_ADDRESS         0xA0
   5          
   6          void AT24C02_WriteByte(unsigned char WORDADDRESS, unsigned char Data)
   7          {
   8   1              I2C_Start();
   9   1              I2C_SendByte(AT24C02_ADDRESS);
  10   1              I2C_RecvAns();
  11   1              I2C_SendByte(WORDADDRESS);
  12   1              I2C_RecvAns();
  13   1              I2C_SendByte(Data);
  14   1              I2C_RecvAns();
  15   1              I2C_Stop();
  16   1      }
  17          
  18          unsigned char AT24C02_ReadByte(unsigned char WORDADDRESS)
  19          {
  20   1              unsigned char Data = 0x00;
  21   1              I2C_Start();
  22   1              I2C_SendByte(AT24C02_ADDRESS);
  23   1              I2C_RecvAns();
  24   1              I2C_SendByte(WORDADDRESS);
  25   1              I2C_RecvAns();
  26   1              I2C_Start();
  27   1              I2C_SendByte(AT24C02_ADDRESS|0x01);
  28   1              I2C_RecvAns();
  29   1              Data = I2C_RecvByte();
  30   1              I2C_SendAns(1);
  31   1              I2C_Stop();
  32   1              return Data;
  33   1      }


MODULE INFORMATION:   STATIC OVERLAYABLE
   CODE SIZE        =     85    ----
   CONSTANT SIZE    =   ----    ----
   XDATA SIZE       =   ----    ----
   PDATA SIZE       =   ----    ----
   DATA SIZE        =   ----       4
   IDATA SIZE       =   ----    ----
   BIT SIZE         =   ----    ----
END OF MODULE INFORMATION.


C51 COMPILATION COMPLETE.  0 WARNING(S),  0 ERROR(S)
