C51 COMPILER V9.60.0.0   DELAYMS                                                           08/11/2021 22:14:59 PAGE 1   


C51 COMPILER V9.60.0.0, COMPILATION OF MODULE DELAYMS
OBJECT MODULE PLACED IN .\Objects\Delayms.obj
COMPILER INVOKED BY: C:\Software\Keil_v5\C51\BIN\C51.EXE Delayms.c OPTIMIZE(8,SPEED) BROWSE DEBUG OBJECTEXTEND PRINT(.\L
                    -istings\Delayms.lst) OBJECT(.\Objects\Delayms.obj)

line level    source

   1          
   2          void Delayms(unsigned int xms) //@12.000MHz
   3          {
   4   1          unsigned char i, j;
   5   1          while (xms--)
   6   1          {
   7   2              i = 2;
   8   2              j = 239;
   9   2              do
  10   2              {
  11   3                  while (--j)
  12   3                      ;
  13   3              } while (--i);
  14   2          }
  15   1      }


MODULE INFORMATION:   STATIC OVERLAYABLE
   CODE SIZE        =     21    ----
   CONSTANT SIZE    =   ----    ----
   XDATA SIZE       =   ----    ----
   PDATA SIZE       =   ----    ----
   DATA SIZE        =   ----    ----
   IDATA SIZE       =   ----    ----
   BIT SIZE         =   ----    ----
END OF MODULE INFORMATION.


C51 COMPILATION COMPLETE.  0 WARNING(S),  0 ERROR(S)
