C51 COMPILER V9.60.0.0   KEY                                                               08/11/2021 22:14:59 PAGE 1   


C51 COMPILER V9.60.0.0, COMPILATION OF MODULE KEY
OBJECT MODULE PLACED IN .\Objects\Key.obj
COMPILER INVOKED BY: C:\Software\Keil_v5\C51\BIN\C51.EXE Key.c OPTIMIZE(8,SPEED) BROWSE DEBUG OBJECTEXTEND PRINT(.\Listi
                    -ngs\Key.lst) OBJECT(.\Objects\Key.obj)

line level    source

   1          #include <STC89C5xRC.H>
   2          #include "Delayms.h"
   3          
   4          unsigned char Key()
   5          {
   6   1          unsigned char KeyNumber = 0;
   7   1      
   8   1          if(P31 == 0)
   9   1          {
  10   2              Delayms(20);
  11   2              while(P31 == 0)
  12   2                  ;
  13   2              Delayms(20);
  14   2              KeyNumber = 1;
  15   2          }
  16   1      
  17   1          if(P30 == 0)
  18   1          {
  19   2              Delayms(20);
  20   2              while(P30 == 0)
  21   2                  ;
  22   2              Delayms(20);
  23   2              KeyNumber = 2;
  24   2          }
  25   1      
  26   1          if(P32 == 0)
  27   1          {
  28   2              Delayms(20);
  29   2              while(P32 == 0)
  30   2                  ;
  31   2              Delayms(20);
  32   2              KeyNumber = 3;
  33   2          }
  34   1      
  35   1          if(P33 == 0)
  36   1          {
  37   2              Delayms(20);
  38   2              while(P33 == 0)
  39   2                  ;
  40   2              Delayms(20);
  41   2              KeyNumber = 4;
  42   2          }
  43   1      
  44   1          return KeyNumber;
  45   1      }


MODULE INFORMATION:   STATIC OVERLAYABLE
   CODE SIZE        =     97    ----
   CONSTANT SIZE    =   ----    ----
   XDATA SIZE       =   ----    ----
   PDATA SIZE       =   ----    ----
   DATA SIZE        =   ----       1
   IDATA SIZE       =   ----    ----
C51 COMPILER V9.60.0.0   KEY                                                               08/11/2021 22:14:59 PAGE 2   

   BIT SIZE         =   ----    ----
END OF MODULE INFORMATION.


C51 COMPILATION COMPLETE.  0 WARNING(S),  0 ERROR(S)
