C51 COMPILER V9.60.0.0   MAIN                                                              08/11/2021 22:14:58 PAGE 1   


C51 COMPILER V9.60.0.0, COMPILATION OF MODULE MAIN
OBJECT MODULE PLACED IN .\Objects\main.obj
COMPILER INVOKED BY: C:\Software\Keil_v5\C51\BIN\C51.EXE main.c OPTIMIZE(8,SPEED) BROWSE DEBUG OBJECTEXTEND PRINT(.\List
                    -ings\main.lst) OBJECT(.\Objects\main.obj)

line level    source

   1          #include <STC89C5xRC.H>
   2          #include <INTRINS.H>
   3          #include "LCD1602.h"
   4          #include "Key.h"
   5          #include "Delayms.h"
   6          #include "AT24C02.h"
   7          
   8          int main()
   9          {
  10   1              char i = 1;
  11   1          LCD_Init();
  12   1              AT24C02_WriteByte(1, 89);
  13   1              Delayms(5);
  14   1              i = AT24C02_ReadByte(1);
  15   1          while(1)
  16   1          {
  17   2              /*add your codes*/
  18   2                      LCD_ShowNum(1,1,i,2);
  19   2          }
  20   1          return 0;
  21   1      }
*** WARNING C294 IN LINE 20 OF main.c: unreachable code


MODULE INFORMATION:   STATIC OVERLAYABLE
   CODE SIZE        =     46    ----
   CONSTANT SIZE    =   ----    ----
   XDATA SIZE       =   ----    ----
   PDATA SIZE       =   ----    ----
   DATA SIZE        =   ----       1
   IDATA SIZE       =   ----    ----
   BIT SIZE         =   ----    ----
END OF MODULE INFORMATION.


C51 COMPILATION COMPLETE.  1 WARNING(S),  0 ERROR(S)
