C51 COMPILER V9.60.0.0   MAIN                                                              07/05/2021 17:46:41 PAGE 1   


C51 COMPILER V9.60.0.0, COMPILATION OF MODULE MAIN
OBJECT MODULE PLACED IN .\Objects\main.obj
COMPILER INVOKED BY: C:\Software\Keil_v5\C51\BIN\C51.EXE main.c OPTIMIZE(8,SPEED) BROWSE DEBUG OBJECTEXTEND PRINT(.\List
                    -ings\main.lst) OBJECT(.\Objects\main.obj)

line level    source

   1          #include <STC89C5xRC.H>
   2          
   3          //#include <REGX52.H>
   4          #include <INTRINS.H>
   5          
   6          unsigned char LED = 0;
   7          
   8          void Delay(unsigned int xms)
   9          {
  10   1          unsigned char i, j;
  11   1          while (xms--)
  12   1          {
  13   2              i = 2;
  14   2              j = 239;
  15   2              do
  16   2              {
  17   3                  while (--j);
  18   3              }
  19   2              while (--i);
  20   2          }
  21   1      }
  22          
  23          void main()
  24          {
  25   1          int temp = 0x01;
  26   1          P2 = 0xfe;
  27   1          while(1)
  28   1          {
  29   2              if(P33 == 0)
  30   2              {
  31   3                  Delay(20);
  32   3                  while(P33 == 0);
  33   3                  Delay(20);
  34   3                  ++LED;
  35   3                  if (LED >= 8)
  36   3                  {
  37   4                      LED = 0;
  38   4                  }
  39   3                  P2 = ~(temp<<LED);
  40   3              }
  41   2              if(P31 == 0)
  42   2              {
  43   3                  Delay(20);
  44   3                  while(P31 == 0);
  45   3                  Delay(20);
  46   3                  if (LED <= 0)
  47   3                  {
  48   4                      LED = 8;
  49   4                  }
  50   3                  --LED;
  51   3                  P2 = ~(temp<<LED);
  52   3              }
  53   2      
  54   2          }
C51 COMPILER V9.60.0.0   MAIN                                                              07/05/2021 17:46:41 PAGE 2   

  55   1      }
  56          


MODULE INFORMATION:   STATIC OVERLAYABLE
   CODE SIZE        =    124    ----
   CONSTANT SIZE    =   ----    ----
   XDATA SIZE       =   ----    ----
   PDATA SIZE       =   ----    ----
   DATA SIZE        =      1    ----
   IDATA SIZE       =   ----    ----
   BIT SIZE         =   ----    ----
END OF MODULE INFORMATION.


C51 COMPILATION COMPLETE.  0 WARNING(S),  0 ERROR(S)
