C51 COMPILER V9.60.0.0   MAIN                                                              08/09/2021 21:41:40 PAGE 1   


C51 COMPILER V9.60.0.0, COMPILATION OF MODULE MAIN
OBJECT MODULE PLACED IN .\Objects\main.obj
COMPILER INVOKED BY: C:\Software\Keil_v5\C51\BIN\C51.EXE main.c OPTIMIZE(8,SPEED) BROWSE DEBUG OBJECTEXTEND PRINT(.\List
                    -ings\main.lst) OBJECT(.\Objects\main.obj)

line level    source

   1          #include <STC89C5xRC.H>
   2          #include <INTRINS.H>
   3          #include "Delayms.h"
   4          #include "Nixie.h"
   5          
   6          void Timer0_Init(void)
   7          {
   8   1          TMOD &= 0xF0;               //设置定时器模式
   9   1          TMOD |= 0x01;               //设置定时器模式
  10   1          TL0 = 0x9C;         //设置定时初值
  11   1          TH0 = 0xFF;         //设置定时初值
  12   1          TF0 = 0;            //清除TF0标志
  13   1          TR0 = 1;            //定时器0开始计时
  14   1          ET0=1;
  15   1          EA=1;
  16   1          PT0=0;
  17   1      }
  18          unsigned char compare, i = 0;
  19          int main()
  20          {
  21   1          Timer0_Init();
  22   1          while(1)
  23   1          {
  24   2              /*add your codes*/
  25   2              if (P33 == 0)
  26   2              {
  27   3                  Delayms(20);
  28   3                  while(P33 == 0);
  29   3                  Delayms(20);
  30   3                  i++;
  31   3              }
  32   2              switch (i)
  33   2              {
  34   3              case 0:
  35   3                  compare = 5;
  36   3                  Nixie(1, 0);
  37   3                  break;
  38   3              case 1:
  39   3                  compare = 50;
  40   3                  Nixie(1, 1);
  41   3                  break;
  42   3              case 2:
  43   3                  compare = 75;
  44   3                  Nixie(1, 2);
  45   3                  break;
  46   3              case 3:
  47   3                  compare = 99;
  48   3                  Nixie(1, 3);
  49   3                  break;
  50   3              default:
  51   3                  i = 0;
  52   3                  break;
  53   3              }
  54   2          }
C51 COMPILER V9.60.0.0   MAIN                                                              08/09/2021 21:41:40 PAGE 2   

  55   1          return 0;
  56   1      }
  57          
  58          void Timer0_Routine() interrupt 1
  59          {
  60   1          static unsigned int T0Count;
  61   1          TL0 = 0x9C;         //设置定时初值
  62   1          TH0 = 0xFF;         //设置定时初值
  63   1          T0Count++;
  64   1              T0Count %= 100;
  65   1              if(T0Count < compare)
  66   1                      P20 = 0xff;
  67   1              else
  68   1                      P20 = 0x00;
  69   1      }
*** WARNING C294 IN LINE 55 OF main.c: unreachable code


MODULE INFORMATION:   STATIC OVERLAYABLE
   CODE SIZE        =    182    ----
   CONSTANT SIZE    =   ----    ----
   XDATA SIZE       =   ----    ----
   PDATA SIZE       =   ----    ----
   DATA SIZE        =      4    ----
   IDATA SIZE       =   ----    ----
   BIT SIZE         =   ----    ----
END OF MODULE INFORMATION.


C51 COMPILATION COMPLETE.  1 WARNING(S),  0 ERROR(S)
