C51 COMPILER V9.60.0.0   MAIN                                                              10/31/2021 18:59:06 PAGE 1   


C51 COMPILER V9.60.0.0, COMPILATION OF MODULE MAIN
OBJECT MODULE PLACED IN .\Objects\main.obj
COMPILER INVOKED BY: C:\Software\Keil_v5\C51\BIN\C51.EXE main.c OPTIMIZE(8,SPEED) BROWSE DEBUG OBJECTEXTEND PRINT(.\List
                    -ings\main.lst) OBJECT(.\Objects\main.obj)

line level    source

*** WARNING C500 IN LINE 1 OF main.c: LICENSE ERROR (R201(2): INVALID LICENSE ID CODE (LIC))

   1          #include <REGX52.H>
   2          
   3          unsigned char send[2] = {0x01, 0x02};
   4          unsigned char count = 0;
   5          unsigned char temp;
   6          
   7          void UART_A_Init()
   8          {
   9   1          TMOD = 0x20;
  10   1          TL1 = 0xF3;
  11   1          TH1 = 0xF3;
  12   1          PCON = 0x00;
  13   1          SCON = 0x50;
  14   1          TR1 = 1;
  15   1          EA = 1;
  16   1          ES = 1;
  17   1              TI = 0;
  18   1              RI = 0;
  19   1      }
  20          
  21          /*
  22          
  23          甲机程序
  24          void UART_Inter() interrupt 4
  25          {
  26              if (TI == 1)
  27              {
  28                  TI = 0;
  29                  if ( count == 0)
  30                  {
  31                      count++;
  32                      SBUF = send[count];
  33                  }
  34              }
  35              if (RI == 1)
  36              {
  37                  temp = SBUF;
  38                  P1 = temp;
  39                  RI = 0;
  40              }
  41          }
  42          
  43          
  44          
  45          void main()
  46          {
  47              UART_A_Init();
  48              SBUF = send[count];
  49              while(1);
  50          }
  51          */
  52          
  53          
C51 COMPILER V9.60.0.0   MAIN                                                              10/31/2021 18:59:06 PAGE 2   

  54          void UART_Inter() interrupt 4
  55          {
  56   1          if (TI == 1)
  57   1          {
  58   2              TI = 0;
  59   2          }
  60   1          if (RI == 1)
  61   1          {
  62   2              temp = SBUF;
  63   2                      //SBUF = temp;
  64   2                      
  65   2              if(temp == 0x01)
  66   2                              SBUF = 0xF1;
  67   2                      if(temp == 0x02)
  68   2                              SBUF = 0xF2;
  69   2                      P1 = ~0X01;
  70   2              RI = 0;
  71   2          }
  72   1      }
  73          
  74          
  75          void main()
  76          {
  77   1          UART_A_Init();
  78   1          while(1);
  79   1      }


MODULE INFORMATION:   STATIC OVERLAYABLE
   CODE SIZE        =     88    ----
   CONSTANT SIZE    =   ----    ----
   XDATA SIZE       =   ----    ----
   PDATA SIZE       =   ----    ----
   DATA SIZE        =      4    ----
   IDATA SIZE       =   ----    ----
   BIT SIZE         =   ----    ----
END OF MODULE INFORMATION.


C51 COMPILATION COMPLETE.  1 WARNING(S),  0 ERROR(S)
