C51 COMPILER V9.60.0.0   DELAYMS                                                           08/07/2021 11:31:48 PAGE 1   


C51 COMPILER V9.60.0.0, COMPILATION OF MODULE DELAYMS
OBJECT MODULE PLACED IN .\build\Target 1\Delayms.o
COMPILER INVOKED BY: C:\Software\Keil_v5\C51\BIN\C51.exe .\DELAYMS.C PRINT(.\build\Target 1\Delayms.lst) OMF2 TABS(4) CO
                    -DE NOCOND SYMBOLS OPTIMIZE(8,SPEED) SMALL ROM(LARGE) INCDIR(C:\Software\Keil_v5\C51\INC\STC;c:\Software\Keil_v5\C51\INC\
                    -Atmel;C:\Software\Keil_v5\C51\INC) DEFINE(__UVISION_VERSION=526) OBJECT(.\build\Target 1\Delayms.o)

line level    source

   1          
   2          void Delayms(unsigned int xms) //@12.000MHz
   3          {
   4   1          unsigned char i, j;
   5   1          while (xms--)
   6   1          {
   7   2              i = 2;
   8   2              j = 239;
   9   2              do
  10   2              {
  11   3                  while (--j)
  12   3                      ;
  13   3              } while (--i);
  14   2          }
  15   1      }
C51 COMPILER V9.60.0.0   DELAYMS                                                           08/07/2021 11:31:48 PAGE 2   

ASSEMBLY LISTING OF GENERATED OBJECT CODE


             ; FUNCTION _Delayms (BEGIN)
                                           ; SOURCE LINE # 2
;---- Variable 'xms' assigned to Register 'R6/R7' ----
                                           ; SOURCE LINE # 3
0000         ?C0001:
                                           ; SOURCE LINE # 5
0000 EF                MOV     A,R7
0001 1F                DEC     R7
0002 AC06              MOV     R4,AR6
0004 7001              JNZ     ?C0009
0006 1E                DEC     R6
0007         ?C0009:
0007 4C                ORL     A,R4
0008 600A              JZ      ?C0008
                                           ; SOURCE LINE # 6
                                           ; SOURCE LINE # 7
;---- Variable 'i' assigned to Register 'R5' ----
000A 7D02              MOV     R5,#02H
                                           ; SOURCE LINE # 8
;---- Variable 'j' assigned to Register 'R4' ----
000C 7CEF              MOV     R4,#0EFH
                                           ; SOURCE LINE # 10
000E         ?C0006:
                                           ; SOURCE LINE # 11
000E DCFE              DJNZ    R4,?C0006
                                           ; SOURCE LINE # 13
0010 DDFC              DJNZ    R5,?C0006
                                           ; SOURCE LINE # 14
0012 80EC              SJMP    ?C0001
                                           ; SOURCE LINE # 15
0014         ?C0008:
0014 22                RET     
             ; FUNCTION _Delayms (END)

C51 COMPILER V9.60.0.0   DELAYMS                                                           08/07/2021 11:31:48 PAGE 3   

NAME                                    CLASS   MSPACE  TYPE    OFFSET  SIZE
====                                    =====   ======  ====    ======  ====


_Delayms . . . . . . . . . . . . . . .  PUBLIC   CODE   PROC     0000H  -----
  xms. . . . . . . . . . . . . . . . .  * REG *  DATA   U_INT    0006H  2
  i. . . . . . . . . . . . . . . . . .  * REG *  DATA   U_CHAR   0005H  1
  j. . . . . . . . . . . . . . . . . .  * REG *  DATA   U_CHAR   0004H  1


MODULE INFORMATION:   STATIC OVERLAYABLE
   CODE SIZE        =     21    ----
   CONSTANT SIZE    =   ----    ----
   XDATA SIZE       =   ----    ----
   PDATA SIZE       =   ----    ----
   DATA SIZE        =   ----    ----
   IDATA SIZE       =   ----    ----
   BIT SIZE         =   ----    ----
   EDATA SIZE       =   ----    ----
   HDATA SIZE       =   ----    ----
   XDATA CONST SIZE =   ----    ----
   FAR CONST SIZE   =   ----    ----
END OF MODULE INFORMATION.


C51 COMPILATION COMPLETE.  0 WARNING(S),  0 ERROR(S)
