C51 COMPILER V9.60.0.0   LCD1602                                                           11/21/2021 20:18:36 PAGE 1   


C51 COMPILER V9.60.0.0, COMPILATION OF MODULE LCD1602
OBJECT MODULE PLACED IN .\build\Target 1\LCD1602.o
COMPILER INVOKED BY: C:\Software\Keil_v5\C51\BIN\C51.exe .\LCD1602.C PRINT(.\build\Target 1\LCD1602.lst) OMF2 TABS(4) CO
                    -DE NOCOND SYMBOLS OPTIMIZE(8,SPEED) SMALL ROM(LARGE) INCDIR(.\..\..\..\Software\Keil_v5\C51\INC\STC;.\..\..\..\Software\
                    -Keil_v5\C51\INC\Atmel;C:\Software\Keil_v5\C51\INC) DEFINE(__UVISION_VERSION=526) OBJECT(.\build\Target 1\LCD1602.o)

line level    source

   1          #include <STC89C5xRC.H>
*** WARNING C318 IN LINE 1 OF .\LCD1602.C: can't open file 'STC89C5xRC.H'
   2          
   3          //引脚配置：
   4          sbit LCD_RS=P2^6;
*** ERROR C202 IN LINE 4 OF .\LCD1602.C: 'P2': undefined identifier
   5          sbit LCD_RW=P2^5;
*** ERROR C202 IN LINE 5 OF .\LCD1602.C: 'P2': undefined identifier
   6          sbit LCD_EN=P2^7;
*** ERROR C202 IN LINE 6 OF .\LCD1602.C: 'P2': undefined identifier
   7          #define LCD_DataPort P0
   8          
   9          
  10          //函数定义：
  11          /*
  12           * @brief  LCD1602延时函数，12MHz调用可延时1ms
  13           * @param  无
  14           * @retval 无
  15           */
  16          void LCD_Delay()
  17          {
  18   1          unsigned char i, j;
  19   1      
  20   1          i = 2;
  21   1          j = 239;
  22   1          do
  23   1          {
  24   2              while (--j);
  25   2          } while (--i);
  26   1      }
  27          
  28          
  29          /*
  30           * @brief  LCD1602写命令
  31           * @param  Command 要写入的命令
  32           * @retval 无
  33           */
  34          void LCD_WriteCommand(unsigned char Command)
  35          {
  36   1          LCD_RS=0;
*** ERROR C202 IN LINE 36 OF .\LCD1602.C: 'LCD_RS': undefined identifier
  37   1          LCD_RW=0;
*** ERROR C202 IN LINE 37 OF .\LCD1602.C: 'LCD_RW': undefined identifier
  38   1          LCD_DataPort=Command;
*** ERROR C202 IN LINE 38 OF .\LCD1602.C: 'P0': undefined identifier
  39   1          LCD_EN=1;
*** ERROR C202 IN LINE 39 OF .\LCD1602.C: 'LCD_EN': undefined identifier
  40   1          LCD_Delay();
  41   1          LCD_EN=0;
*** ERROR C202 IN LINE 41 OF .\LCD1602.C: 'LCD_EN': undefined identifier
  42   1          LCD_Delay();
  43   1      }
  44          
C51 COMPILER V9.60.0.0   LCD1602                                                           11/21/2021 20:18:36 PAGE 2   

  45          
  46          /*
  47           * @brief  LCD1602写数据
  48           * @param  Data 要写入的数据
  49           * @retval 无
  50           */
  51          void LCD_WriteData(unsigned char Data)
  52          {
  53   1          LCD_RS=1;
*** ERROR C202 IN LINE 53 OF .\LCD1602.C: 'LCD_RS': undefined identifier
  54   1          LCD_RW=0;
*** ERROR C202 IN LINE 54 OF .\LCD1602.C: 'LCD_RW': undefined identifier
  55   1          LCD_DataPort=Data;
*** ERROR C202 IN LINE 55 OF .\LCD1602.C: 'P0': undefined identifier
  56   1          LCD_EN=1;
*** ERROR C202 IN LINE 56 OF .\LCD1602.C: 'LCD_EN': undefined identifier
  57   1          LCD_Delay();
  58   1          LCD_EN=0;
*** ERROR C202 IN LINE 58 OF .\LCD1602.C: 'LCD_EN': undefined identifier
  59   1          LCD_Delay();
  60   1      }
  61          
  62          
  63          /*
  64           * @brief  LCD1602设置光标位置
  65           * @param  Line 行位置，范围：1~2
  66           * @param  Column 列位置，范围：1~16
  67           * @retval 无
  68           */
  69          void LCD_SetCursor(unsigned char Line,unsigned char Column)
  70          {
  71   1          if(Line==1)
  72   1          {
  73   2              LCD_WriteCommand(0x80|(Column-1));
  74   2          }
  75   1          else if(Line==2)
  76   1          {
  77   2              LCD_WriteCommand(0x80|(Column-1+0x40));
  78   2          }
  79   1      }
  80          
  81          
  82          /*
  83           * @brief  LCD1602初始化函数
  84           * @param  无
  85           * @retval 无
  86           */
  87          void LCD_Init()
  88          {
  89   1          LCD_WriteCommand(0x38);//八位数据接口，两行显示，5*7点阵
  90   1          LCD_WriteCommand(0x0c);//显示开，光标关，闪烁关
  91   1          LCD_WriteCommand(0x06);//数据读写操作后，光标自动加一，画面不动
  92   1          LCD_WriteCommand(0x01);//光标复位，清屏
  93   1      }
  94          
  95          
  96          /*
  97           * @brief  在LCD1602指定位置上显示一个字符
  98           * @param  Line 行位置，范围：1~2
  99           * @param  Column 列位置，范围：1~16
 100           * @param  Char 要显示的字符
 101           * @retval 无
C51 COMPILER V9.60.0.0   LCD1602                                                           11/21/2021 20:18:36 PAGE 3   

 102           */
 103          void LCD_ShowChar(unsigned char Line,unsigned char Column,char Char)
 104          {
 105   1          LCD_SetCursor(Line,Column);
 106   1          LCD_WriteData(Char);
 107   1      }
 108          
 109          
 110          /*
 111           * @brief  在LCD1602指定位置开始显示所给字符串
 112           * @param  Line 起始行位置，范围：1~2
 113           * @param  Column 起始列位置，范围：1~16
 114           * @param  String 要显示的字符串
 115           * @retval 无
 116           */
 117          void LCD_ShowString(unsigned char Line,unsigned char Column,char *String)
 118          {
 119   1          unsigned char i;
 120   1          LCD_SetCursor(Line,Column);
 121   1          for(i=0;String[i]!='\0';i++)
 122   1          {
 123   2              LCD_WriteData(String[i]);
 124   2          }
 125   1      }
 126          
 127          
 128          /*
 129           * @brief  返回值=X的Y次方
 130           */
 131          int LCD_Pow(int X,int Y)
 132          {
 133   1          unsigned char i;
 134   1          int Result=1;
 135   1          for(i=0;i<Y;i++)
 136   1          {
 137   2              Result*=X;
 138   2          }
 139   1          return Result;
 140   1      }
 141          
 142          
 143          /*
 144           * @brief  在LCD1602指定位置开始显示所给数字
 145           * @param  Line 起始行位置，范围：1~2
 146           * @param  Column 起始列位置，范围：1~16
 147           * @param  Number 要显示的数字，范围：0~65535
 148           * @param  Length 要显示数字的长度，范围：1~5
 149           * @retval 无
 150           */
 151          void LCD_ShowNum(unsigned char Line,unsigned char Column,unsigned int Number,unsigned char Length)
 152          {
 153   1          unsigned char i;
 154   1          LCD_SetCursor(Line,Column);
 155   1          for(i=Length;i>0;i--)
 156   1          {
 157   2              LCD_WriteData(Number/LCD_Pow(10,i-1)%10+'0');
 158   2          }
 159   1      }
 160          
 161          
 162          /*
 163           * @brief  在LCD1602指定位置开始以有符号十进制显示所给数字
C51 COMPILER V9.60.0.0   LCD1602                                                           11/21/2021 20:18:36 PAGE 4   

 164           * @param  Line 起始行位置，范围：1~2
 165           * @param  Column 起始列位置，范围：1~16
 166           * @param  Number 要显示的数字，范围：-32768~32767
 167           * @param  Length 要显示数字的长度，范围：1~5
 168           * @retval 无
 169           */
 170          void LCD_ShowSignedNum(unsigned char Line,unsigned char Column,int Number,unsigned char Length)
 171          {
 172   1          unsigned char i;
 173   1          unsigned int Number1;
 174   1          LCD_SetCursor(Line,Column);
 175   1          if(Number>=0)
 176   1          {
 177   2              LCD_WriteData('+');
 178   2              Number1=Number;
 179   2          }
 180   1          else
 181   1          {
 182   2              LCD_WriteData('-');
 183   2              Number1=-Number;
 184   2          }
 185   1          for(i=Length;i>0;i--)
 186   1          {
 187   2              LCD_WriteData(Number1/LCD_Pow(10,i-1)%10+'0');
 188   2          }
 189   1      }
 190          
 191          
 192          /*
 193           * @brief  在LCD1602指定位置开始以十六进制显示所给数字
 194           * @param  Line 起始行位置，范围：1~2
 195           * @param  Column 起始列位置，范围：1~16
 196           * @param  Number 要显示的数字，范围：0~0xFFFF
 197           * @param  Length 要显示数字的长度，范围：1~4
 198           * @retval 无
 199           */
 200          void LCD_ShowHexNum(unsigned char Line,unsigned char Column,unsigned int Number,unsigned char Length)
 201          {
 202   1          unsigned char i,SingleNumber;
 203   1          LCD_SetCursor(Line,Column);
 204   1          for(i=Length;i>0;i--)
 205   1          {
 206   2              SingleNumber=Number/LCD_Pow(16,i-1)%16;
 207   2              if(SingleNumber<10)
 208   2              {
 209   3                  LCD_WriteData(SingleNumber+'0');
 210   3              }
 211   2              else
 212   2              {
 213   3                  LCD_WriteData(SingleNumber-10+'A');
 214   3              }
 215   2          }
 216   1      }
 217          
 218          
 219          /*
 220           * @brief  在LCD1602指定位置开始以二进制显示所给数字
 221           * @param  Line 起始行位置，范围：1~2
 222           * @param  Column 起始列位置，范围：1~16
 223           * @param  Number 要显示的数字，范围：0~1111 1111 1111 1111
 224           * @param  Length 要显示数字的长度，范围：1~16
 225           * @retval 无
C51 COMPILER V9.60.0.0   LCD1602                                                           11/21/2021 20:18:36 PAGE 5   

 226           */
 227          void LCD_ShowBinNum(unsigned char Line,unsigned char Column,unsigned int Number,unsigned char Length)
 228          {
 229   1          unsigned char i;
 230   1          LCD_SetCursor(Line,Column);
 231   1          for(i=Length;i>0;i--)
 232   1          {
 233   2              LCD_WriteData(Number/LCD_Pow(2,i-1)%2+'0');
 234   2          }
 235   1      }

C51 COMPILATION COMPLETE.  1 WARNING(S),  13 ERROR(S)
